-- Install configuration: ""
-- Up-to-date: /home/spaget/manipal/warehouse/src/ros2slam/install/my_robot_description/share/my_robot_description//urdf
-- Installing: /home/spaget/manipal/warehouse/src/ros2slam/install/my_robot_description/share/my_robot_description//urdf/mobile_base_gazebo.xacro
-- Up-to-date: /home/spaget/manipal/warehouse/src/ros2slam/install/my_robot_description/share/my_robot_description//urdf/mobile_base.xacro
-- Up-to-date: /home/spaget/manipal/warehouse/src/ros2slam/install/my_robot_description/share/my_robot_description//urdf/robot_controller.yaml
-- Up-to-date: /home/spaget/manipal/warehouse/src/ros2slam/install/my_robot_description/share/my_robot_description//urdf/my_robot.urdf.xacro
-- Up-to-date: /home/spaget/manipal/warehouse/src/ros2slam/install/my_robot_description/share/my_robot_description//urdf/my_wheeled_robot.urdf.xacro
-- Up-to-date: /home/spaget/manipal/warehouse/src/ros2slam/install/my_robot_description/share/my_robot_description//urdf/common_properties.urdf.xacro
-- Up-to-date: /home/spaget/manipal/warehouse/src/ros2slam/install/my_robot_description/share/my_robot_description//urdf/mobile_base_gazebo copy.xacro
-- Up-to-date: /home/spaget/manipal/warehouse/src/ros2slam/install/my_robot_description/share/my_robot_description//urdf/my_robot_ros_control.xacro
-- Up-to-date: /home/spaget/manipal/warehouse/src/ros2slam/install/my_robot_description/share/my_robot_description//launch
-- Up-to-date: /home/spaget/manipal/warehouse/src/ros2slam/install/my_robot_description/share/my_robot_description//launch/display.launch.xml
-- Up-to-date: /home/spaget/manipal/warehouse/src/ros2slam/install/my_robot_description/share/my_robot_description//launch/display.launch.py
-- Installing: /home/spaget/manipal/warehouse/src/ros2slam/install/my_robot_description/share/my_robot_description//launch/gazebo.launch.py
-- Up-to-date: /home/spaget/manipal/warehouse/src/ros2slam/install/my_robot_description/share/my_robot_description//models
-- Up-to-date: /home/spaget/manipal/warehouse/src/ros2slam/install/my_robot_description/share/my_robot_description//models/ground_plane
-- Up-to-date: /home/spaget/manipal/warehouse/src/ros2slam/install/my_robot_description/share/my_robot_description//models/ground_plane/model-1_2.sdf
-- Up-to-date: /home/spaget/manipal/warehouse/src/ros2slam/install/my_robot_description/share/my_robot_description//models/ground_plane/model.sdf
-- Up-to-date: /home/spaget/manipal/warehouse/src/ros2slam/install/my_robot_description/share/my_robot_description//models/ground_plane/model.config
-- Up-to-date: /home/spaget/manipal/warehouse/src/ros2slam/install/my_robot_description/share/my_robot_description//models/ground_plane/model-1_3.sdf
-- Up-to-date: /home/spaget/manipal/warehouse/src/ros2slam/install/my_robot_description/share/my_robot_description//models/ground_plane/model-1_4.sdf
-- Up-to-date: /home/spaget/manipal/warehouse/src/ros2slam/install/my_robot_description/share/my_robot_description//models/sun
-- Up-to-date: /home/spaget/manipal/warehouse/src/ros2slam/install/my_robot_description/share/my_robot_description//models/sun/model-1_2.sdf
-- Up-to-date: /home/spaget/manipal/warehouse/src/ros2slam/install/my_robot_description/share/my_robot_description//models/sun/model.sdf
-- Up-to-date: /home/spaget/manipal/warehouse/src/ros2slam/install/my_robot_description/share/my_robot_description//models/sun/model.config
-- Up-to-date: /home/spaget/manipal/warehouse/src/ros2slam/install/my_robot_description/share/my_robot_description//models/sun/model-1_3.sdf
-- Up-to-date: /home/spaget/manipal/warehouse/src/ros2slam/install/my_robot_description/share/my_robot_description//models/sun/model-1_4.sdf
-- Up-to-date: /home/spaget/manipal/warehouse/src/ros2slam/install/my_robot_description/share/my_robot_description//config
-- Up-to-date: /home/spaget/manipal/warehouse/src/ros2slam/install/my_robot_description/share/my_robot_description//config/diff_drive_controller.yaml
-- Up-to-date: /home/spaget/manipal/warehouse/src/ros2slam/install/my_robot_description/share/my_robot_description//config/robot_controller.yaml
-- Up-to-date: /home/spaget/manipal/warehouse/src/ros2slam/install/my_robot_description/share/ament_index/resource_index/package_run_dependencies/my_robot_description
-- Up-to-date: /home/spaget/manipal/warehouse/src/ros2slam/install/my_robot_description/share/ament_index/resource_index/parent_prefix_path/my_robot_description
-- Up-to-date: /home/spaget/manipal/warehouse/src/ros2slam/install/my_robot_description/share/my_robot_description/environment/ament_prefix_path.sh
-- Up-to-date: /home/spaget/manipal/warehouse/src/ros2slam/install/my_robot_description/share/my_robot_description/environment/ament_prefix_path.dsv
-- Up-to-date: /home/spaget/manipal/warehouse/src/ros2slam/install/my_robot_description/share/my_robot_description/environment/path.sh
-- Up-to-date: /home/spaget/manipal/warehouse/src/ros2slam/install/my_robot_description/share/my_robot_description/environment/path.dsv
-- Up-to-date: /home/spaget/manipal/warehouse/src/ros2slam/install/my_robot_description/share/my_robot_description/local_setup.bash
-- Up-to-date: /home/spaget/manipal/warehouse/src/ros2slam/install/my_robot_description/share/my_robot_description/local_setup.sh
-- Up-to-date: /home/spaget/manipal/warehouse/src/ros2slam/install/my_robot_description/share/my_robot_description/local_setup.zsh
-- Up-to-date: /home/spaget/manipal/warehouse/src/ros2slam/install/my_robot_description/share/my_robot_description/local_setup.dsv
-- Up-to-date: /home/spaget/manipal/warehouse/src/ros2slam/install/my_robot_description/share/my_robot_description/package.dsv
-- Up-to-date: /home/spaget/manipal/warehouse/src/ros2slam/install/my_robot_description/share/ament_index/resource_index/packages/my_robot_description
-- Up-to-date: /home/spaget/manipal/warehouse/src/ros2slam/install/my_robot_description/share/my_robot_description/cmake/my_robot_descriptionConfig.cmake
-- Up-to-date: /home/spaget/manipal/warehouse/src/ros2slam/install/my_robot_description/share/my_robot_description/cmake/my_robot_descriptionConfig-version.cmake
-- Up-to-date: /home/spaget/manipal/warehouse/src/ros2slam/install/my_robot_description/share/my_robot_description/package.xml
