/home/spaget/.local/lib/python3.10/site-packages/setuptools/_distutils/dist.py:270: UserWarning: Unknown distribution option: 'tests_require'
  warnings.warn(msg)
running egg_info
creating ../../build/minibotslam/minibotslam.egg-info
writing ../../build/minibotslam/minibotslam.egg-info/PKG-INFO
writing dependency_links to ../../build/minibotslam/minibotslam.egg-info/dependency_links.txt
writing entry points to ../../build/minibotslam/minibotslam.egg-info/entry_points.txt
writing requirements to ../../build/minibotslam/minibotslam.egg-info/requires.txt
writing top-level names to ../../build/minibotslam/minibotslam.egg-info/top_level.txt
writing manifest file '../../build/minibotslam/minibotslam.egg-info/SOURCES.txt'
reading manifest file '../../build/minibotslam/minibotslam.egg-info/SOURCES.txt'
writing manifest file '../../build/minibotslam/minibotslam.egg-info/SOURCES.txt'
running build
running build_py
creating /home/spaget/manipal/warehouse/src/ros2slam/build/minibotslam/build/lib/minibotslam
copying minibotslam/tf_updater.py -> /home/spaget/manipal/warehouse/src/ros2slam/build/minibotslam/build/lib/minibotslam
copying minibotslam/robotcontroller.py -> /home/spaget/manipal/warehouse/src/ros2slam/build/minibotslam/build/lib/minibotslam
copying minibotslam/__init__.py -> /home/spaget/manipal/warehouse/src/ros2slam/build/minibotslam/build/lib/minibotslam
running install
running install_lib
creating /home/spaget/manipal/warehouse/src/ros2slam/install/minibotslam/lib/python3.10/site-packages/minibotslam
copying /home/spaget/manipal/warehouse/src/ros2slam/build/minibotslam/build/lib/minibotslam/tf_updater.py -> /home/spaget/manipal/warehouse/src/ros2slam/install/minibotslam/lib/python3.10/site-packages/minibotslam
copying /home/spaget/manipal/warehouse/src/ros2slam/build/minibotslam/build/lib/minibotslam/robotcontroller.py -> /home/spaget/manipal/warehouse/src/ros2slam/install/minibotslam/lib/python3.10/site-packages/minibotslam
copying /home/spaget/manipal/warehouse/src/ros2slam/build/minibotslam/build/lib/minibotslam/__init__.py -> /home/spaget/manipal/warehouse/src/ros2slam/install/minibotslam/lib/python3.10/site-packages/minibotslam
byte-compiling /home/spaget/manipal/warehouse/src/ros2slam/install/minibotslam/lib/python3.10/site-packages/minibotslam/tf_updater.py to tf_updater.cpython-310.pyc
byte-compiling /home/spaget/manipal/warehouse/src/ros2slam/install/minibotslam/lib/python3.10/site-packages/minibotslam/robotcontroller.py to robotcontroller.cpython-310.pyc
byte-compiling /home/spaget/manipal/warehouse/src/ros2slam/install/minibotslam/lib/python3.10/site-packages/minibotslam/__init__.py to __init__.cpython-310.pyc
running install_data
creating /home/spaget/manipal/warehouse/src/ros2slam/install/minibotslam/share/ament_index/resource_index/packages
copying resource/minibotslam -> /home/spaget/manipal/warehouse/src/ros2slam/install/minibotslam/share/ament_index/resource_index/packages
copying package.xml -> /home/spaget/manipal/warehouse/src/ros2slam/install/minibotslam/share/minibotslam
running install_egg_info
Copying ../../build/minibotslam/minibotslam.egg-info to /home/spaget/manipal/warehouse/src/ros2slam/install/minibotslam/lib/python3.10/site-packages/minibotslam-0.0.0-py3.10.egg-info
running install_scripts
Installing tf_updater script to /home/spaget/manipal/warehouse/src/ros2slam/install/minibotslam/lib/minibotslam
writing list of installed files to '/home/spaget/manipal/warehouse/src/ros2slam/build/minibotslam/install.log'
