[0.905s] Invoking command in '/home/spaget/manipal/warehouse/src/ros2slam/src/minibotslam': PYTHONPATH=/home/spaget/manipal/warehouse/src/ros2slam/build/minibotslam/prefix_override:/usr/lib/python3/dist-packages/colcon_core/task/python/colcon_distutils_commands:/home/spaget/manipal/warehouse/src/ros2slam/install/minibotslam/lib/python3.10/site-packages:${PYTHONPATH} /usr/bin/python3 -W ignore:setup.py install is deprecated -W ignore:easy_install command is deprecated setup.py egg_info --egg-base ../../build/minibotslam build --build-base /home/spaget/manipal/warehouse/src/ros2slam/build/minibotslam/build install --record /home/spaget/manipal/warehouse/src/ros2slam/build/minibotslam/install.log --single-version-externally-managed install_data
[1.100s] /home/spaget/.local/lib/python3.10/site-packages/setuptools/_distutils/dist.py:270: UserWarning: Unknown distribution option: 'tests_require'
[1.100s]   warnings.warn(msg)
[1.237s] running egg_info
[1.260s] creating ../../build/minibotslam/minibotslam.egg-info
[1.260s] writing ../../build/minibotslam/minibotslam.egg-info/PKG-INFO
[1.260s] writing dependency_links to ../../build/minibotslam/minibotslam.egg-info/dependency_links.txt
[1.260s] writing entry points to ../../build/minibotslam/minibotslam.egg-info/entry_points.txt
[1.261s] writing requirements to ../../build/minibotslam/minibotslam.egg-info/requires.txt
[1.261s] writing top-level names to ../../build/minibotslam/minibotslam.egg-info/top_level.txt
[1.261s] writing manifest file '../../build/minibotslam/minibotslam.egg-info/SOURCES.txt'
[1.307s] reading manifest file '../../build/minibotslam/minibotslam.egg-info/SOURCES.txt'
[1.309s] writing manifest file '../../build/minibotslam/minibotslam.egg-info/SOURCES.txt'
[1.309s] running build
[1.309s] running build_py
[1.309s] creating /home/spaget/manipal/warehouse/src/ros2slam/build/minibotslam/build/lib/minibotslam
[1.309s] copying minibotslam/tf_updater.py -> /home/spaget/manipal/warehouse/src/ros2slam/build/minibotslam/build/lib/minibotslam
[1.309s] copying minibotslam/robotcontroller.py -> /home/spaget/manipal/warehouse/src/ros2slam/build/minibotslam/build/lib/minibotslam
[1.310s] copying minibotslam/__init__.py -> /home/spaget/manipal/warehouse/src/ros2slam/build/minibotslam/build/lib/minibotslam
[1.310s] running install
[1.316s] running install_lib
[1.340s] creating /home/spaget/manipal/warehouse/src/ros2slam/install/minibotslam/lib/python3.10/site-packages/minibotslam
[1.341s] copying /home/spaget/manipal/warehouse/src/ros2slam/build/minibotslam/build/lib/minibotslam/tf_updater.py -> /home/spaget/manipal/warehouse/src/ros2slam/install/minibotslam/lib/python3.10/site-packages/minibotslam
[1.341s] copying /home/spaget/manipal/warehouse/src/ros2slam/build/minibotslam/build/lib/minibotslam/robotcontroller.py -> /home/spaget/manipal/warehouse/src/ros2slam/install/minibotslam/lib/python3.10/site-packages/minibotslam
[1.341s] copying /home/spaget/manipal/warehouse/src/ros2slam/build/minibotslam/build/lib/minibotslam/__init__.py -> /home/spaget/manipal/warehouse/src/ros2slam/install/minibotslam/lib/python3.10/site-packages/minibotslam
[1.341s] byte-compiling /home/spaget/manipal/warehouse/src/ros2slam/install/minibotslam/lib/python3.10/site-packages/minibotslam/tf_updater.py to tf_updater.cpython-310.pyc
[1.342s] byte-compiling /home/spaget/manipal/warehouse/src/ros2slam/install/minibotslam/lib/python3.10/site-packages/minibotslam/robotcontroller.py to robotcontroller.cpython-310.pyc
[1.343s] byte-compiling /home/spaget/manipal/warehouse/src/ros2slam/install/minibotslam/lib/python3.10/site-packages/minibotslam/__init__.py to __init__.cpython-310.pyc
[1.344s] running install_data
[1.344s] creating /home/spaget/manipal/warehouse/src/ros2slam/install/minibotslam/share/ament_index/resource_index/packages
[1.344s] copying resource/minibotslam -> /home/spaget/manipal/warehouse/src/ros2slam/install/minibotslam/share/ament_index/resource_index/packages
[1.344s] copying package.xml -> /home/spaget/manipal/warehouse/src/ros2slam/install/minibotslam/share/minibotslam
[1.345s] running install_egg_info
[1.371s] Copying ../../build/minibotslam/minibotslam.egg-info to /home/spaget/manipal/warehouse/src/ros2slam/install/minibotslam/lib/python3.10/site-packages/minibotslam-0.0.0-py3.10.egg-info
[1.371s] running install_scripts
[1.552s] Installing tf_updater script to /home/spaget/manipal/warehouse/src/ros2slam/install/minibotslam/lib/minibotslam
[1.553s] writing list of installed files to '/home/spaget/manipal/warehouse/src/ros2slam/build/minibotslam/install.log'
[1.582s] Invoked command in '/home/spaget/manipal/warehouse/src/ros2slam/src/minibotslam' returned '0': PYTHONPATH=/home/spaget/manipal/warehouse/src/ros2slam/build/minibotslam/prefix_override:/usr/lib/python3/dist-packages/colcon_core/task/python/colcon_distutils_commands:/home/spaget/manipal/warehouse/src/ros2slam/install/minibotslam/lib/python3.10/site-packages:${PYTHONPATH} /usr/bin/python3 -W ignore:setup.py install is deprecated -W ignore:easy_install command is deprecated setup.py egg_info --egg-base ../../build/minibotslam build --build-base /home/spaget/manipal/warehouse/src/ros2slam/build/minibotslam/build install --record /home/spaget/manipal/warehouse/src/ros2slam/build/minibotslam/install.log --single-version-externally-managed install_data
