[0.868s] Invoking command in '/home/spaget/manipal/warehouse/src/ros2slam/src/minibotslam': PYTHONPATH=/home/spaget/manipal/warehouse/src/ros2slam/build/minibotslam/prefix_override:/usr/lib/python3/dist-packages/colcon_core/task/python/colcon_distutils_commands:/home/spaget/manipal/warehouse/src/ros2slam/install/minibotslam/lib/python3.10/site-packages:${PYTHONPATH} /usr/bin/python3 -W ignore:setup.py install is deprecated -W ignore:easy_install command is deprecated setup.py egg_info --egg-base ../../build/minibotslam build --build-base /home/spaget/manipal/warehouse/src/ros2slam/build/minibotslam/build install --record /home/spaget/manipal/warehouse/src/ros2slam/build/minibotslam/install.log --single-version-externally-managed install_data
[1.020s] /home/spaget/.local/lib/python3.10/site-packages/setuptools/_distutils/dist.py:270: UserWarning: Unknown distribution option: 'tests_require'
[1.020s]   warnings.warn(msg)
[1.124s] running egg_info
[1.148s] writing ../../build/minibotslam/minibotslam.egg-info/PKG-INFO
[1.149s] writing dependency_links to ../../build/minibotslam/minibotslam.egg-info/dependency_links.txt
[1.149s] writing entry points to ../../build/minibotslam/minibotslam.egg-info/entry_points.txt
[1.149s] writing requirements to ../../build/minibotslam/minibotslam.egg-info/requires.txt
[1.149s] writing top-level names to ../../build/minibotslam/minibotslam.egg-info/top_level.txt
[1.202s] reading manifest file '../../build/minibotslam/minibotslam.egg-info/SOURCES.txt'
[1.204s] writing manifest file '../../build/minibotslam/minibotslam.egg-info/SOURCES.txt'
[1.204s] running build
[1.204s] running build_py
[1.204s] copying minibotslam/tf_updater.py -> /home/spaget/manipal/warehouse/src/ros2slam/build/minibotslam/build/lib/minibotslam
[1.204s] copying minibotslam/robotcontroller.py -> /home/spaget/manipal/warehouse/src/ros2slam/build/minibotslam/build/lib/minibotslam
[1.205s] copying minibotslam/__init__.py -> /home/spaget/manipal/warehouse/src/ros2slam/build/minibotslam/build/lib/minibotslam
[1.205s] running install
[1.211s] running install_lib
[1.231s] running install_data
[1.231s] copying resource/minibotslam -> /home/spaget/manipal/warehouse/src/ros2slam/install/minibotslam/share/ament_index/resource_index/packages
[1.232s] copying package.xml -> /home/spaget/manipal/warehouse/src/ros2slam/install/minibotslam/share/minibotslam
[1.232s] running install_egg_info
[1.252s] removing '/home/spaget/manipal/warehouse/src/ros2slam/install/minibotslam/lib/python3.10/site-packages/minibotslam-0.0.0-py3.10.egg-info' (and everything under it)
[1.252s] Copying ../../build/minibotslam/minibotslam.egg-info to /home/spaget/manipal/warehouse/src/ros2slam/install/minibotslam/lib/python3.10/site-packages/minibotslam-0.0.0-py3.10.egg-info
[1.253s] running install_scripts
[1.386s] Installing tf_updater script to /home/spaget/manipal/warehouse/src/ros2slam/install/minibotslam/lib/minibotslam
[1.386s] writing list of installed files to '/home/spaget/manipal/warehouse/src/ros2slam/build/minibotslam/install.log'
[1.412s] Invoked command in '/home/spaget/manipal/warehouse/src/ros2slam/src/minibotslam' returned '0': PYTHONPATH=/home/spaget/manipal/warehouse/src/ros2slam/build/minibotslam/prefix_override:/usr/lib/python3/dist-packages/colcon_core/task/python/colcon_distutils_commands:/home/spaget/manipal/warehouse/src/ros2slam/install/minibotslam/lib/python3.10/site-packages:${PYTHONPATH} /usr/bin/python3 -W ignore:setup.py install is deprecated -W ignore:easy_install command is deprecated setup.py egg_info --egg-base ../../build/minibotslam build --build-base /home/spaget/manipal/warehouse/src/ros2slam/build/minibotslam/build install --record /home/spaget/manipal/warehouse/src/ros2slam/build/minibotslam/install.log --single-version-externally-managed install_data
