[0.236s] Invoking command in '/home/spaget/manipal/warehouse/src/ros2slam/build/my_robot_description': CMAKE_PREFIX_PATH=${CMAKE_PREFIX_PATH}:/home/spaget/manipal/warehouse/src/ros2slam/install/minibotslam:/opt/ros/humble /usr/bin/cmake --build /home/spaget/manipal/warehouse/src/ros2slam/build/my_robot_description -- -j12 -l12
[0.287s] Invoked command in '/home/spaget/manipal/warehouse/src/ros2slam/build/my_robot_description' returned '0': CMAKE_PREFIX_PATH=${CMAKE_PREFIX_PATH}:/home/spaget/manipal/warehouse/src/ros2slam/install/minibotslam:/opt/ros/humble /usr/bin/cmake --build /home/spaget/manipal/warehouse/src/ros2slam/build/my_robot_description -- -j12 -l12
[0.290s] Invoking command in '/home/spaget/manipal/warehouse/src/ros2slam/build/my_robot_description': CMAKE_PREFIX_PATH=${CMAKE_PREFIX_PATH}:/home/spaget/manipal/warehouse/src/ros2slam/install/minibotslam:/opt/ros/humble /usr/bin/cmake --install /home/spaget/manipal/warehouse/src/ros2slam/build/my_robot_description
[0.300s] -- Install configuration: ""
[0.300s] -- Up-to-date: /home/spaget/manipal/warehouse/src/ros2slam/install/my_robot_description/share/my_robot_description//urdf
[0.301s] -- Up-to-date: /home/spaget/manipal/warehouse/src/ros2slam/install/my_robot_description/share/my_robot_description//urdf/mobile_base_gazebo.xacro
[0.301s] -- Up-to-date: /home/spaget/manipal/warehouse/src/ros2slam/install/my_robot_description/share/my_robot_description//urdf/mobile_base.xacro
[0.301s] -- Up-to-date: /home/spaget/manipal/warehouse/src/ros2slam/install/my_robot_description/share/my_robot_description//urdf/robot_controller.yaml
[0.301s] -- Up-to-date: /home/spaget/manipal/warehouse/src/ros2slam/install/my_robot_description/share/my_robot_description//urdf/my_robot.urdf.xacro
[0.301s] -- Up-to-date: /home/spaget/manipal/warehouse/src/ros2slam/install/my_robot_description/share/my_robot_description//urdf/my_wheeled_robot.urdf.xacro
[0.301s] -- Up-to-date: /home/spaget/manipal/warehouse/src/ros2slam/install/my_robot_description/share/my_robot_description//urdf/common_properties.urdf.xacro
[0.302s] -- Up-to-date: /home/spaget/manipal/warehouse/src/ros2slam/install/my_robot_description/share/my_robot_description//urdf/mobile_base_gazebo copy.xacro
[0.302s] -- Up-to-date: /home/spaget/manipal/warehouse/src/ros2slam/install/my_robot_description/share/my_robot_description//urdf/my_robot_ros_control.xacro
[0.302s] -- Up-to-date: /home/spaget/manipal/warehouse/src/ros2slam/install/my_robot_description/share/my_robot_description//launch
[0.302s] -- Up-to-date: /home/spaget/manipal/warehouse/src/ros2slam/install/my_robot_description/share/my_robot_description//launch/display.launch.xml
[0.302s] -- Up-to-date: /home/spaget/manipal/warehouse/src/ros2slam/install/my_robot_description/share/my_robot_description//launch/display.launch.py
[0.302s] -- Up-to-date: /home/spaget/manipal/warehouse/src/ros2slam/install/my_robot_description/share/my_robot_description//launch/gazebo.launch.py
[0.302s] -- Up-to-date: /home/spaget/manipal/warehouse/src/ros2slam/install/my_robot_description/share/my_robot_description//models
[0.302s] -- Up-to-date: /home/spaget/manipal/warehouse/src/ros2slam/install/my_robot_description/share/my_robot_description//models/ground_plane
[0.302s] -- Up-to-date: /home/spaget/manipal/warehouse/src/ros2slam/install/my_robot_description/share/my_robot_description//models/ground_plane/model-1_2.sdf
[0.303s] -- Up-to-date: /home/spaget/manipal/warehouse/src/ros2slam/install/my_robot_description/share/my_robot_description//models/ground_plane/model.sdf
[0.303s] -- Up-to-date: /home/spaget/manipal/warehouse/src/ros2slam/install/my_robot_description/share/my_robot_description//models/ground_plane/model.config
[0.303s] -- Up-to-date: /home/spaget/manipal/warehouse/src/ros2slam/install/my_robot_description/share/my_robot_description//models/ground_plane/model-1_3.sdf
[0.303s] -- Up-to-date: /home/spaget/manipal/warehouse/src/ros2slam/install/my_robot_description/share/my_robot_description//models/ground_plane/model-1_4.sdf
[0.303s] -- Up-to-date: /home/spaget/manipal/warehouse/src/ros2slam/install/my_robot_description/share/my_robot_description//models/sun
[0.304s] -- Up-to-date: /home/spaget/manipal/warehouse/src/ros2slam/install/my_robot_description/share/my_robot_description//models/sun/model-1_2.sdf
[0.304s] -- Up-to-date: /home/spaget/manipal/warehouse/src/ros2slam/install/my_robot_description/share/my_robot_description//models/sun/model.sdf
[0.304s] -- Up-to-date: /home/spaget/manipal/warehouse/src/ros2slam/install/my_robot_description/share/my_robot_description//models/sun/model.config
[0.304s] -- Up-to-date: /home/spaget/manipal/warehouse/src/ros2slam/install/my_robot_description/share/my_robot_description//models/sun/model-1_3.sdf
[0.304s] -- Up-to-date: /home/spaget/manipal/warehouse/src/ros2slam/install/my_robot_description/share/my_robot_description//models/sun/model-1_4.sdf
[0.304s] -- Up-to-date: /home/spaget/manipal/warehouse/src/ros2slam/install/my_robot_description/share/my_robot_description//config
[0.304s] -- Up-to-date: /home/spaget/manipal/warehouse/src/ros2slam/install/my_robot_description/share/my_robot_description//config/diff_drive_controller.yaml
[0.304s] -- Installing: /home/spaget/manipal/warehouse/src/ros2slam/install/my_robot_description/share/my_robot_description//config/robot_controller.yaml
[0.304s] -- Up-to-date: /home/spaget/manipal/warehouse/src/ros2slam/install/my_robot_description/share/ament_index/resource_index/package_run_dependencies/my_robot_description
[0.305s] -- Up-to-date: /home/spaget/manipal/warehouse/src/ros2slam/install/my_robot_description/share/ament_index/resource_index/parent_prefix_path/my_robot_description
[0.305s] -- Up-to-date: /home/spaget/manipal/warehouse/src/ros2slam/install/my_robot_description/share/my_robot_description/environment/ament_prefix_path.sh
[0.305s] -- Up-to-date: /home/spaget/manipal/warehouse/src/ros2slam/install/my_robot_description/share/my_robot_description/environment/ament_prefix_path.dsv
[0.305s] -- Up-to-date: /home/spaget/manipal/warehouse/src/ros2slam/install/my_robot_description/share/my_robot_description/environment/path.sh
[0.305s] -- Up-to-date: /home/spaget/manipal/warehouse/src/ros2slam/install/my_robot_description/share/my_robot_description/environment/path.dsv
[0.305s] -- Up-to-date: /home/spaget/manipal/warehouse/src/ros2slam/install/my_robot_description/share/my_robot_description/local_setup.bash
[0.305s] -- Up-to-date: /home/spaget/manipal/warehouse/src/ros2slam/install/my_robot_description/share/my_robot_description/local_setup.sh
[0.305s] -- Up-to-date: /home/spaget/manipal/warehouse/src/ros2slam/install/my_robot_description/share/my_robot_description/local_setup.zsh
[0.305s] -- Up-to-date: /home/spaget/manipal/warehouse/src/ros2slam/install/my_robot_description/share/my_robot_description/local_setup.dsv
[0.305s] -- Installing: /home/spaget/manipal/warehouse/src/ros2slam/install/my_robot_description/share/my_robot_description/package.dsv
[0.305s] -- Up-to-date: /home/spaget/manipal/warehouse/src/ros2slam/install/my_robot_description/share/ament_index/resource_index/packages/my_robot_description
[0.305s] -- Up-to-date: /home/spaget/manipal/warehouse/src/ros2slam/install/my_robot_description/share/my_robot_description/cmake/my_robot_descriptionConfig.cmake
[0.306s] -- Up-to-date: /home/spaget/manipal/warehouse/src/ros2slam/install/my_robot_description/share/my_robot_description/cmake/my_robot_descriptionConfig-version.cmake
[0.306s] -- Up-to-date: /home/spaget/manipal/warehouse/src/ros2slam/install/my_robot_description/share/my_robot_description/package.xml
[0.326s] Invoked command in '/home/spaget/manipal/warehouse/src/ros2slam/build/my_robot_description' returned '0': CMAKE_PREFIX_PATH=${CMAKE_PREFIX_PATH}:/home/spaget/manipal/warehouse/src/ros2slam/install/minibotslam:/opt/ros/humble /usr/bin/cmake --install /home/spaget/manipal/warehouse/src/ros2slam/build/my_robot_description
