[0.230s] Invoking command in '/home/spaget/manipal/warehouse/src/ros2slam/build/my_robot_controller': CMAKE_PREFIX_PATH=/opt/ros/humble /usr/bin/cmake /home/spaget/manipal/warehouse/src/ros2slam/src/my_robot_controller -DCMAKE_INSTALL_PREFIX=/home/spaget/manipal/warehouse/src/ros2slam/install/my_robot_controller
[0.335s] -- The C compiler identification is GNU 11.4.0
[0.421s] -- The CXX compiler identification is GNU 11.4.0
[0.433s] -- Detecting C compiler ABI info
[0.511s] -- Detecting C compiler ABI info - done
[0.520s] -- Check for working C compiler: /usr/bin/cc - skipped
[0.520s] -- Detecting C compile features
[0.521s] -- Detecting C compile features - done
[0.525s] -- Detecting CXX compiler ABI info
[0.614s] -- Detecting CXX compiler ABI info - done
[0.624s] -- Check for working CXX compiler: /usr/bin/c++ - skipped
[0.625s] -- Detecting CXX compile features
[0.625s] -- Detecting CXX compile features - done
[0.633s] -- Found ament_cmake: 1.3.11 (/opt/ros/humble/share/ament_cmake/cmake)
[1.081s] -- Found Python3: /usr/bin/python3 (found version "3.10.12") found components: Interpreter 
[1.206s] -- Found ament_lint_auto: 0.12.11 (/opt/ros/humble/share/ament_lint_auto/cmake)
[1.306s] -- Added test 'flake8' to check Python code syntax and style conventions
[1.307s] -- Added test 'lint_cmake' to check CMake code style
[1.307s] -- Added test 'pep257' to check Python code against some of the docstring style conventions in PEP 257
[1.308s] -- Added test 'xmllint' to check XML markup files
[1.310s] -- Configuring done
[1.313s] -- Generating done
[1.314s] -- Build files have been written to: /home/spaget/manipal/warehouse/src/ros2slam/build/my_robot_controller
[1.319s] Invoked command in '/home/spaget/manipal/warehouse/src/ros2slam/build/my_robot_controller' returned '0': CMAKE_PREFIX_PATH=/opt/ros/humble /usr/bin/cmake /home/spaget/manipal/warehouse/src/ros2slam/src/my_robot_controller -DCMAKE_INSTALL_PREFIX=/home/spaget/manipal/warehouse/src/ros2slam/install/my_robot_controller
[1.321s] Invoking command in '/home/spaget/manipal/warehouse/src/ros2slam/build/my_robot_controller': CMAKE_PREFIX_PATH=/opt/ros/humble /usr/bin/cmake --build /home/spaget/manipal/warehouse/src/ros2slam/build/my_robot_controller -- -j12 -l12
[1.383s] Invoked command in '/home/spaget/manipal/warehouse/src/ros2slam/build/my_robot_controller' returned '0': CMAKE_PREFIX_PATH=/opt/ros/humble /usr/bin/cmake --build /home/spaget/manipal/warehouse/src/ros2slam/build/my_robot_controller -- -j12 -l12
[1.385s] Invoking command in '/home/spaget/manipal/warehouse/src/ros2slam/build/my_robot_controller': CMAKE_PREFIX_PATH=/opt/ros/humble /usr/bin/cmake --install /home/spaget/manipal/warehouse/src/ros2slam/build/my_robot_controller
[1.394s] -- Install configuration: ""
[1.394s] -- Installing: /home/spaget/manipal/warehouse/src/ros2slam/install/my_robot_controller/share/my_robot_controller//config
[1.395s] -- Installing: /home/spaget/manipal/warehouse/src/ros2slam/install/my_robot_controller/share/my_robot_controller//config/robot_controller.yaml
[1.395s] -- Installing: /home/spaget/manipal/warehouse/src/ros2slam/install/my_robot_controller/share/my_robot_controller//config/robot_coltroller.yaml
[1.395s] -- Installing: /home/spaget/manipal/warehouse/src/ros2slam/install/my_robot_controller/share/my_robot_controller//launch
[1.395s] -- Installing: /home/spaget/manipal/warehouse/src/ros2slam/install/my_robot_controller/share/my_robot_controller//launch/controller.launch.py
[1.395s] -- Installing: /home/spaget/manipal/warehouse/src/ros2slam/install/my_robot_controller/share/my_robot_controller//launch/simple.launch.py
[1.396s] -- Installing: /home/spaget/manipal/warehouse/src/ros2slam/install/my_robot_controller/share/ament_index/resource_index/package_run_dependencies/my_robot_controller
[1.396s] -- Installing: /home/spaget/manipal/warehouse/src/ros2slam/install/my_robot_controller/share/ament_index/resource_index/parent_prefix_path/my_robot_controller
[1.396s] -- Installing: /home/spaget/manipal/warehouse/src/ros2slam/install/my_robot_controller/share/my_robot_controller/environment/ament_prefix_path.sh
[1.396s] -- Installing: /home/spaget/manipal/warehouse/src/ros2slam/install/my_robot_controller/share/my_robot_controller/environment/ament_prefix_path.dsv
[1.396s] -- Installing: /home/spaget/manipal/warehouse/src/ros2slam/install/my_robot_controller/share/my_robot_controller/environment/path.sh
[1.396s] -- Installing: /home/spaget/manipal/warehouse/src/ros2slam/install/my_robot_controller/share/my_robot_controller/environment/path.dsv
[1.397s] -- Installing: /home/spaget/manipal/warehouse/src/ros2slam/install/my_robot_controller/share/my_robot_controller/local_setup.bash
[1.397s] -- Installing: /home/spaget/manipal/warehouse/src/ros2slam/install/my_robot_controller/share/my_robot_controller/local_setup.sh
[1.397s] -- Installing: /home/spaget/manipal/warehouse/src/ros2slam/install/my_robot_controller/share/my_robot_controller/local_setup.zsh
[1.397s] -- Installing: /home/spaget/manipal/warehouse/src/ros2slam/install/my_robot_controller/share/my_robot_controller/local_setup.dsv
[1.397s] -- Installing: /home/spaget/manipal/warehouse/src/ros2slam/install/my_robot_controller/share/my_robot_controller/package.dsv
[1.397s] -- Installing: /home/spaget/manipal/warehouse/src/ros2slam/install/my_robot_controller/share/ament_index/resource_index/packages/my_robot_controller
[1.397s] -- Installing: /home/spaget/manipal/warehouse/src/ros2slam/install/my_robot_controller/share/my_robot_controller/cmake/my_robot_controllerConfig.cmake
[1.398s] -- Installing: /home/spaget/manipal/warehouse/src/ros2slam/install/my_robot_controller/share/my_robot_controller/cmake/my_robot_controllerConfig-version.cmake
[1.398s] -- Installing: /home/spaget/manipal/warehouse/src/ros2slam/install/my_robot_controller/share/my_robot_controller/package.xml
[1.401s] Invoked command in '/home/spaget/manipal/warehouse/src/ros2slam/build/my_robot_controller' returned '0': CMAKE_PREFIX_PATH=/opt/ros/humble /usr/bin/cmake --install /home/spaget/manipal/warehouse/src/ros2slam/build/my_robot_controller
