[0.159s] DEBUG:colcon:Command line arguments: ['/usr/bin/colcon', 'build']
[0.159s] DEBUG:colcon:Parsed command line arguments: Namespace(log_base=None, log_level=None, verb_name='build', build_base='build', install_base='install', merge_install=False, symlink_install=False, test_result_base=None, continue_on_error=False, executor='parallel', parallel_workers=12, event_handlers=None, ignore_user_meta=False, metas=['./colcon.meta'], base_paths=['.'], packages_ignore=None, packages_ignore_regex=None, paths=None, packages_up_to=None, packages_up_to_regex=None, packages_above=None, packages_above_and_dependencies=None, packages_above_depth=None, packages_select_by_dep=None, packages_skip_by_dep=None, packages_skip_up_to=None, packages_select_build_failed=False, packages_skip_build_finished=False, packages_select_test_failures=False, packages_skip_test_passed=False, packages_select=None, packages_skip=None, packages_select_regex=None, packages_skip_regex=None, packages_start=None, packages_end=None, allow_overriding=[], ament_gradle_args=None, ament_gradle_task=None, cmake_args=None, cmake_target=None, cmake_target_skip_unavailable=False, cmake_clean_cache=False, cmake_clean_first=False, cmake_force_configure=False, gradle_args=None, gradle_task=None, ament_cmake_args=None, catkin_cmake_args=None, catkin_skip_building_tests=False, mixin_files=None, mixin=None, verb_parser=<colcon_mixin.mixin.mixin_argument.MixinArgumentDecorator object at 0x7377626a19c0>, verb_extension=<colcon_core.verb.build.BuildVerb object at 0x7377626a1510>, main=<bound method BuildVerb.main of <colcon_core.verb.build.BuildVerb object at 0x7377626a1510>>, mixin_verb=('build',))
[0.162s] Level 1:colcon.colcon_core.package_discovery:discover_packages(colcon_meta) check parameters
[0.162s] Level 1:colcon.colcon_core.package_discovery:discover_packages(recursive) check parameters
[0.162s] Level 1:colcon.colcon_core.package_discovery:discover_packages(ignore) check parameters
[0.162s] Level 1:colcon.colcon_core.package_discovery:discover_packages(path) check parameters
[0.163s] Level 1:colcon.colcon_core.package_discovery:discover_packages(colcon_meta) discover
[0.163s] Level 1:colcon.colcon_core.package_discovery:discover_packages(recursive) discover
[0.163s] INFO:colcon.colcon_core.package_discovery:Crawling recursively for packages in '/home/spaget/manipal/warehouse/src/ros2slam'
[0.163s] Level 1:colcon.colcon_core.package_identification:_identify(.) by extensions ['ignore', 'ignore_ament_install']
[0.163s] Level 1:colcon.colcon_core.package_identification:_identify(.) by extension 'ignore'
[0.163s] Level 1:colcon.colcon_core.package_identification:_identify(.) by extension 'ignore_ament_install'
[0.163s] Level 1:colcon.colcon_core.package_identification:_identify(.) by extensions ['colcon_pkg']
[0.163s] Level 1:colcon.colcon_core.package_identification:_identify(.) by extension 'colcon_pkg'
[0.163s] Level 1:colcon.colcon_core.package_identification:_identify(.) by extensions ['colcon_meta']
[0.163s] Level 1:colcon.colcon_core.package_identification:_identify(.) by extension 'colcon_meta'
[0.163s] Level 1:colcon.colcon_core.package_identification:_identify(.) by extensions ['ament_gradle']
[0.163s] Level 1:colcon.colcon_core.package_identification:_identify(.) by extension 'ament_gradle'
[0.163s] Level 1:colcon.colcon_core.package_identification:_identify(.) by extensions ['ros']
[0.163s] Level 1:colcon.colcon_core.package_identification:_identify(.) by extension 'ros'
[0.179s] Level 1:colcon.colcon_core.package_identification:_identify(.) by extensions ['cmake', 'gradle', 'python']
[0.179s] Level 1:colcon.colcon_core.package_identification:_identify(.) by extension 'cmake'
[0.179s] Level 1:colcon.colcon_core.package_identification:_identify(.) by extension 'gradle'
[0.179s] Level 1:colcon.colcon_core.package_identification:_identify(.) by extension 'python'
[0.179s] Level 1:colcon.colcon_core.package_identification:_identify(.) by extensions ['python_setup_py']
[0.179s] Level 1:colcon.colcon_core.package_identification:_identify(.) by extension 'python_setup_py'
[0.179s] Level 1:colcon.colcon_core.package_identification:_identify(build) by extensions ['ignore', 'ignore_ament_install']
[0.179s] Level 1:colcon.colcon_core.package_identification:_identify(build) by extension 'ignore'
[0.179s] Level 1:colcon.colcon_core.package_identification:_identify(build) ignored
[0.179s] Level 1:colcon.colcon_core.package_identification:_identify(install) by extensions ['ignore', 'ignore_ament_install']
[0.179s] Level 1:colcon.colcon_core.package_identification:_identify(install) by extension 'ignore'
[0.179s] Level 1:colcon.colcon_core.package_identification:_identify(install) ignored
[0.179s] Level 1:colcon.colcon_core.package_identification:_identify(log) by extensions ['ignore', 'ignore_ament_install']
[0.180s] Level 1:colcon.colcon_core.package_identification:_identify(log) by extension 'ignore'
[0.180s] Level 1:colcon.colcon_core.package_identification:_identify(log) ignored
[0.180s] Level 1:colcon.colcon_core.package_identification:_identify(src) by extensions ['ignore', 'ignore_ament_install']
[0.180s] Level 1:colcon.colcon_core.package_identification:_identify(src) by extension 'ignore'
[0.180s] Level 1:colcon.colcon_core.package_identification:_identify(src) by extension 'ignore_ament_install'
[0.180s] Level 1:colcon.colcon_core.package_identification:_identify(src) by extensions ['colcon_pkg']
[0.180s] Level 1:colcon.colcon_core.package_identification:_identify(src) by extension 'colcon_pkg'
[0.180s] Level 1:colcon.colcon_core.package_identification:_identify(src) by extensions ['colcon_meta']
[0.180s] Level 1:colcon.colcon_core.package_identification:_identify(src) by extension 'colcon_meta'
[0.180s] Level 1:colcon.colcon_core.package_identification:_identify(src) by extensions ['ament_gradle']
[0.180s] Level 1:colcon.colcon_core.package_identification:_identify(src) by extension 'ament_gradle'
[0.180s] Level 1:colcon.colcon_core.package_identification:_identify(src) by extensions ['ros']
[0.180s] Level 1:colcon.colcon_core.package_identification:_identify(src) by extension 'ros'
[0.180s] Level 1:colcon.colcon_core.package_identification:_identify(src) by extensions ['cmake', 'gradle', 'python']
[0.180s] Level 1:colcon.colcon_core.package_identification:_identify(src) by extension 'cmake'
[0.180s] Level 1:colcon.colcon_core.package_identification:_identify(src) by extension 'gradle'
[0.180s] Level 1:colcon.colcon_core.package_identification:_identify(src) by extension 'python'
[0.180s] Level 1:colcon.colcon_core.package_identification:_identify(src) by extensions ['python_setup_py']
[0.180s] Level 1:colcon.colcon_core.package_identification:_identify(src) by extension 'python_setup_py'
[0.180s] Level 1:colcon.colcon_core.package_identification:_identify(src/minibotslam) by extensions ['ignore', 'ignore_ament_install']
[0.181s] Level 1:colcon.colcon_core.package_identification:_identify(src/minibotslam) by extension 'ignore'
[0.181s] Level 1:colcon.colcon_core.package_identification:_identify(src/minibotslam) by extension 'ignore_ament_install'
[0.181s] Level 1:colcon.colcon_core.package_identification:_identify(src/minibotslam) by extensions ['colcon_pkg']
[0.181s] Level 1:colcon.colcon_core.package_identification:_identify(src/minibotslam) by extension 'colcon_pkg'
[0.181s] Level 1:colcon.colcon_core.package_identification:_identify(src/minibotslam) by extensions ['colcon_meta']
[0.181s] Level 1:colcon.colcon_core.package_identification:_identify(src/minibotslam) by extension 'colcon_meta'
[0.181s] Level 1:colcon.colcon_core.package_identification:_identify(src/minibotslam) by extensions ['ament_gradle']
[0.181s] Level 1:colcon.colcon_core.package_identification:_identify(src/minibotslam) by extension 'ament_gradle'
[0.181s] Level 1:colcon.colcon_core.package_identification:_identify(src/minibotslam) by extensions ['ros']
[0.181s] Level 1:colcon.colcon_core.package_identification:_identify(src/minibotslam) by extension 'ros'
[0.184s] DEBUG:colcon.colcon_core.package_identification:Package 'src/minibotslam' with type 'ros.ament_python' and name 'minibotslam'
[0.184s] Level 1:colcon.colcon_core.package_identification:_identify(src/my_robot_controller) by extensions ['ignore', 'ignore_ament_install']
[0.184s] Level 1:colcon.colcon_core.package_identification:_identify(src/my_robot_controller) by extension 'ignore'
[0.184s] Level 1:colcon.colcon_core.package_identification:_identify(src/my_robot_controller) by extension 'ignore_ament_install'
[0.184s] Level 1:colcon.colcon_core.package_identification:_identify(src/my_robot_controller) by extensions ['colcon_pkg']
[0.184s] Level 1:colcon.colcon_core.package_identification:_identify(src/my_robot_controller) by extension 'colcon_pkg'
[0.184s] Level 1:colcon.colcon_core.package_identification:_identify(src/my_robot_controller) by extensions ['colcon_meta']
[0.184s] Level 1:colcon.colcon_core.package_identification:_identify(src/my_robot_controller) by extension 'colcon_meta'
[0.184s] Level 1:colcon.colcon_core.package_identification:_identify(src/my_robot_controller) by extensions ['ament_gradle']
[0.184s] Level 1:colcon.colcon_core.package_identification:_identify(src/my_robot_controller) by extension 'ament_gradle'
[0.184s] Level 1:colcon.colcon_core.package_identification:_identify(src/my_robot_controller) by extensions ['ros']
[0.184s] Level 1:colcon.colcon_core.package_identification:_identify(src/my_robot_controller) by extension 'ros'
[0.185s] DEBUG:colcon.colcon_core.package_identification:Package 'src/my_robot_controller' with type 'ros.ament_cmake' and name 'my_robot_controller'
[0.185s] Level 1:colcon.colcon_core.package_identification:_identify(src/my_robot_description) by extensions ['ignore', 'ignore_ament_install']
[0.185s] Level 1:colcon.colcon_core.package_identification:_identify(src/my_robot_description) by extension 'ignore'
[0.185s] Level 1:colcon.colcon_core.package_identification:_identify(src/my_robot_description) by extension 'ignore_ament_install'
[0.185s] Level 1:colcon.colcon_core.package_identification:_identify(src/my_robot_description) by extensions ['colcon_pkg']
[0.185s] Level 1:colcon.colcon_core.package_identification:_identify(src/my_robot_description) by extension 'colcon_pkg'
[0.185s] Level 1:colcon.colcon_core.package_identification:_identify(src/my_robot_description) by extensions ['colcon_meta']
[0.185s] Level 1:colcon.colcon_core.package_identification:_identify(src/my_robot_description) by extension 'colcon_meta'
[0.186s] Level 1:colcon.colcon_core.package_identification:_identify(src/my_robot_description) by extensions ['ament_gradle']
[0.186s] Level 1:colcon.colcon_core.package_identification:_identify(src/my_robot_description) by extension 'ament_gradle'
[0.186s] Level 1:colcon.colcon_core.package_identification:_identify(src/my_robot_description) by extensions ['ros']
[0.186s] Level 1:colcon.colcon_core.package_identification:_identify(src/my_robot_description) by extension 'ros'
[0.186s] DEBUG:colcon.colcon_core.package_identification:Package 'src/my_robot_description' with type 'ros.ament_cmake' and name 'my_robot_description'
[0.186s] Level 1:colcon.colcon_core.package_identification:_identify(src/rplidar_ros) by extensions ['ignore', 'ignore_ament_install']
[0.187s] Level 1:colcon.colcon_core.package_identification:_identify(src/rplidar_ros) by extension 'ignore'
[0.187s] Level 1:colcon.colcon_core.package_identification:_identify(src/rplidar_ros) by extension 'ignore_ament_install'
[0.187s] Level 1:colcon.colcon_core.package_identification:_identify(src/rplidar_ros) by extensions ['colcon_pkg']
[0.187s] Level 1:colcon.colcon_core.package_identification:_identify(src/rplidar_ros) by extension 'colcon_pkg'
[0.187s] Level 1:colcon.colcon_core.package_identification:_identify(src/rplidar_ros) by extensions ['colcon_meta']
[0.187s] Level 1:colcon.colcon_core.package_identification:_identify(src/rplidar_ros) by extension 'colcon_meta'
[0.187s] Level 1:colcon.colcon_core.package_identification:_identify(src/rplidar_ros) by extensions ['ament_gradle']
[0.187s] Level 1:colcon.colcon_core.package_identification:_identify(src/rplidar_ros) by extension 'ament_gradle'
[0.187s] Level 1:colcon.colcon_core.package_identification:_identify(src/rplidar_ros) by extensions ['ros']
[0.187s] Level 1:colcon.colcon_core.package_identification:_identify(src/rplidar_ros) by extension 'ros'
[0.188s] DEBUG:colcon.colcon_core.package_identification:Package 'src/rplidar_ros' with type 'ros.ament_cmake' and name 'rplidar_ros'
[0.188s] Level 1:colcon.colcon_core.package_discovery:discover_packages(recursive) using defaults
[0.188s] Level 1:colcon.colcon_core.package_discovery:discover_packages(ignore) discover
[0.188s] Level 1:colcon.colcon_core.package_discovery:discover_packages(ignore) using defaults
[0.188s] Level 1:colcon.colcon_core.package_discovery:discover_packages(path) discover
[0.188s] Level 1:colcon.colcon_core.package_discovery:discover_packages(path) using defaults
[0.210s] Level 1:colcon.colcon_core.package_discovery:discover_packages(prefix_path) check parameters
[0.210s] Level 1:colcon.colcon_core.package_discovery:discover_packages(prefix_path) discover
[0.211s] DEBUG:colcon.colcon_installed_package_information.package_discovery:Found 4 installed packages in /home/spaget/manipal/warehouse/src/ros2slam/install
[0.213s] DEBUG:colcon.colcon_installed_package_information.package_discovery:Found 417 installed packages in /opt/ros/humble
[0.215s] Level 1:colcon.colcon_core.package_discovery:discover_packages(prefix_path) using defaults
[0.262s] Level 5:colcon.colcon_core.verb:set package 'minibotslam' build argument 'ament_gradle_args' from command line to 'None'
[0.262s] Level 5:colcon.colcon_core.verb:set package 'minibotslam' build argument 'ament_gradle_task' from command line to 'None'
[0.262s] Level 5:colcon.colcon_core.verb:set package 'minibotslam' build argument 'cmake_args' from command line to 'None'
[0.262s] Level 5:colcon.colcon_core.verb:set package 'minibotslam' build argument 'cmake_target' from command line to 'None'
[0.262s] Level 5:colcon.colcon_core.verb:set package 'minibotslam' build argument 'cmake_target_skip_unavailable' from command line to 'False'
[0.262s] Level 5:colcon.colcon_core.verb:set package 'minibotslam' build argument 'cmake_clean_cache' from command line to 'False'
[0.262s] Level 5:colcon.colcon_core.verb:set package 'minibotslam' build argument 'cmake_clean_first' from command line to 'False'
[0.262s] Level 5:colcon.colcon_core.verb:set package 'minibotslam' build argument 'cmake_force_configure' from command line to 'False'
[0.262s] Level 5:colcon.colcon_core.verb:set package 'minibotslam' build argument 'gradle_args' from command line to 'None'
[0.262s] Level 5:colcon.colcon_core.verb:set package 'minibotslam' build argument 'gradle_task' from command line to 'None'
[0.262s] Level 5:colcon.colcon_core.verb:set package 'minibotslam' build argument 'ament_cmake_args' from command line to 'None'
[0.262s] Level 5:colcon.colcon_core.verb:set package 'minibotslam' build argument 'catkin_cmake_args' from command line to 'None'
[0.262s] Level 5:colcon.colcon_core.verb:set package 'minibotslam' build argument 'catkin_skip_building_tests' from command line to 'False'
[0.262s] DEBUG:colcon.colcon_core.verb:Building package 'minibotslam' with the following arguments: {'ament_cmake_args': None, 'ament_gradle_args': None, 'ament_gradle_task': None, 'build_base': '/home/spaget/manipal/warehouse/src/ros2slam/build/minibotslam', 'catkin_cmake_args': None, 'catkin_skip_building_tests': False, 'cmake_args': None, 'cmake_clean_cache': False, 'cmake_clean_first': False, 'cmake_force_configure': False, 'cmake_target': None, 'cmake_target_skip_unavailable': False, 'gradle_args': None, 'gradle_task': None, 'install_base': '/home/spaget/manipal/warehouse/src/ros2slam/install/minibotslam', 'merge_install': False, 'path': '/home/spaget/manipal/warehouse/src/ros2slam/src/minibotslam', 'symlink_install': False, 'test_result_base': None}
[0.263s] Level 5:colcon.colcon_core.verb:set package 'my_robot_controller' build argument 'ament_gradle_args' from command line to 'None'
[0.263s] Level 5:colcon.colcon_core.verb:set package 'my_robot_controller' build argument 'ament_gradle_task' from command line to 'None'
[0.263s] Level 5:colcon.colcon_core.verb:set package 'my_robot_controller' build argument 'cmake_args' from command line to 'None'
[0.263s] Level 5:colcon.colcon_core.verb:set package 'my_robot_controller' build argument 'cmake_target' from command line to 'None'
[0.263s] Level 5:colcon.colcon_core.verb:set package 'my_robot_controller' build argument 'cmake_target_skip_unavailable' from command line to 'False'
[0.263s] Level 5:colcon.colcon_core.verb:set package 'my_robot_controller' build argument 'cmake_clean_cache' from command line to 'False'
[0.263s] Level 5:colcon.colcon_core.verb:set package 'my_robot_controller' build argument 'cmake_clean_first' from command line to 'False'
[0.263s] Level 5:colcon.colcon_core.verb:set package 'my_robot_controller' build argument 'cmake_force_configure' from command line to 'False'
[0.263s] Level 5:colcon.colcon_core.verb:set package 'my_robot_controller' build argument 'gradle_args' from command line to 'None'
[0.263s] Level 5:colcon.colcon_core.verb:set package 'my_robot_controller' build argument 'gradle_task' from command line to 'None'
[0.263s] Level 5:colcon.colcon_core.verb:set package 'my_robot_controller' build argument 'ament_cmake_args' from command line to 'None'
[0.263s] Level 5:colcon.colcon_core.verb:set package 'my_robot_controller' build argument 'catkin_cmake_args' from command line to 'None'
[0.263s] Level 5:colcon.colcon_core.verb:set package 'my_robot_controller' build argument 'catkin_skip_building_tests' from command line to 'False'
[0.263s] DEBUG:colcon.colcon_core.verb:Building package 'my_robot_controller' with the following arguments: {'ament_cmake_args': None, 'ament_gradle_args': None, 'ament_gradle_task': None, 'build_base': '/home/spaget/manipal/warehouse/src/ros2slam/build/my_robot_controller', 'catkin_cmake_args': None, 'catkin_skip_building_tests': False, 'cmake_args': None, 'cmake_clean_cache': False, 'cmake_clean_first': False, 'cmake_force_configure': False, 'cmake_target': None, 'cmake_target_skip_unavailable': False, 'gradle_args': None, 'gradle_task': None, 'install_base': '/home/spaget/manipal/warehouse/src/ros2slam/install/my_robot_controller', 'merge_install': False, 'path': '/home/spaget/manipal/warehouse/src/ros2slam/src/my_robot_controller', 'symlink_install': False, 'test_result_base': None}
[0.264s] Level 5:colcon.colcon_core.verb:set package 'my_robot_description' build argument 'ament_gradle_args' from command line to 'None'
[0.264s] Level 5:colcon.colcon_core.verb:set package 'my_robot_description' build argument 'ament_gradle_task' from command line to 'None'
[0.264s] Level 5:colcon.colcon_core.verb:set package 'my_robot_description' build argument 'cmake_args' from command line to 'None'
[0.264s] Level 5:colcon.colcon_core.verb:set package 'my_robot_description' build argument 'cmake_target' from command line to 'None'
[0.264s] Level 5:colcon.colcon_core.verb:set package 'my_robot_description' build argument 'cmake_target_skip_unavailable' from command line to 'False'
[0.264s] Level 5:colcon.colcon_core.verb:set package 'my_robot_description' build argument 'cmake_clean_cache' from command line to 'False'
[0.264s] Level 5:colcon.colcon_core.verb:set package 'my_robot_description' build argument 'cmake_clean_first' from command line to 'False'
[0.264s] Level 5:colcon.colcon_core.verb:set package 'my_robot_description' build argument 'cmake_force_configure' from command line to 'False'
[0.264s] Level 5:colcon.colcon_core.verb:set package 'my_robot_description' build argument 'gradle_args' from command line to 'None'
[0.264s] Level 5:colcon.colcon_core.verb:set package 'my_robot_description' build argument 'gradle_task' from command line to 'None'
[0.264s] Level 5:colcon.colcon_core.verb:set package 'my_robot_description' build argument 'ament_cmake_args' from command line to 'None'
[0.264s] Level 5:colcon.colcon_core.verb:set package 'my_robot_description' build argument 'catkin_cmake_args' from command line to 'None'
[0.264s] Level 5:colcon.colcon_core.verb:set package 'my_robot_description' build argument 'catkin_skip_building_tests' from command line to 'False'
[0.264s] DEBUG:colcon.colcon_core.verb:Building package 'my_robot_description' with the following arguments: {'ament_cmake_args': None, 'ament_gradle_args': None, 'ament_gradle_task': None, 'build_base': '/home/spaget/manipal/warehouse/src/ros2slam/build/my_robot_description', 'catkin_cmake_args': None, 'catkin_skip_building_tests': False, 'cmake_args': None, 'cmake_clean_cache': False, 'cmake_clean_first': False, 'cmake_force_configure': False, 'cmake_target': None, 'cmake_target_skip_unavailable': False, 'gradle_args': None, 'gradle_task': None, 'install_base': '/home/spaget/manipal/warehouse/src/ros2slam/install/my_robot_description', 'merge_install': False, 'path': '/home/spaget/manipal/warehouse/src/ros2slam/src/my_robot_description', 'symlink_install': False, 'test_result_base': None}
[0.264s] Level 5:colcon.colcon_core.verb:set package 'rplidar_ros' build argument 'ament_gradle_args' from command line to 'None'
[0.265s] Level 5:colcon.colcon_core.verb:set package 'rplidar_ros' build argument 'ament_gradle_task' from command line to 'None'
[0.265s] Level 5:colcon.colcon_core.verb:set package 'rplidar_ros' build argument 'cmake_args' from command line to 'None'
[0.265s] Level 5:colcon.colcon_core.verb:set package 'rplidar_ros' build argument 'cmake_target' from command line to 'None'
[0.265s] Level 5:colcon.colcon_core.verb:set package 'rplidar_ros' build argument 'cmake_target_skip_unavailable' from command line to 'False'
[0.265s] Level 5:colcon.colcon_core.verb:set package 'rplidar_ros' build argument 'cmake_clean_cache' from command line to 'False'
[0.265s] Level 5:colcon.colcon_core.verb:set package 'rplidar_ros' build argument 'cmake_clean_first' from command line to 'False'
[0.265s] Level 5:colcon.colcon_core.verb:set package 'rplidar_ros' build argument 'cmake_force_configure' from command line to 'False'
[0.265s] Level 5:colcon.colcon_core.verb:set package 'rplidar_ros' build argument 'gradle_args' from command line to 'None'
[0.265s] Level 5:colcon.colcon_core.verb:set package 'rplidar_ros' build argument 'gradle_task' from command line to 'None'
[0.265s] Level 5:colcon.colcon_core.verb:set package 'rplidar_ros' build argument 'ament_cmake_args' from command line to 'None'
[0.265s] Level 5:colcon.colcon_core.verb:set package 'rplidar_ros' build argument 'catkin_cmake_args' from command line to 'None'
[0.265s] Level 5:colcon.colcon_core.verb:set package 'rplidar_ros' build argument 'catkin_skip_building_tests' from command line to 'False'
[0.265s] DEBUG:colcon.colcon_core.verb:Building package 'rplidar_ros' with the following arguments: {'ament_cmake_args': None, 'ament_gradle_args': None, 'ament_gradle_task': None, 'build_base': '/home/spaget/manipal/warehouse/src/ros2slam/build/rplidar_ros', 'catkin_cmake_args': None, 'catkin_skip_building_tests': False, 'cmake_args': None, 'cmake_clean_cache': False, 'cmake_clean_first': False, 'cmake_force_configure': False, 'cmake_target': None, 'cmake_target_skip_unavailable': False, 'gradle_args': None, 'gradle_task': None, 'install_base': '/home/spaget/manipal/warehouse/src/ros2slam/install/rplidar_ros', 'merge_install': False, 'path': '/home/spaget/manipal/warehouse/src/ros2slam/src/rplidar_ros', 'symlink_install': False, 'test_result_base': None}
[0.265s] INFO:colcon.colcon_core.executor:Executing jobs using 'parallel' executor
[0.266s] DEBUG:colcon.colcon_parallel_executor.executor.parallel:run_until_complete
[0.267s] INFO:colcon.colcon_ros.task.ament_python.build:Building ROS package in '/home/spaget/manipal/warehouse/src/ros2slam/src/minibotslam' with build type 'ament_python'
[0.267s] Level 1:colcon.colcon_core.shell:create_environment_hook('minibotslam', 'ament_prefix_path')
[0.269s] INFO:colcon.colcon_core.plugin_system:Skipping extension 'colcon_core.shell.bat': Not used on non-Windows systems
[0.269s] INFO:colcon.colcon_core.shell:Creating environment hook '/home/spaget/manipal/warehouse/src/ros2slam/install/minibotslam/share/minibotslam/hook/ament_prefix_path.ps1'
[0.270s] INFO:colcon.colcon_core.shell:Creating environment descriptor '/home/spaget/manipal/warehouse/src/ros2slam/install/minibotslam/share/minibotslam/hook/ament_prefix_path.dsv'
[0.271s] INFO:colcon.colcon_core.shell:Creating environment hook '/home/spaget/manipal/warehouse/src/ros2slam/install/minibotslam/share/minibotslam/hook/ament_prefix_path.sh'
[0.271s] INFO:colcon.colcon_core.shell:Skip shell extension 'powershell' for command environment: Not usable outside of PowerShell
[0.271s] DEBUG:colcon.colcon_core.shell:Skip shell extension 'dsv' for command environment
[0.275s] INFO:colcon.colcon_ros.task.ament_cmake.build:Building ROS package in '/home/spaget/manipal/warehouse/src/ros2slam/src/my_robot_controller' with build type 'ament_cmake'
[0.275s] INFO:colcon.colcon_cmake.task.cmake.build:Building CMake package in '/home/spaget/manipal/warehouse/src/ros2slam/src/my_robot_controller'
[0.275s] INFO:colcon.colcon_core.shell:Skip shell extension 'powershell' for command environment: Not usable outside of PowerShell
[0.276s] DEBUG:colcon.colcon_core.shell:Skip shell extension 'dsv' for command environment
[0.279s] INFO:colcon.colcon_ros.task.ament_cmake.build:Building ROS package in '/home/spaget/manipal/warehouse/src/ros2slam/src/my_robot_description' with build type 'ament_cmake'
[0.279s] INFO:colcon.colcon_cmake.task.cmake.build:Building CMake package in '/home/spaget/manipal/warehouse/src/ros2slam/src/my_robot_description'
[0.279s] INFO:colcon.colcon_core.shell:Skip shell extension 'powershell' for command environment: Not usable outside of PowerShell
[0.280s] DEBUG:colcon.colcon_core.shell:Skip shell extension 'dsv' for command environment
[0.283s] INFO:colcon.colcon_ros.task.ament_cmake.build:Building ROS package in '/home/spaget/manipal/warehouse/src/ros2slam/src/rplidar_ros' with build type 'ament_cmake'
[0.283s] INFO:colcon.colcon_cmake.task.cmake.build:Building CMake package in '/home/spaget/manipal/warehouse/src/ros2slam/src/rplidar_ros'
[0.284s] INFO:colcon.colcon_core.shell:Skip shell extension 'powershell' for command environment: Not usable outside of PowerShell
[0.284s] DEBUG:colcon.colcon_core.shell:Skip shell extension 'dsv' for command environment
[0.529s] INFO:colcon.colcon_core.task.python.build:Building Python package in '/home/spaget/manipal/warehouse/src/ros2slam/src/minibotslam'
[0.530s] INFO:colcon.colcon_core.shell:Skip shell extension 'powershell' for command environment: Not usable outside of PowerShell
[0.530s] DEBUG:colcon.colcon_core.shell:Skip shell extension 'dsv' for command environment
[0.539s] DEBUG:colcon.colcon_core.event_handler.log_command:Invoking command in '/home/spaget/manipal/warehouse/src/ros2slam/build/my_robot_controller': CMAKE_PREFIX_PATH=${CMAKE_PREFIX_PATH}:/home/spaget/manipal/warehouse/src/ros2slam/install/minibotslam:/opt/ros/humble /usr/bin/cmake --build /home/spaget/manipal/warehouse/src/ros2slam/build/my_robot_controller -- -j12 -l12
[0.543s] DEBUG:colcon.colcon_core.event_handler.log_command:Invoking command in '/home/spaget/manipal/warehouse/src/ros2slam/build/my_robot_description': CMAKE_PREFIX_PATH=${CMAKE_PREFIX_PATH}:/home/spaget/manipal/warehouse/src/ros2slam/install/minibotslam:/opt/ros/humble /usr/bin/cmake --build /home/spaget/manipal/warehouse/src/ros2slam/build/my_robot_description -- -j12 -l12
[0.548s] DEBUG:colcon.colcon_core.event_handler.log_command:Invoking command in '/home/spaget/manipal/warehouse/src/ros2slam/build/rplidar_ros': CMAKE_PREFIX_PATH=${CMAKE_PREFIX_PATH}:/home/spaget/manipal/warehouse/src/ros2slam/install/minibotslam:/opt/ros/humble /usr/bin/cmake --build /home/spaget/manipal/warehouse/src/ros2slam/build/rplidar_ros -- -j12 -l12
[0.580s] DEBUG:colcon.colcon_core.event_handler.log_command:Invoked command in '/home/spaget/manipal/warehouse/src/ros2slam/build/my_robot_controller' returned '0': CMAKE_PREFIX_PATH=${CMAKE_PREFIX_PATH}:/home/spaget/manipal/warehouse/src/ros2slam/install/minibotslam:/opt/ros/humble /usr/bin/cmake --build /home/spaget/manipal/warehouse/src/ros2slam/build/my_robot_controller -- -j12 -l12
[0.593s] DEBUG:colcon.colcon_core.event_handler.log_command:Invoking command in '/home/spaget/manipal/warehouse/src/ros2slam/build/my_robot_controller': CMAKE_PREFIX_PATH=${CMAKE_PREFIX_PATH}:/home/spaget/manipal/warehouse/src/ros2slam/install/minibotslam:/opt/ros/humble /usr/bin/cmake --install /home/spaget/manipal/warehouse/src/ros2slam/build/my_robot_controller
[0.595s] DEBUG:colcon.colcon_core.event_handler.log_command:Invoked command in '/home/spaget/manipal/warehouse/src/ros2slam/build/my_robot_description' returned '0': CMAKE_PREFIX_PATH=${CMAKE_PREFIX_PATH}:/home/spaget/manipal/warehouse/src/ros2slam/install/minibotslam:/opt/ros/humble /usr/bin/cmake --build /home/spaget/manipal/warehouse/src/ros2slam/build/my_robot_description -- -j12 -l12
[0.597s] DEBUG:colcon.colcon_core.event_handler.log_command:Invoking command in '/home/spaget/manipal/warehouse/src/ros2slam/build/my_robot_description': CMAKE_PREFIX_PATH=${CMAKE_PREFIX_PATH}:/home/spaget/manipal/warehouse/src/ros2slam/install/minibotslam:/opt/ros/humble /usr/bin/cmake --install /home/spaget/manipal/warehouse/src/ros2slam/build/my_robot_description
[0.608s] Level 1:colcon.colcon_core.environment:create_environment_scripts_only(my_robot_controller)
[0.616s] DEBUG:colcon.colcon_core.event_handler.log_command:Invoked command in '/home/spaget/manipal/warehouse/src/ros2slam/build/my_robot_controller' returned '0': CMAKE_PREFIX_PATH=${CMAKE_PREFIX_PATH}:/home/spaget/manipal/warehouse/src/ros2slam/install/minibotslam:/opt/ros/humble /usr/bin/cmake --install /home/spaget/manipal/warehouse/src/ros2slam/build/my_robot_controller
[0.620s] Level 1:colcon.colcon_core.environment:checking '/home/spaget/manipal/warehouse/src/ros2slam/install/my_robot_controller' for CMake module files
[0.621s] Level 1:colcon.colcon_core.environment:checking '/home/spaget/manipal/warehouse/src/ros2slam/install/my_robot_controller' for CMake config files
[0.621s] Level 1:colcon.colcon_core.shell:create_environment_hook('my_robot_controller', 'cmake_prefix_path')
[0.622s] INFO:colcon.colcon_core.shell:Creating environment hook '/home/spaget/manipal/warehouse/src/ros2slam/install/my_robot_controller/share/my_robot_controller/hook/cmake_prefix_path.ps1'
[0.623s] INFO:colcon.colcon_core.shell:Creating environment descriptor '/home/spaget/manipal/warehouse/src/ros2slam/install/my_robot_controller/share/my_robot_controller/hook/cmake_prefix_path.dsv'
[0.624s] INFO:colcon.colcon_core.shell:Creating environment hook '/home/spaget/manipal/warehouse/src/ros2slam/install/my_robot_controller/share/my_robot_controller/hook/cmake_prefix_path.sh'
[0.625s] Level 1:colcon.colcon_core.environment:checking '/home/spaget/manipal/warehouse/src/ros2slam/install/my_robot_controller/bin'
[0.626s] Level 1:colcon.colcon_core.environment:checking '/home/spaget/manipal/warehouse/src/ros2slam/install/my_robot_controller/lib/pkgconfig/my_robot_controller.pc'
[0.626s] Level 1:colcon.colcon_core.environment:checking '/home/spaget/manipal/warehouse/src/ros2slam/install/my_robot_controller/lib/python3.10/site-packages'
[0.626s] Level 1:colcon.colcon_core.environment:checking '/home/spaget/manipal/warehouse/src/ros2slam/install/my_robot_controller/bin'
[0.627s] INFO:colcon.colcon_core.shell:Creating package script '/home/spaget/manipal/warehouse/src/ros2slam/install/my_robot_controller/share/my_robot_controller/package.ps1'
[0.628s] INFO:colcon.colcon_core.shell:Creating package descriptor '/home/spaget/manipal/warehouse/src/ros2slam/install/my_robot_controller/share/my_robot_controller/package.dsv'
[0.628s] INFO:colcon.colcon_core.shell:Creating package script '/home/spaget/manipal/warehouse/src/ros2slam/install/my_robot_controller/share/my_robot_controller/package.sh'
[0.629s] INFO:colcon.colcon_core.shell:Creating package script '/home/spaget/manipal/warehouse/src/ros2slam/install/my_robot_controller/share/my_robot_controller/package.bash'
[0.630s] INFO:colcon.colcon_core.shell:Creating package script '/home/spaget/manipal/warehouse/src/ros2slam/install/my_robot_controller/share/my_robot_controller/package.zsh'
[0.631s] Level 1:colcon.colcon_core.environment:create_file_with_runtime_dependencies(/home/spaget/manipal/warehouse/src/ros2slam/install/my_robot_controller/share/colcon-core/packages/my_robot_controller)
[0.632s] Level 1:colcon.colcon_core.environment:create_environment_scripts_only(my_robot_controller)
[0.632s] Level 1:colcon.colcon_core.environment:checking '/home/spaget/manipal/warehouse/src/ros2slam/install/my_robot_controller' for CMake module files
[0.633s] Level 1:colcon.colcon_core.environment:checking '/home/spaget/manipal/warehouse/src/ros2slam/install/my_robot_controller' for CMake config files
[0.633s] Level 1:colcon.colcon_core.shell:create_environment_hook('my_robot_controller', 'cmake_prefix_path')
[0.633s] INFO:colcon.colcon_core.shell:Creating environment hook '/home/spaget/manipal/warehouse/src/ros2slam/install/my_robot_controller/share/my_robot_controller/hook/cmake_prefix_path.ps1'
[0.634s] INFO:colcon.colcon_core.shell:Creating environment descriptor '/home/spaget/manipal/warehouse/src/ros2slam/install/my_robot_controller/share/my_robot_controller/hook/cmake_prefix_path.dsv'
[0.634s] INFO:colcon.colcon_core.shell:Creating environment hook '/home/spaget/manipal/warehouse/src/ros2slam/install/my_robot_controller/share/my_robot_controller/hook/cmake_prefix_path.sh'
[0.635s] Level 1:colcon.colcon_core.environment:checking '/home/spaget/manipal/warehouse/src/ros2slam/install/my_robot_controller/bin'
[0.635s] Level 1:colcon.colcon_core.environment:checking '/home/spaget/manipal/warehouse/src/ros2slam/install/my_robot_controller/lib/pkgconfig/my_robot_controller.pc'
[0.635s] Level 1:colcon.colcon_core.environment:checking '/home/spaget/manipal/warehouse/src/ros2slam/install/my_robot_controller/lib/python3.10/site-packages'
[0.635s] Level 1:colcon.colcon_core.environment:checking '/home/spaget/manipal/warehouse/src/ros2slam/install/my_robot_controller/bin'
[0.636s] INFO:colcon.colcon_core.shell:Creating package script '/home/spaget/manipal/warehouse/src/ros2slam/install/my_robot_controller/share/my_robot_controller/package.ps1'
[0.637s] INFO:colcon.colcon_core.shell:Creating package descriptor '/home/spaget/manipal/warehouse/src/ros2slam/install/my_robot_controller/share/my_robot_controller/package.dsv'
[0.637s] INFO:colcon.colcon_core.shell:Creating package script '/home/spaget/manipal/warehouse/src/ros2slam/install/my_robot_controller/share/my_robot_controller/package.sh'
[0.638s] INFO:colcon.colcon_core.shell:Creating package script '/home/spaget/manipal/warehouse/src/ros2slam/install/my_robot_controller/share/my_robot_controller/package.bash'
[0.638s] INFO:colcon.colcon_core.shell:Creating package script '/home/spaget/manipal/warehouse/src/ros2slam/install/my_robot_controller/share/my_robot_controller/package.zsh'
[0.639s] Level 1:colcon.colcon_core.environment:create_file_with_runtime_dependencies(/home/spaget/manipal/warehouse/src/ros2slam/install/my_robot_controller/share/colcon-core/packages/my_robot_controller)
[0.640s] Level 1:colcon.colcon_core.environment:create_environment_scripts_only(my_robot_description)
[0.641s] Level 1:colcon.colcon_core.environment:checking '/home/spaget/manipal/warehouse/src/ros2slam/install/my_robot_description' for CMake module files
[0.642s] DEBUG:colcon.colcon_core.event_handler.log_command:Invoked command in '/home/spaget/manipal/warehouse/src/ros2slam/build/my_robot_description' returned '0': CMAKE_PREFIX_PATH=${CMAKE_PREFIX_PATH}:/home/spaget/manipal/warehouse/src/ros2slam/install/minibotslam:/opt/ros/humble /usr/bin/cmake --install /home/spaget/manipal/warehouse/src/ros2slam/build/my_robot_description
[0.642s] Level 1:colcon.colcon_core.environment:checking '/home/spaget/manipal/warehouse/src/ros2slam/install/my_robot_description' for CMake config files
[0.642s] Level 1:colcon.colcon_core.shell:create_environment_hook('my_robot_description', 'cmake_prefix_path')
[0.643s] INFO:colcon.colcon_core.shell:Creating environment hook '/home/spaget/manipal/warehouse/src/ros2slam/install/my_robot_description/share/my_robot_description/hook/cmake_prefix_path.ps1'
[0.643s] INFO:colcon.colcon_core.shell:Creating environment descriptor '/home/spaget/manipal/warehouse/src/ros2slam/install/my_robot_description/share/my_robot_description/hook/cmake_prefix_path.dsv'
[0.644s] INFO:colcon.colcon_core.shell:Creating environment hook '/home/spaget/manipal/warehouse/src/ros2slam/install/my_robot_description/share/my_robot_description/hook/cmake_prefix_path.sh'
[0.644s] Level 1:colcon.colcon_core.environment:checking '/home/spaget/manipal/warehouse/src/ros2slam/install/my_robot_description/bin'
[0.644s] Level 1:colcon.colcon_core.environment:checking '/home/spaget/manipal/warehouse/src/ros2slam/install/my_robot_description/lib/pkgconfig/my_robot_description.pc'
[0.644s] Level 1:colcon.colcon_core.environment:checking '/home/spaget/manipal/warehouse/src/ros2slam/install/my_robot_description/lib/python3.10/site-packages'
[0.645s] Level 1:colcon.colcon_core.environment:checking '/home/spaget/manipal/warehouse/src/ros2slam/install/my_robot_description/bin'
[0.645s] INFO:colcon.colcon_core.shell:Creating package script '/home/spaget/manipal/warehouse/src/ros2slam/install/my_robot_description/share/my_robot_description/package.ps1'
[0.645s] INFO:colcon.colcon_core.shell:Creating package descriptor '/home/spaget/manipal/warehouse/src/ros2slam/install/my_robot_description/share/my_robot_description/package.dsv'
[0.646s] INFO:colcon.colcon_core.shell:Creating package script '/home/spaget/manipal/warehouse/src/ros2slam/install/my_robot_description/share/my_robot_description/package.sh'
[0.647s] INFO:colcon.colcon_core.shell:Creating package script '/home/spaget/manipal/warehouse/src/ros2slam/install/my_robot_description/share/my_robot_description/package.bash'
[0.647s] INFO:colcon.colcon_core.shell:Creating package script '/home/spaget/manipal/warehouse/src/ros2slam/install/my_robot_description/share/my_robot_description/package.zsh'
[0.648s] Level 1:colcon.colcon_core.environment:create_file_with_runtime_dependencies(/home/spaget/manipal/warehouse/src/ros2slam/install/my_robot_description/share/colcon-core/packages/my_robot_description)
[0.648s] Level 1:colcon.colcon_core.environment:create_environment_scripts_only(my_robot_description)
[0.649s] Level 1:colcon.colcon_core.environment:checking '/home/spaget/manipal/warehouse/src/ros2slam/install/my_robot_description' for CMake module files
[0.649s] Level 1:colcon.colcon_core.environment:checking '/home/spaget/manipal/warehouse/src/ros2slam/install/my_robot_description' for CMake config files
[0.650s] Level 1:colcon.colcon_core.shell:create_environment_hook('my_robot_description', 'cmake_prefix_path')
[0.650s] INFO:colcon.colcon_core.shell:Creating environment hook '/home/spaget/manipal/warehouse/src/ros2slam/install/my_robot_description/share/my_robot_description/hook/cmake_prefix_path.ps1'
[0.650s] INFO:colcon.colcon_core.shell:Creating environment descriptor '/home/spaget/manipal/warehouse/src/ros2slam/install/my_robot_description/share/my_robot_description/hook/cmake_prefix_path.dsv'
[0.651s] INFO:colcon.colcon_core.shell:Creating environment hook '/home/spaget/manipal/warehouse/src/ros2slam/install/my_robot_description/share/my_robot_description/hook/cmake_prefix_path.sh'
[0.652s] Level 1:colcon.colcon_core.environment:checking '/home/spaget/manipal/warehouse/src/ros2slam/install/my_robot_description/bin'
[0.652s] Level 1:colcon.colcon_core.environment:checking '/home/spaget/manipal/warehouse/src/ros2slam/install/my_robot_description/lib/pkgconfig/my_robot_description.pc'
[0.652s] Level 1:colcon.colcon_core.environment:checking '/home/spaget/manipal/warehouse/src/ros2slam/install/my_robot_description/lib/python3.10/site-packages'
[0.652s] Level 1:colcon.colcon_core.environment:checking '/home/spaget/manipal/warehouse/src/ros2slam/install/my_robot_description/bin'
[0.653s] INFO:colcon.colcon_core.shell:Creating package script '/home/spaget/manipal/warehouse/src/ros2slam/install/my_robot_description/share/my_robot_description/package.ps1'
[0.654s] INFO:colcon.colcon_core.shell:Creating package descriptor '/home/spaget/manipal/warehouse/src/ros2slam/install/my_robot_description/share/my_robot_description/package.dsv'
[0.654s] INFO:colcon.colcon_core.shell:Creating package script '/home/spaget/manipal/warehouse/src/ros2slam/install/my_robot_description/share/my_robot_description/package.sh'
[0.655s] INFO:colcon.colcon_core.shell:Creating package script '/home/spaget/manipal/warehouse/src/ros2slam/install/my_robot_description/share/my_robot_description/package.bash'
[0.655s] INFO:colcon.colcon_core.shell:Creating package script '/home/spaget/manipal/warehouse/src/ros2slam/install/my_robot_description/share/my_robot_description/package.zsh'
[0.656s] Level 1:colcon.colcon_core.environment:create_file_with_runtime_dependencies(/home/spaget/manipal/warehouse/src/ros2slam/install/my_robot_description/share/colcon-core/packages/my_robot_description)
[0.659s] DEBUG:colcon.colcon_core.event_handler.log_command:Invoked command in '/home/spaget/manipal/warehouse/src/ros2slam/build/rplidar_ros' returned '0': CMAKE_PREFIX_PATH=${CMAKE_PREFIX_PATH}:/home/spaget/manipal/warehouse/src/ros2slam/install/minibotslam:/opt/ros/humble /usr/bin/cmake --build /home/spaget/manipal/warehouse/src/ros2slam/build/rplidar_ros -- -j12 -l12
[0.660s] DEBUG:colcon.colcon_core.event_handler.log_command:Invoking command in '/home/spaget/manipal/warehouse/src/ros2slam/build/rplidar_ros': CMAKE_PREFIX_PATH=${CMAKE_PREFIX_PATH}:/home/spaget/manipal/warehouse/src/ros2slam/install/minibotslam:/opt/ros/humble /usr/bin/cmake --install /home/spaget/manipal/warehouse/src/ros2slam/build/rplidar_ros
[0.673s] Level 1:colcon.colcon_core.environment:create_environment_scripts_only(rplidar_ros)
[0.673s] Level 1:colcon.colcon_core.environment:checking '/home/spaget/manipal/warehouse/src/ros2slam/install/rplidar_ros' for CMake module files
[0.676s] Level 1:colcon.colcon_core.environment:checking '/home/spaget/manipal/warehouse/src/ros2slam/install/rplidar_ros' for CMake config files
[0.677s] DEBUG:colcon.colcon_core.event_handler.log_command:Invoked command in '/home/spaget/manipal/warehouse/src/ros2slam/build/rplidar_ros' returned '0': CMAKE_PREFIX_PATH=${CMAKE_PREFIX_PATH}:/home/spaget/manipal/warehouse/src/ros2slam/install/minibotslam:/opt/ros/humble /usr/bin/cmake --install /home/spaget/manipal/warehouse/src/ros2slam/build/rplidar_ros
[0.678s] Level 1:colcon.colcon_core.shell:create_environment_hook('rplidar_ros', 'cmake_prefix_path')
[0.678s] INFO:colcon.colcon_core.shell:Creating environment hook '/home/spaget/manipal/warehouse/src/ros2slam/install/rplidar_ros/share/rplidar_ros/hook/cmake_prefix_path.ps1'
[0.679s] INFO:colcon.colcon_core.shell:Creating environment descriptor '/home/spaget/manipal/warehouse/src/ros2slam/install/rplidar_ros/share/rplidar_ros/hook/cmake_prefix_path.dsv'
[0.680s] INFO:colcon.colcon_core.shell:Creating environment hook '/home/spaget/manipal/warehouse/src/ros2slam/install/rplidar_ros/share/rplidar_ros/hook/cmake_prefix_path.sh'
[0.680s] Level 1:colcon.colcon_core.environment:checking '/home/spaget/manipal/warehouse/src/ros2slam/install/rplidar_ros/lib'
[0.681s] Level 1:colcon.colcon_core.environment:checking '/home/spaget/manipal/warehouse/src/ros2slam/install/rplidar_ros/bin'
[0.681s] Level 1:colcon.colcon_core.environment:checking '/home/spaget/manipal/warehouse/src/ros2slam/install/rplidar_ros/lib/pkgconfig/rplidar_ros.pc'
[0.681s] Level 1:colcon.colcon_core.environment:checking '/home/spaget/manipal/warehouse/src/ros2slam/install/rplidar_ros/lib/python3.10/site-packages'
[0.681s] Level 1:colcon.colcon_core.environment:checking '/home/spaget/manipal/warehouse/src/ros2slam/install/rplidar_ros/bin'
[0.682s] INFO:colcon.colcon_core.shell:Creating package script '/home/spaget/manipal/warehouse/src/ros2slam/install/rplidar_ros/share/rplidar_ros/package.ps1'
[0.682s] INFO:colcon.colcon_core.shell:Creating package descriptor '/home/spaget/manipal/warehouse/src/ros2slam/install/rplidar_ros/share/rplidar_ros/package.dsv'
[0.683s] INFO:colcon.colcon_core.shell:Creating package script '/home/spaget/manipal/warehouse/src/ros2slam/install/rplidar_ros/share/rplidar_ros/package.sh'
[0.683s] INFO:colcon.colcon_core.shell:Creating package script '/home/spaget/manipal/warehouse/src/ros2slam/install/rplidar_ros/share/rplidar_ros/package.bash'
[0.684s] INFO:colcon.colcon_core.shell:Creating package script '/home/spaget/manipal/warehouse/src/ros2slam/install/rplidar_ros/share/rplidar_ros/package.zsh'
[0.684s] Level 1:colcon.colcon_core.environment:create_file_with_runtime_dependencies(/home/spaget/manipal/warehouse/src/ros2slam/install/rplidar_ros/share/colcon-core/packages/rplidar_ros)
[0.685s] Level 1:colcon.colcon_core.environment:create_environment_scripts_only(rplidar_ros)
[0.685s] Level 1:colcon.colcon_core.environment:checking '/home/spaget/manipal/warehouse/src/ros2slam/install/rplidar_ros' for CMake module files
[0.686s] Level 1:colcon.colcon_core.environment:checking '/home/spaget/manipal/warehouse/src/ros2slam/install/rplidar_ros' for CMake config files
[0.686s] Level 1:colcon.colcon_core.shell:create_environment_hook('rplidar_ros', 'cmake_prefix_path')
[0.687s] INFO:colcon.colcon_core.shell:Creating environment hook '/home/spaget/manipal/warehouse/src/ros2slam/install/rplidar_ros/share/rplidar_ros/hook/cmake_prefix_path.ps1'
[0.687s] INFO:colcon.colcon_core.shell:Creating environment descriptor '/home/spaget/manipal/warehouse/src/ros2slam/install/rplidar_ros/share/rplidar_ros/hook/cmake_prefix_path.dsv'
[0.687s] INFO:colcon.colcon_core.shell:Creating environment hook '/home/spaget/manipal/warehouse/src/ros2slam/install/rplidar_ros/share/rplidar_ros/hook/cmake_prefix_path.sh'
[0.688s] Level 1:colcon.colcon_core.environment:checking '/home/spaget/manipal/warehouse/src/ros2slam/install/rplidar_ros/lib'
[0.688s] Level 1:colcon.colcon_core.environment:checking '/home/spaget/manipal/warehouse/src/ros2slam/install/rplidar_ros/bin'
[0.688s] Level 1:colcon.colcon_core.environment:checking '/home/spaget/manipal/warehouse/src/ros2slam/install/rplidar_ros/lib/pkgconfig/rplidar_ros.pc'
[0.688s] Level 1:colcon.colcon_core.environment:checking '/home/spaget/manipal/warehouse/src/ros2slam/install/rplidar_ros/lib/python3.10/site-packages'
[0.689s] Level 1:colcon.colcon_core.environment:checking '/home/spaget/manipal/warehouse/src/ros2slam/install/rplidar_ros/bin'
[0.689s] INFO:colcon.colcon_core.shell:Creating package script '/home/spaget/manipal/warehouse/src/ros2slam/install/rplidar_ros/share/rplidar_ros/package.ps1'
[0.689s] INFO:colcon.colcon_core.shell:Creating package descriptor '/home/spaget/manipal/warehouse/src/ros2slam/install/rplidar_ros/share/rplidar_ros/package.dsv'
[0.690s] INFO:colcon.colcon_core.shell:Creating package script '/home/spaget/manipal/warehouse/src/ros2slam/install/rplidar_ros/share/rplidar_ros/package.sh'
[0.690s] INFO:colcon.colcon_core.shell:Creating package script '/home/spaget/manipal/warehouse/src/ros2slam/install/rplidar_ros/share/rplidar_ros/package.bash'
[0.691s] INFO:colcon.colcon_core.shell:Creating package script '/home/spaget/manipal/warehouse/src/ros2slam/install/rplidar_ros/share/rplidar_ros/package.zsh'
[0.691s] Level 1:colcon.colcon_core.environment:create_file_with_runtime_dependencies(/home/spaget/manipal/warehouse/src/ros2slam/install/rplidar_ros/share/colcon-core/packages/rplidar_ros)
[1.215s] DEBUG:colcon.colcon_core.event_handler.log_command:Invoking command in '/home/spaget/manipal/warehouse/src/ros2slam/src/minibotslam': PYTHONPATH=/home/spaget/manipal/warehouse/src/ros2slam/build/minibotslam/prefix_override:/usr/lib/python3/dist-packages/colcon_core/task/python/colcon_distutils_commands:/home/spaget/manipal/warehouse/src/ros2slam/install/minibotslam/lib/python3.10/site-packages:${PYTHONPATH} /usr/bin/python3 -W ignore:setup.py install is deprecated -W ignore:easy_install command is deprecated setup.py egg_info --egg-base ../../build/minibotslam build --build-base /home/spaget/manipal/warehouse/src/ros2slam/build/minibotslam/build install --record /home/spaget/manipal/warehouse/src/ros2slam/build/minibotslam/install.log --single-version-externally-managed install_data
[1.787s] Level 1:colcon.colcon_core.environment:checking '/home/spaget/manipal/warehouse/src/ros2slam/install/minibotslam' for CMake module files
[1.788s] DEBUG:colcon.colcon_core.event_handler.log_command:Invoked command in '/home/spaget/manipal/warehouse/src/ros2slam/src/minibotslam' returned '0': PYTHONPATH=/home/spaget/manipal/warehouse/src/ros2slam/build/minibotslam/prefix_override:/usr/lib/python3/dist-packages/colcon_core/task/python/colcon_distutils_commands:/home/spaget/manipal/warehouse/src/ros2slam/install/minibotslam/lib/python3.10/site-packages:${PYTHONPATH} /usr/bin/python3 -W ignore:setup.py install is deprecated -W ignore:easy_install command is deprecated setup.py egg_info --egg-base ../../build/minibotslam build --build-base /home/spaget/manipal/warehouse/src/ros2slam/build/minibotslam/build install --record /home/spaget/manipal/warehouse/src/ros2slam/build/minibotslam/install.log --single-version-externally-managed install_data
[1.788s] Level 1:colcon.colcon_core.environment:checking '/home/spaget/manipal/warehouse/src/ros2slam/install/minibotslam' for CMake config files
[1.789s] Level 1:colcon.colcon_core.environment:checking '/home/spaget/manipal/warehouse/src/ros2slam/install/minibotslam/lib'
[1.789s] Level 1:colcon.colcon_core.environment:checking '/home/spaget/manipal/warehouse/src/ros2slam/install/minibotslam/bin'
[1.789s] Level 1:colcon.colcon_core.environment:checking '/home/spaget/manipal/warehouse/src/ros2slam/install/minibotslam/lib/pkgconfig/minibotslam.pc'
[1.789s] Level 1:colcon.colcon_core.environment:checking '/home/spaget/manipal/warehouse/src/ros2slam/install/minibotslam/lib/python3.10/site-packages'
[1.789s] Level 1:colcon.colcon_core.shell:create_environment_hook('minibotslam', 'pythonpath')
[1.790s] INFO:colcon.colcon_core.shell:Creating environment hook '/home/spaget/manipal/warehouse/src/ros2slam/install/minibotslam/share/minibotslam/hook/pythonpath.ps1'
[1.790s] INFO:colcon.colcon_core.shell:Creating environment descriptor '/home/spaget/manipal/warehouse/src/ros2slam/install/minibotslam/share/minibotslam/hook/pythonpath.dsv'
[1.791s] INFO:colcon.colcon_core.shell:Creating environment hook '/home/spaget/manipal/warehouse/src/ros2slam/install/minibotslam/share/minibotslam/hook/pythonpath.sh'
[1.791s] Level 1:colcon.colcon_core.environment:checking '/home/spaget/manipal/warehouse/src/ros2slam/install/minibotslam/bin'
[1.791s] Level 1:colcon.colcon_core.environment:create_environment_scripts_only(minibotslam)
[1.792s] INFO:colcon.colcon_core.shell:Creating package script '/home/spaget/manipal/warehouse/src/ros2slam/install/minibotslam/share/minibotslam/package.ps1'
[1.792s] INFO:colcon.colcon_core.shell:Creating package descriptor '/home/spaget/manipal/warehouse/src/ros2slam/install/minibotslam/share/minibotslam/package.dsv'
[1.792s] INFO:colcon.colcon_core.shell:Creating package script '/home/spaget/manipal/warehouse/src/ros2slam/install/minibotslam/share/minibotslam/package.sh'
[1.793s] INFO:colcon.colcon_core.shell:Creating package script '/home/spaget/manipal/warehouse/src/ros2slam/install/minibotslam/share/minibotslam/package.bash'
[1.793s] INFO:colcon.colcon_core.shell:Creating package script '/home/spaget/manipal/warehouse/src/ros2slam/install/minibotslam/share/minibotslam/package.zsh'
[1.794s] Level 1:colcon.colcon_core.environment:create_file_with_runtime_dependencies(/home/spaget/manipal/warehouse/src/ros2slam/install/minibotslam/share/colcon-core/packages/minibotslam)
[1.794s] DEBUG:colcon.colcon_parallel_executor.executor.parallel:closing loop
[1.794s] DEBUG:colcon.colcon_parallel_executor.executor.parallel:loop closed
[1.794s] DEBUG:colcon.colcon_parallel_executor.executor.parallel:run_until_complete finished with '0'
[1.795s] DEBUG:colcon.colcon_core.event_reactor:joining thread
[1.802s] INFO:colcon.colcon_core.plugin_system:Skipping extension 'colcon_notification.desktop_notification.terminal_notifier': Not used on non-Darwin systems
[1.802s] INFO:colcon.colcon_core.plugin_system:Skipping extension 'colcon_notification.desktop_notification.win32': Not used on non-Windows systems
[1.802s] INFO:colcon.colcon_notification.desktop_notification:Sending desktop notification using 'notify2'
[1.815s] DEBUG:colcon.colcon_core.event_reactor:joined thread
[1.816s] INFO:colcon.colcon_core.shell:Creating prefix script '/home/spaget/manipal/warehouse/src/ros2slam/install/local_setup.ps1'
[1.817s] INFO:colcon.colcon_core.shell:Creating prefix util module '/home/spaget/manipal/warehouse/src/ros2slam/install/_local_setup_util_ps1.py'
[1.818s] INFO:colcon.colcon_core.shell:Creating prefix chain script '/home/spaget/manipal/warehouse/src/ros2slam/install/setup.ps1'
[1.820s] INFO:colcon.colcon_core.shell:Creating prefix script '/home/spaget/manipal/warehouse/src/ros2slam/install/local_setup.sh'
[1.820s] INFO:colcon.colcon_core.shell:Creating prefix util module '/home/spaget/manipal/warehouse/src/ros2slam/install/_local_setup_util_sh.py'
[1.821s] INFO:colcon.colcon_core.shell:Creating prefix chain script '/home/spaget/manipal/warehouse/src/ros2slam/install/setup.sh'
[1.822s] INFO:colcon.colcon_core.shell:Creating prefix script '/home/spaget/manipal/warehouse/src/ros2slam/install/local_setup.bash'
[1.823s] INFO:colcon.colcon_core.shell:Creating prefix chain script '/home/spaget/manipal/warehouse/src/ros2slam/install/setup.bash'
[1.824s] INFO:colcon.colcon_core.shell:Creating prefix script '/home/spaget/manipal/warehouse/src/ros2slam/install/local_setup.zsh'
[1.825s] INFO:colcon.colcon_core.shell:Creating prefix chain script '/home/spaget/manipal/warehouse/src/ros2slam/install/setup.zsh'
