[0.241s] Invoking command in '/home/spaget/manipal/warehouse/src/ros2slam/build/my_robot_controller': CMAKE_PREFIX_PATH=${CMAKE_PREFIX_PATH}:/home/spaget/manipal/warehouse/src/ros2slam/install/minibotslam:/opt/ros/humble /usr/bin/cmake --build /home/spaget/manipal/warehouse/src/ros2slam/build/my_robot_controller -- -j12 -l12
[0.281s] Invoked command in '/home/spaget/manipal/warehouse/src/ros2slam/build/my_robot_controller' returned '0': CMAKE_PREFIX_PATH=${CMAKE_PREFIX_PATH}:/home/spaget/manipal/warehouse/src/ros2slam/install/minibotslam:/opt/ros/humble /usr/bin/cmake --build /home/spaget/manipal/warehouse/src/ros2slam/build/my_robot_controller -- -j12 -l12
[0.294s] Invoking command in '/home/spaget/manipal/warehouse/src/ros2slam/build/my_robot_controller': CMAKE_PREFIX_PATH=${CMAKE_PREFIX_PATH}:/home/spaget/manipal/warehouse/src/ros2slam/install/minibotslam:/opt/ros/humble /usr/bin/cmake --install /home/spaget/manipal/warehouse/src/ros2slam/build/my_robot_controller
[0.303s] -- Install configuration: ""
[0.303s] -- Up-to-date: /home/spaget/manipal/warehouse/src/ros2slam/install/my_robot_controller/share/my_robot_controller//config
[0.303s] -- Up-to-date: /home/spaget/manipal/warehouse/src/ros2slam/install/my_robot_controller/share/my_robot_controller//config/robot_controller.yaml
[0.303s] -- Up-to-date: /home/spaget/manipal/warehouse/src/ros2slam/install/my_robot_controller/share/my_robot_controller//config/robot_coltroller.yaml
[0.303s] -- Up-to-date: /home/spaget/manipal/warehouse/src/ros2slam/install/my_robot_controller/share/my_robot_controller//launch
[0.304s] -- Up-to-date: /home/spaget/manipal/warehouse/src/ros2slam/install/my_robot_controller/share/my_robot_controller//launch/controller.launch.py
[0.304s] -- Up-to-date: /home/spaget/manipal/warehouse/src/ros2slam/install/my_robot_controller/share/my_robot_controller//launch/simple.launch.py
[0.304s] -- Up-to-date: /home/spaget/manipal/warehouse/src/ros2slam/install/my_robot_controller/share/ament_index/resource_index/package_run_dependencies/my_robot_controller
[0.304s] -- Up-to-date: /home/spaget/manipal/warehouse/src/ros2slam/install/my_robot_controller/share/ament_index/resource_index/parent_prefix_path/my_robot_controller
[0.304s] -- Up-to-date: /home/spaget/manipal/warehouse/src/ros2slam/install/my_robot_controller/share/my_robot_controller/environment/ament_prefix_path.sh
[0.304s] -- Up-to-date: /home/spaget/manipal/warehouse/src/ros2slam/install/my_robot_controller/share/my_robot_controller/environment/ament_prefix_path.dsv
[0.304s] -- Up-to-date: /home/spaget/manipal/warehouse/src/ros2slam/install/my_robot_controller/share/my_robot_controller/environment/path.sh
[0.305s] -- Up-to-date: /home/spaget/manipal/warehouse/src/ros2slam/install/my_robot_controller/share/my_robot_controller/environment/path.dsv
[0.305s] -- Up-to-date: /home/spaget/manipal/warehouse/src/ros2slam/install/my_robot_controller/share/my_robot_controller/local_setup.bash
[0.305s] -- Up-to-date: /home/spaget/manipal/warehouse/src/ros2slam/install/my_robot_controller/share/my_robot_controller/local_setup.sh
[0.305s] -- Up-to-date: /home/spaget/manipal/warehouse/src/ros2slam/install/my_robot_controller/share/my_robot_controller/local_setup.zsh
[0.305s] -- Up-to-date: /home/spaget/manipal/warehouse/src/ros2slam/install/my_robot_controller/share/my_robot_controller/local_setup.dsv
[0.305s] -- Installing: /home/spaget/manipal/warehouse/src/ros2slam/install/my_robot_controller/share/my_robot_controller/package.dsv
[0.305s] -- Up-to-date: /home/spaget/manipal/warehouse/src/ros2slam/install/my_robot_controller/share/ament_index/resource_index/packages/my_robot_controller
[0.305s] -- Up-to-date: /home/spaget/manipal/warehouse/src/ros2slam/install/my_robot_controller/share/my_robot_controller/cmake/my_robot_controllerConfig.cmake
[0.306s] -- Up-to-date: /home/spaget/manipal/warehouse/src/ros2slam/install/my_robot_controller/share/my_robot_controller/cmake/my_robot_controllerConfig-version.cmake
[0.306s] -- Up-to-date: /home/spaget/manipal/warehouse/src/ros2slam/install/my_robot_controller/share/my_robot_controller/package.xml
[0.308s] Invoked command in '/home/spaget/manipal/warehouse/src/ros2slam/build/my_robot_controller' returned '0': CMAKE_PREFIX_PATH=${CMAKE_PREFIX_PATH}:/home/spaget/manipal/warehouse/src/ros2slam/install/minibotslam:/opt/ros/humble /usr/bin/cmake --install /home/spaget/manipal/warehouse/src/ros2slam/build/my_robot_controller
