[0.105s] DEBUG:colcon:Command line arguments: ['/usr/bin/colcon', 'build']
[0.105s] DEBUG:colcon:Parsed command line arguments: Namespace(log_base=None, log_level=None, verb_name='build', build_base='build', install_base='install', merge_install=False, symlink_install=False, test_result_base=None, continue_on_error=False, executor='parallel', parallel_workers=12, event_handlers=None, ignore_user_meta=False, metas=['./colcon.meta'], base_paths=['.'], packages_ignore=None, packages_ignore_regex=None, paths=None, packages_up_to=None, packages_up_to_regex=None, packages_above=None, packages_above_and_dependencies=None, packages_above_depth=None, packages_select_by_dep=None, packages_skip_by_dep=None, packages_skip_up_to=None, packages_select_build_failed=False, packages_skip_build_finished=False, packages_select_test_failures=False, packages_skip_test_passed=False, packages_select=None, packages_skip=None, packages_select_regex=None, packages_skip_regex=None, packages_start=None, packages_end=None, allow_overriding=[], ament_gradle_args=None, ament_gradle_task=None, cmake_args=None, cmake_target=None, cmake_target_skip_unavailable=False, cmake_clean_cache=False, cmake_clean_first=False, cmake_force_configure=False, gradle_args=None, gradle_task=None, ament_cmake_args=None, catkin_cmake_args=None, catkin_skip_building_tests=False, mixin_files=None, mixin=None, verb_parser=<colcon_mixin.mixin.mixin_argument.MixinArgumentDecorator object at 0x7ad432b09990>, verb_extension=<colcon_core.verb.build.BuildVerb object at 0x7ad432b094e0>, main=<bound method BuildVerb.main of <colcon_core.verb.build.BuildVerb object at 0x7ad432b094e0>>, mixin_verb=('build',))
[0.108s] Level 1:colcon.colcon_core.package_discovery:discover_packages(colcon_meta) check parameters
[0.108s] Level 1:colcon.colcon_core.package_discovery:discover_packages(recursive) check parameters
[0.108s] Level 1:colcon.colcon_core.package_discovery:discover_packages(ignore) check parameters
[0.108s] Level 1:colcon.colcon_core.package_discovery:discover_packages(path) check parameters
[0.108s] Level 1:colcon.colcon_core.package_discovery:discover_packages(colcon_meta) discover
[0.108s] Level 1:colcon.colcon_core.package_discovery:discover_packages(recursive) discover
[0.108s] INFO:colcon.colcon_core.package_discovery:Crawling recursively for packages in '/home/spaget/manipal/warehouse/src/ros2slam'
[0.108s] Level 1:colcon.colcon_core.package_identification:_identify(.) by extensions ['ignore', 'ignore_ament_install']
[0.108s] Level 1:colcon.colcon_core.package_identification:_identify(.) by extension 'ignore'
[0.108s] Level 1:colcon.colcon_core.package_identification:_identify(.) by extension 'ignore_ament_install'
[0.108s] Level 1:colcon.colcon_core.package_identification:_identify(.) by extensions ['colcon_pkg']
[0.108s] Level 1:colcon.colcon_core.package_identification:_identify(.) by extension 'colcon_pkg'
[0.108s] Level 1:colcon.colcon_core.package_identification:_identify(.) by extensions ['colcon_meta']
[0.108s] Level 1:colcon.colcon_core.package_identification:_identify(.) by extension 'colcon_meta'
[0.108s] Level 1:colcon.colcon_core.package_identification:_identify(.) by extensions ['ament_gradle']
[0.108s] Level 1:colcon.colcon_core.package_identification:_identify(.) by extension 'ament_gradle'
[0.108s] Level 1:colcon.colcon_core.package_identification:_identify(.) by extensions ['ros']
[0.108s] Level 1:colcon.colcon_core.package_identification:_identify(.) by extension 'ros'
[0.119s] Level 1:colcon.colcon_core.package_identification:_identify(.) by extensions ['cmake', 'gradle', 'python']
[0.119s] Level 1:colcon.colcon_core.package_identification:_identify(.) by extension 'cmake'
[0.119s] Level 1:colcon.colcon_core.package_identification:_identify(.) by extension 'gradle'
[0.119s] Level 1:colcon.colcon_core.package_identification:_identify(.) by extension 'python'
[0.119s] Level 1:colcon.colcon_core.package_identification:_identify(.) by extensions ['python_setup_py']
[0.119s] Level 1:colcon.colcon_core.package_identification:_identify(.) by extension 'python_setup_py'
[0.119s] Level 1:colcon.colcon_core.package_identification:_identify(build) by extensions ['ignore', 'ignore_ament_install']
[0.119s] Level 1:colcon.colcon_core.package_identification:_identify(build) by extension 'ignore'
[0.119s] Level 1:colcon.colcon_core.package_identification:_identify(build) ignored
[0.119s] Level 1:colcon.colcon_core.package_identification:_identify(install) by extensions ['ignore', 'ignore_ament_install']
[0.119s] Level 1:colcon.colcon_core.package_identification:_identify(install) by extension 'ignore'
[0.119s] Level 1:colcon.colcon_core.package_identification:_identify(install) ignored
[0.119s] Level 1:colcon.colcon_core.package_identification:_identify(log) by extensions ['ignore', 'ignore_ament_install']
[0.119s] Level 1:colcon.colcon_core.package_identification:_identify(log) by extension 'ignore'
[0.119s] Level 1:colcon.colcon_core.package_identification:_identify(log) ignored
[0.119s] Level 1:colcon.colcon_core.package_identification:_identify(src) by extensions ['ignore', 'ignore_ament_install']
[0.119s] Level 1:colcon.colcon_core.package_identification:_identify(src) by extension 'ignore'
[0.119s] Level 1:colcon.colcon_core.package_identification:_identify(src) by extension 'ignore_ament_install'
[0.119s] Level 1:colcon.colcon_core.package_identification:_identify(src) by extensions ['colcon_pkg']
[0.119s] Level 1:colcon.colcon_core.package_identification:_identify(src) by extension 'colcon_pkg'
[0.119s] Level 1:colcon.colcon_core.package_identification:_identify(src) by extensions ['colcon_meta']
[0.120s] Level 1:colcon.colcon_core.package_identification:_identify(src) by extension 'colcon_meta'
[0.120s] Level 1:colcon.colcon_core.package_identification:_identify(src) by extensions ['ament_gradle']
[0.120s] Level 1:colcon.colcon_core.package_identification:_identify(src) by extension 'ament_gradle'
[0.120s] Level 1:colcon.colcon_core.package_identification:_identify(src) by extensions ['ros']
[0.120s] Level 1:colcon.colcon_core.package_identification:_identify(src) by extension 'ros'
[0.120s] Level 1:colcon.colcon_core.package_identification:_identify(src) by extensions ['cmake', 'gradle', 'python']
[0.120s] Level 1:colcon.colcon_core.package_identification:_identify(src) by extension 'cmake'
[0.120s] Level 1:colcon.colcon_core.package_identification:_identify(src) by extension 'gradle'
[0.120s] Level 1:colcon.colcon_core.package_identification:_identify(src) by extension 'python'
[0.120s] Level 1:colcon.colcon_core.package_identification:_identify(src) by extensions ['python_setup_py']
[0.120s] Level 1:colcon.colcon_core.package_identification:_identify(src) by extension 'python_setup_py'
[0.120s] Level 1:colcon.colcon_core.package_identification:_identify(src/minibotslam) by extensions ['ignore', 'ignore_ament_install']
[0.120s] Level 1:colcon.colcon_core.package_identification:_identify(src/minibotslam) by extension 'ignore'
[0.120s] Level 1:colcon.colcon_core.package_identification:_identify(src/minibotslam) by extension 'ignore_ament_install'
[0.120s] Level 1:colcon.colcon_core.package_identification:_identify(src/minibotslam) by extensions ['colcon_pkg']
[0.120s] Level 1:colcon.colcon_core.package_identification:_identify(src/minibotslam) by extension 'colcon_pkg'
[0.120s] Level 1:colcon.colcon_core.package_identification:_identify(src/minibotslam) by extensions ['colcon_meta']
[0.120s] Level 1:colcon.colcon_core.package_identification:_identify(src/minibotslam) by extension 'colcon_meta'
[0.120s] Level 1:colcon.colcon_core.package_identification:_identify(src/minibotslam) by extensions ['ament_gradle']
[0.120s] Level 1:colcon.colcon_core.package_identification:_identify(src/minibotslam) by extension 'ament_gradle'
[0.120s] Level 1:colcon.colcon_core.package_identification:_identify(src/minibotslam) by extensions ['ros']
[0.120s] Level 1:colcon.colcon_core.package_identification:_identify(src/minibotslam) by extension 'ros'
[0.122s] DEBUG:colcon.colcon_core.package_identification:Package 'src/minibotslam' with type 'ros.ament_python' and name 'minibotslam'
[0.122s] Level 1:colcon.colcon_core.package_identification:_identify(src/my_robot_controller) by extensions ['ignore', 'ignore_ament_install']
[0.122s] Level 1:colcon.colcon_core.package_identification:_identify(src/my_robot_controller) by extension 'ignore'
[0.122s] Level 1:colcon.colcon_core.package_identification:_identify(src/my_robot_controller) by extension 'ignore_ament_install'
[0.122s] Level 1:colcon.colcon_core.package_identification:_identify(src/my_robot_controller) by extensions ['colcon_pkg']
[0.122s] Level 1:colcon.colcon_core.package_identification:_identify(src/my_robot_controller) by extension 'colcon_pkg'
[0.122s] Level 1:colcon.colcon_core.package_identification:_identify(src/my_robot_controller) by extensions ['colcon_meta']
[0.122s] Level 1:colcon.colcon_core.package_identification:_identify(src/my_robot_controller) by extension 'colcon_meta'
[0.122s] Level 1:colcon.colcon_core.package_identification:_identify(src/my_robot_controller) by extensions ['ament_gradle']
[0.122s] Level 1:colcon.colcon_core.package_identification:_identify(src/my_robot_controller) by extension 'ament_gradle'
[0.122s] Level 1:colcon.colcon_core.package_identification:_identify(src/my_robot_controller) by extensions ['ros']
[0.122s] Level 1:colcon.colcon_core.package_identification:_identify(src/my_robot_controller) by extension 'ros'
[0.123s] DEBUG:colcon.colcon_core.package_identification:Package 'src/my_robot_controller' with type 'ros.ament_cmake' and name 'my_robot_controller'
[0.123s] Level 1:colcon.colcon_core.package_identification:_identify(src/my_robot_description) by extensions ['ignore', 'ignore_ament_install']
[0.123s] Level 1:colcon.colcon_core.package_identification:_identify(src/my_robot_description) by extension 'ignore'
[0.123s] Level 1:colcon.colcon_core.package_identification:_identify(src/my_robot_description) by extension 'ignore_ament_install'
[0.123s] Level 1:colcon.colcon_core.package_identification:_identify(src/my_robot_description) by extensions ['colcon_pkg']
[0.123s] Level 1:colcon.colcon_core.package_identification:_identify(src/my_robot_description) by extension 'colcon_pkg'
[0.123s] Level 1:colcon.colcon_core.package_identification:_identify(src/my_robot_description) by extensions ['colcon_meta']
[0.123s] Level 1:colcon.colcon_core.package_identification:_identify(src/my_robot_description) by extension 'colcon_meta'
[0.123s] Level 1:colcon.colcon_core.package_identification:_identify(src/my_robot_description) by extensions ['ament_gradle']
[0.123s] Level 1:colcon.colcon_core.package_identification:_identify(src/my_robot_description) by extension 'ament_gradle'
[0.123s] Level 1:colcon.colcon_core.package_identification:_identify(src/my_robot_description) by extensions ['ros']
[0.123s] Level 1:colcon.colcon_core.package_identification:_identify(src/my_robot_description) by extension 'ros'
[0.123s] DEBUG:colcon.colcon_core.package_identification:Package 'src/my_robot_description' with type 'ros.ament_cmake' and name 'my_robot_description'
[0.123s] Level 1:colcon.colcon_core.package_identification:_identify(src/rplidar_ros) by extensions ['ignore', 'ignore_ament_install']
[0.123s] Level 1:colcon.colcon_core.package_identification:_identify(src/rplidar_ros) by extension 'ignore'
[0.123s] Level 1:colcon.colcon_core.package_identification:_identify(src/rplidar_ros) by extension 'ignore_ament_install'
[0.123s] Level 1:colcon.colcon_core.package_identification:_identify(src/rplidar_ros) by extensions ['colcon_pkg']
[0.123s] Level 1:colcon.colcon_core.package_identification:_identify(src/rplidar_ros) by extension 'colcon_pkg'
[0.123s] Level 1:colcon.colcon_core.package_identification:_identify(src/rplidar_ros) by extensions ['colcon_meta']
[0.124s] Level 1:colcon.colcon_core.package_identification:_identify(src/rplidar_ros) by extension 'colcon_meta'
[0.124s] Level 1:colcon.colcon_core.package_identification:_identify(src/rplidar_ros) by extensions ['ament_gradle']
[0.124s] Level 1:colcon.colcon_core.package_identification:_identify(src/rplidar_ros) by extension 'ament_gradle'
[0.124s] Level 1:colcon.colcon_core.package_identification:_identify(src/rplidar_ros) by extensions ['ros']
[0.124s] Level 1:colcon.colcon_core.package_identification:_identify(src/rplidar_ros) by extension 'ros'
[0.124s] DEBUG:colcon.colcon_core.package_identification:Package 'src/rplidar_ros' with type 'ros.ament_cmake' and name 'rplidar_ros'
[0.124s] Level 1:colcon.colcon_core.package_discovery:discover_packages(recursive) using defaults
[0.124s] Level 1:colcon.colcon_core.package_discovery:discover_packages(ignore) discover
[0.124s] Level 1:colcon.colcon_core.package_discovery:discover_packages(ignore) using defaults
[0.124s] Level 1:colcon.colcon_core.package_discovery:discover_packages(path) discover
[0.124s] Level 1:colcon.colcon_core.package_discovery:discover_packages(path) using defaults
[0.138s] Level 1:colcon.colcon_core.package_discovery:discover_packages(prefix_path) check parameters
[0.138s] Level 1:colcon.colcon_core.package_discovery:discover_packages(prefix_path) discover
[0.139s] DEBUG:colcon.colcon_installed_package_information.package_discovery:Found 4 installed packages in /home/spaget/manipal/warehouse/src/ros2slam/install
[0.140s] DEBUG:colcon.colcon_installed_package_information.package_discovery:Found 417 installed packages in /opt/ros/humble
[0.142s] Level 1:colcon.colcon_core.package_discovery:discover_packages(prefix_path) using defaults
[0.175s] Level 5:colcon.colcon_core.verb:set package 'minibotslam' build argument 'ament_gradle_args' from command line to 'None'
[0.175s] Level 5:colcon.colcon_core.verb:set package 'minibotslam' build argument 'ament_gradle_task' from command line to 'None'
[0.175s] Level 5:colcon.colcon_core.verb:set package 'minibotslam' build argument 'cmake_args' from command line to 'None'
[0.175s] Level 5:colcon.colcon_core.verb:set package 'minibotslam' build argument 'cmake_target' from command line to 'None'
[0.175s] Level 5:colcon.colcon_core.verb:set package 'minibotslam' build argument 'cmake_target_skip_unavailable' from command line to 'False'
[0.175s] Level 5:colcon.colcon_core.verb:set package 'minibotslam' build argument 'cmake_clean_cache' from command line to 'False'
[0.175s] Level 5:colcon.colcon_core.verb:set package 'minibotslam' build argument 'cmake_clean_first' from command line to 'False'
[0.175s] Level 5:colcon.colcon_core.verb:set package 'minibotslam' build argument 'cmake_force_configure' from command line to 'False'
[0.175s] Level 5:colcon.colcon_core.verb:set package 'minibotslam' build argument 'gradle_args' from command line to 'None'
[0.175s] Level 5:colcon.colcon_core.verb:set package 'minibotslam' build argument 'gradle_task' from command line to 'None'
[0.175s] Level 5:colcon.colcon_core.verb:set package 'minibotslam' build argument 'ament_cmake_args' from command line to 'None'
[0.175s] Level 5:colcon.colcon_core.verb:set package 'minibotslam' build argument 'catkin_cmake_args' from command line to 'None'
[0.175s] Level 5:colcon.colcon_core.verb:set package 'minibotslam' build argument 'catkin_skip_building_tests' from command line to 'False'
[0.175s] DEBUG:colcon.colcon_core.verb:Building package 'minibotslam' with the following arguments: {'ament_cmake_args': None, 'ament_gradle_args': None, 'ament_gradle_task': None, 'build_base': '/home/spaget/manipal/warehouse/src/ros2slam/build/minibotslam', 'catkin_cmake_args': None, 'catkin_skip_building_tests': False, 'cmake_args': None, 'cmake_clean_cache': False, 'cmake_clean_first': False, 'cmake_force_configure': False, 'cmake_target': None, 'cmake_target_skip_unavailable': False, 'gradle_args': None, 'gradle_task': None, 'install_base': '/home/spaget/manipal/warehouse/src/ros2slam/install/minibotslam', 'merge_install': False, 'path': '/home/spaget/manipal/warehouse/src/ros2slam/src/minibotslam', 'symlink_install': False, 'test_result_base': None}
[0.175s] Level 5:colcon.colcon_core.verb:set package 'my_robot_controller' build argument 'ament_gradle_args' from command line to 'None'
[0.175s] Level 5:colcon.colcon_core.verb:set package 'my_robot_controller' build argument 'ament_gradle_task' from command line to 'None'
[0.175s] Level 5:colcon.colcon_core.verb:set package 'my_robot_controller' build argument 'cmake_args' from command line to 'None'
[0.175s] Level 5:colcon.colcon_core.verb:set package 'my_robot_controller' build argument 'cmake_target' from command line to 'None'
[0.175s] Level 5:colcon.colcon_core.verb:set package 'my_robot_controller' build argument 'cmake_target_skip_unavailable' from command line to 'False'
[0.175s] Level 5:colcon.colcon_core.verb:set package 'my_robot_controller' build argument 'cmake_clean_cache' from command line to 'False'
[0.175s] Level 5:colcon.colcon_core.verb:set package 'my_robot_controller' build argument 'cmake_clean_first' from command line to 'False'
[0.175s] Level 5:colcon.colcon_core.verb:set package 'my_robot_controller' build argument 'cmake_force_configure' from command line to 'False'
[0.175s] Level 5:colcon.colcon_core.verb:set package 'my_robot_controller' build argument 'gradle_args' from command line to 'None'
[0.175s] Level 5:colcon.colcon_core.verb:set package 'my_robot_controller' build argument 'gradle_task' from command line to 'None'
[0.175s] Level 5:colcon.colcon_core.verb:set package 'my_robot_controller' build argument 'ament_cmake_args' from command line to 'None'
[0.176s] Level 5:colcon.colcon_core.verb:set package 'my_robot_controller' build argument 'catkin_cmake_args' from command line to 'None'
[0.176s] Level 5:colcon.colcon_core.verb:set package 'my_robot_controller' build argument 'catkin_skip_building_tests' from command line to 'False'
[0.176s] DEBUG:colcon.colcon_core.verb:Building package 'my_robot_controller' with the following arguments: {'ament_cmake_args': None, 'ament_gradle_args': None, 'ament_gradle_task': None, 'build_base': '/home/spaget/manipal/warehouse/src/ros2slam/build/my_robot_controller', 'catkin_cmake_args': None, 'catkin_skip_building_tests': False, 'cmake_args': None, 'cmake_clean_cache': False, 'cmake_clean_first': False, 'cmake_force_configure': False, 'cmake_target': None, 'cmake_target_skip_unavailable': False, 'gradle_args': None, 'gradle_task': None, 'install_base': '/home/spaget/manipal/warehouse/src/ros2slam/install/my_robot_controller', 'merge_install': False, 'path': '/home/spaget/manipal/warehouse/src/ros2slam/src/my_robot_controller', 'symlink_install': False, 'test_result_base': None}
[0.176s] Level 5:colcon.colcon_core.verb:set package 'my_robot_description' build argument 'ament_gradle_args' from command line to 'None'
[0.176s] Level 5:colcon.colcon_core.verb:set package 'my_robot_description' build argument 'ament_gradle_task' from command line to 'None'
[0.176s] Level 5:colcon.colcon_core.verb:set package 'my_robot_description' build argument 'cmake_args' from command line to 'None'
[0.176s] Level 5:colcon.colcon_core.verb:set package 'my_robot_description' build argument 'cmake_target' from command line to 'None'
[0.176s] Level 5:colcon.colcon_core.verb:set package 'my_robot_description' build argument 'cmake_target_skip_unavailable' from command line to 'False'
[0.176s] Level 5:colcon.colcon_core.verb:set package 'my_robot_description' build argument 'cmake_clean_cache' from command line to 'False'
[0.176s] Level 5:colcon.colcon_core.verb:set package 'my_robot_description' build argument 'cmake_clean_first' from command line to 'False'
[0.176s] Level 5:colcon.colcon_core.verb:set package 'my_robot_description' build argument 'cmake_force_configure' from command line to 'False'
[0.176s] Level 5:colcon.colcon_core.verb:set package 'my_robot_description' build argument 'gradle_args' from command line to 'None'
[0.176s] Level 5:colcon.colcon_core.verb:set package 'my_robot_description' build argument 'gradle_task' from command line to 'None'
[0.176s] Level 5:colcon.colcon_core.verb:set package 'my_robot_description' build argument 'ament_cmake_args' from command line to 'None'
[0.176s] Level 5:colcon.colcon_core.verb:set package 'my_robot_description' build argument 'catkin_cmake_args' from command line to 'None'
[0.176s] Level 5:colcon.colcon_core.verb:set package 'my_robot_description' build argument 'catkin_skip_building_tests' from command line to 'False'
[0.176s] DEBUG:colcon.colcon_core.verb:Building package 'my_robot_description' with the following arguments: {'ament_cmake_args': None, 'ament_gradle_args': None, 'ament_gradle_task': None, 'build_base': '/home/spaget/manipal/warehouse/src/ros2slam/build/my_robot_description', 'catkin_cmake_args': None, 'catkin_skip_building_tests': False, 'cmake_args': None, 'cmake_clean_cache': False, 'cmake_clean_first': False, 'cmake_force_configure': False, 'cmake_target': None, 'cmake_target_skip_unavailable': False, 'gradle_args': None, 'gradle_task': None, 'install_base': '/home/spaget/manipal/warehouse/src/ros2slam/install/my_robot_description', 'merge_install': False, 'path': '/home/spaget/manipal/warehouse/src/ros2slam/src/my_robot_description', 'symlink_install': False, 'test_result_base': None}
[0.176s] Level 5:colcon.colcon_core.verb:set package 'rplidar_ros' build argument 'ament_gradle_args' from command line to 'None'
[0.176s] Level 5:colcon.colcon_core.verb:set package 'rplidar_ros' build argument 'ament_gradle_task' from command line to 'None'
[0.176s] Level 5:colcon.colcon_core.verb:set package 'rplidar_ros' build argument 'cmake_args' from command line to 'None'
[0.176s] Level 5:colcon.colcon_core.verb:set package 'rplidar_ros' build argument 'cmake_target' from command line to 'None'
[0.176s] Level 5:colcon.colcon_core.verb:set package 'rplidar_ros' build argument 'cmake_target_skip_unavailable' from command line to 'False'
[0.176s] Level 5:colcon.colcon_core.verb:set package 'rplidar_ros' build argument 'cmake_clean_cache' from command line to 'False'
[0.176s] Level 5:colcon.colcon_core.verb:set package 'rplidar_ros' build argument 'cmake_clean_first' from command line to 'False'
[0.176s] Level 5:colcon.colcon_core.verb:set package 'rplidar_ros' build argument 'cmake_force_configure' from command line to 'False'
[0.176s] Level 5:colcon.colcon_core.verb:set package 'rplidar_ros' build argument 'gradle_args' from command line to 'None'
[0.176s] Level 5:colcon.colcon_core.verb:set package 'rplidar_ros' build argument 'gradle_task' from command line to 'None'
[0.176s] Level 5:colcon.colcon_core.verb:set package 'rplidar_ros' build argument 'ament_cmake_args' from command line to 'None'
[0.176s] Level 5:colcon.colcon_core.verb:set package 'rplidar_ros' build argument 'catkin_cmake_args' from command line to 'None'
[0.176s] Level 5:colcon.colcon_core.verb:set package 'rplidar_ros' build argument 'catkin_skip_building_tests' from command line to 'False'
[0.176s] DEBUG:colcon.colcon_core.verb:Building package 'rplidar_ros' with the following arguments: {'ament_cmake_args': None, 'ament_gradle_args': None, 'ament_gradle_task': None, 'build_base': '/home/spaget/manipal/warehouse/src/ros2slam/build/rplidar_ros', 'catkin_cmake_args': None, 'catkin_skip_building_tests': False, 'cmake_args': None, 'cmake_clean_cache': False, 'cmake_clean_first': False, 'cmake_force_configure': False, 'cmake_target': None, 'cmake_target_skip_unavailable': False, 'gradle_args': None, 'gradle_task': None, 'install_base': '/home/spaget/manipal/warehouse/src/ros2slam/install/rplidar_ros', 'merge_install': False, 'path': '/home/spaget/manipal/warehouse/src/ros2slam/src/rplidar_ros', 'symlink_install': False, 'test_result_base': None}
[0.177s] INFO:colcon.colcon_core.executor:Executing jobs using 'parallel' executor
[0.177s] DEBUG:colcon.colcon_parallel_executor.executor.parallel:run_until_complete
[0.178s] INFO:colcon.colcon_ros.task.ament_python.build:Building ROS package in '/home/spaget/manipal/warehouse/src/ros2slam/src/minibotslam' with build type 'ament_python'
[0.178s] Level 1:colcon.colcon_core.shell:create_environment_hook('minibotslam', 'ament_prefix_path')
[0.179s] INFO:colcon.colcon_core.plugin_system:Skipping extension 'colcon_core.shell.bat': Not used on non-Windows systems
[0.179s] INFO:colcon.colcon_core.shell:Creating environment hook '/home/spaget/manipal/warehouse/src/ros2slam/install/minibotslam/share/minibotslam/hook/ament_prefix_path.ps1'
[0.180s] INFO:colcon.colcon_core.shell:Creating environment descriptor '/home/spaget/manipal/warehouse/src/ros2slam/install/minibotslam/share/minibotslam/hook/ament_prefix_path.dsv'
[0.180s] INFO:colcon.colcon_core.shell:Creating environment hook '/home/spaget/manipal/warehouse/src/ros2slam/install/minibotslam/share/minibotslam/hook/ament_prefix_path.sh'
[0.180s] INFO:colcon.colcon_core.shell:Skip shell extension 'powershell' for command environment: Not usable outside of PowerShell
[0.180s] DEBUG:colcon.colcon_core.shell:Skip shell extension 'dsv' for command environment
[0.183s] INFO:colcon.colcon_ros.task.ament_cmake.build:Building ROS package in '/home/spaget/manipal/warehouse/src/ros2slam/src/my_robot_controller' with build type 'ament_cmake'
[0.183s] INFO:colcon.colcon_cmake.task.cmake.build:Building CMake package in '/home/spaget/manipal/warehouse/src/ros2slam/src/my_robot_controller'
[0.183s] INFO:colcon.colcon_core.shell:Skip shell extension 'powershell' for command environment: Not usable outside of PowerShell
[0.184s] DEBUG:colcon.colcon_core.shell:Skip shell extension 'dsv' for command environment
[0.186s] INFO:colcon.colcon_ros.task.ament_cmake.build:Building ROS package in '/home/spaget/manipal/warehouse/src/ros2slam/src/my_robot_description' with build type 'ament_cmake'
[0.186s] INFO:colcon.colcon_cmake.task.cmake.build:Building CMake package in '/home/spaget/manipal/warehouse/src/ros2slam/src/my_robot_description'
[0.186s] INFO:colcon.colcon_core.shell:Skip shell extension 'powershell' for command environment: Not usable outside of PowerShell
[0.186s] DEBUG:colcon.colcon_core.shell:Skip shell extension 'dsv' for command environment
[0.188s] INFO:colcon.colcon_ros.task.ament_cmake.build:Building ROS package in '/home/spaget/manipal/warehouse/src/ros2slam/src/rplidar_ros' with build type 'ament_cmake'
[0.188s] INFO:colcon.colcon_cmake.task.cmake.build:Building CMake package in '/home/spaget/manipal/warehouse/src/ros2slam/src/rplidar_ros'
[0.189s] INFO:colcon.colcon_core.shell:Skip shell extension 'powershell' for command environment: Not usable outside of PowerShell
[0.189s] DEBUG:colcon.colcon_core.shell:Skip shell extension 'dsv' for command environment
[0.348s] INFO:colcon.colcon_core.task.python.build:Building Python package in '/home/spaget/manipal/warehouse/src/ros2slam/src/minibotslam'
[0.348s] INFO:colcon.colcon_core.shell:Skip shell extension 'powershell' for command environment: Not usable outside of PowerShell
[0.348s] DEBUG:colcon.colcon_core.shell:Skip shell extension 'dsv' for command environment
[0.354s] DEBUG:colcon.colcon_core.event_handler.log_command:Invoking command in '/home/spaget/manipal/warehouse/src/ros2slam/build/my_robot_controller': CMAKE_PREFIX_PATH=${CMAKE_PREFIX_PATH}:/home/spaget/manipal/warehouse/src/ros2slam/install/minibotslam:/opt/ros/humble /usr/bin/cmake --build /home/spaget/manipal/warehouse/src/ros2slam/build/my_robot_controller -- -j12 -l12
[0.356s] DEBUG:colcon.colcon_core.event_handler.log_command:Invoking command in '/home/spaget/manipal/warehouse/src/ros2slam/build/my_robot_description': CMAKE_PREFIX_PATH=${CMAKE_PREFIX_PATH}:/home/spaget/manipal/warehouse/src/ros2slam/install/minibotslam:/opt/ros/humble /usr/bin/cmake --build /home/spaget/manipal/warehouse/src/ros2slam/build/my_robot_description -- -j12 -l12
[0.359s] DEBUG:colcon.colcon_core.event_handler.log_command:Invoking command in '/home/spaget/manipal/warehouse/src/ros2slam/build/rplidar_ros': CMAKE_PREFIX_PATH=${CMAKE_PREFIX_PATH}:/home/spaget/manipal/warehouse/src/ros2slam/install/minibotslam:/opt/ros/humble /usr/bin/cmake --build /home/spaget/manipal/warehouse/src/ros2slam/build/rplidar_ros -- -j12 -l12
[0.379s] DEBUG:colcon.colcon_core.event_handler.log_command:Invoked command in '/home/spaget/manipal/warehouse/src/ros2slam/build/my_robot_controller' returned '0': CMAKE_PREFIX_PATH=${CMAKE_PREFIX_PATH}:/home/spaget/manipal/warehouse/src/ros2slam/install/minibotslam:/opt/ros/humble /usr/bin/cmake --build /home/spaget/manipal/warehouse/src/ros2slam/build/my_robot_controller -- -j12 -l12
[0.386s] DEBUG:colcon.colcon_core.event_handler.log_command:Invoking command in '/home/spaget/manipal/warehouse/src/ros2slam/build/my_robot_controller': CMAKE_PREFIX_PATH=${CMAKE_PREFIX_PATH}:/home/spaget/manipal/warehouse/src/ros2slam/install/minibotslam:/opt/ros/humble /usr/bin/cmake --install /home/spaget/manipal/warehouse/src/ros2slam/build/my_robot_controller
[0.387s] DEBUG:colcon.colcon_core.event_handler.log_command:Invoked command in '/home/spaget/manipal/warehouse/src/ros2slam/build/my_robot_description' returned '0': CMAKE_PREFIX_PATH=${CMAKE_PREFIX_PATH}:/home/spaget/manipal/warehouse/src/ros2slam/install/minibotslam:/opt/ros/humble /usr/bin/cmake --build /home/spaget/manipal/warehouse/src/ros2slam/build/my_robot_description -- -j12 -l12
[0.389s] DEBUG:colcon.colcon_core.event_handler.log_command:Invoking command in '/home/spaget/manipal/warehouse/src/ros2slam/build/my_robot_description': CMAKE_PREFIX_PATH=${CMAKE_PREFIX_PATH}:/home/spaget/manipal/warehouse/src/ros2slam/install/minibotslam:/opt/ros/humble /usr/bin/cmake --install /home/spaget/manipal/warehouse/src/ros2slam/build/my_robot_description
[0.393s] Level 1:colcon.colcon_core.environment:create_environment_scripts_only(my_robot_controller)
[0.393s] DEBUG:colcon.colcon_core.event_handler.log_command:Invoked command in '/home/spaget/manipal/warehouse/src/ros2slam/build/my_robot_controller' returned '0': CMAKE_PREFIX_PATH=${CMAKE_PREFIX_PATH}:/home/spaget/manipal/warehouse/src/ros2slam/install/minibotslam:/opt/ros/humble /usr/bin/cmake --install /home/spaget/manipal/warehouse/src/ros2slam/build/my_robot_controller
[0.397s] Level 1:colcon.colcon_core.environment:checking '/home/spaget/manipal/warehouse/src/ros2slam/install/my_robot_controller' for CMake module files
[0.397s] Level 1:colcon.colcon_core.environment:checking '/home/spaget/manipal/warehouse/src/ros2slam/install/my_robot_controller' for CMake config files
[0.399s] Level 1:colcon.colcon_core.shell:create_environment_hook('my_robot_controller', 'cmake_prefix_path')
[0.399s] INFO:colcon.colcon_core.shell:Creating environment hook '/home/spaget/manipal/warehouse/src/ros2slam/install/my_robot_controller/share/my_robot_controller/hook/cmake_prefix_path.ps1'
[0.399s] INFO:colcon.colcon_core.shell:Creating environment descriptor '/home/spaget/manipal/warehouse/src/ros2slam/install/my_robot_controller/share/my_robot_controller/hook/cmake_prefix_path.dsv'
[0.400s] INFO:colcon.colcon_core.shell:Creating environment hook '/home/spaget/manipal/warehouse/src/ros2slam/install/my_robot_controller/share/my_robot_controller/hook/cmake_prefix_path.sh'
[0.401s] Level 1:colcon.colcon_core.environment:checking '/home/spaget/manipal/warehouse/src/ros2slam/install/my_robot_controller/bin'
[0.401s] Level 1:colcon.colcon_core.environment:checking '/home/spaget/manipal/warehouse/src/ros2slam/install/my_robot_controller/lib/pkgconfig/my_robot_controller.pc'
[0.401s] Level 1:colcon.colcon_core.environment:checking '/home/spaget/manipal/warehouse/src/ros2slam/install/my_robot_controller/lib/python3.10/site-packages'
[0.401s] Level 1:colcon.colcon_core.environment:checking '/home/spaget/manipal/warehouse/src/ros2slam/install/my_robot_controller/bin'
[0.401s] INFO:colcon.colcon_core.shell:Creating package script '/home/spaget/manipal/warehouse/src/ros2slam/install/my_robot_controller/share/my_robot_controller/package.ps1'
[0.402s] INFO:colcon.colcon_core.shell:Creating package descriptor '/home/spaget/manipal/warehouse/src/ros2slam/install/my_robot_controller/share/my_robot_controller/package.dsv'
[0.403s] INFO:colcon.colcon_core.shell:Creating package script '/home/spaget/manipal/warehouse/src/ros2slam/install/my_robot_controller/share/my_robot_controller/package.sh'
[0.403s] INFO:colcon.colcon_core.shell:Creating package script '/home/spaget/manipal/warehouse/src/ros2slam/install/my_robot_controller/share/my_robot_controller/package.bash'
[0.404s] INFO:colcon.colcon_core.shell:Creating package script '/home/spaget/manipal/warehouse/src/ros2slam/install/my_robot_controller/share/my_robot_controller/package.zsh'
[0.404s] Level 1:colcon.colcon_core.environment:create_file_with_runtime_dependencies(/home/spaget/manipal/warehouse/src/ros2slam/install/my_robot_controller/share/colcon-core/packages/my_robot_controller)
[0.405s] Level 1:colcon.colcon_core.environment:create_environment_scripts_only(my_robot_controller)
[0.405s] Level 1:colcon.colcon_core.environment:checking '/home/spaget/manipal/warehouse/src/ros2slam/install/my_robot_controller' for CMake module files
[0.406s] Level 1:colcon.colcon_core.environment:checking '/home/spaget/manipal/warehouse/src/ros2slam/install/my_robot_controller' for CMake config files
[0.406s] Level 1:colcon.colcon_core.shell:create_environment_hook('my_robot_controller', 'cmake_prefix_path')
[0.406s] INFO:colcon.colcon_core.shell:Creating environment hook '/home/spaget/manipal/warehouse/src/ros2slam/install/my_robot_controller/share/my_robot_controller/hook/cmake_prefix_path.ps1'
[0.406s] INFO:colcon.colcon_core.shell:Creating environment descriptor '/home/spaget/manipal/warehouse/src/ros2slam/install/my_robot_controller/share/my_robot_controller/hook/cmake_prefix_path.dsv'
[0.406s] INFO:colcon.colcon_core.shell:Creating environment hook '/home/spaget/manipal/warehouse/src/ros2slam/install/my_robot_controller/share/my_robot_controller/hook/cmake_prefix_path.sh'
[0.407s] Level 1:colcon.colcon_core.environment:checking '/home/spaget/manipal/warehouse/src/ros2slam/install/my_robot_controller/bin'
[0.407s] Level 1:colcon.colcon_core.environment:checking '/home/spaget/manipal/warehouse/src/ros2slam/install/my_robot_controller/lib/pkgconfig/my_robot_controller.pc'
[0.407s] Level 1:colcon.colcon_core.environment:checking '/home/spaget/manipal/warehouse/src/ros2slam/install/my_robot_controller/lib/python3.10/site-packages'
[0.407s] Level 1:colcon.colcon_core.environment:checking '/home/spaget/manipal/warehouse/src/ros2slam/install/my_robot_controller/bin'
[0.407s] INFO:colcon.colcon_core.shell:Creating package script '/home/spaget/manipal/warehouse/src/ros2slam/install/my_robot_controller/share/my_robot_controller/package.ps1'
[0.408s] INFO:colcon.colcon_core.shell:Creating package descriptor '/home/spaget/manipal/warehouse/src/ros2slam/install/my_robot_controller/share/my_robot_controller/package.dsv'
[0.408s] INFO:colcon.colcon_core.shell:Creating package script '/home/spaget/manipal/warehouse/src/ros2slam/install/my_robot_controller/share/my_robot_controller/package.sh'
[0.408s] INFO:colcon.colcon_core.shell:Creating package script '/home/spaget/manipal/warehouse/src/ros2slam/install/my_robot_controller/share/my_robot_controller/package.bash'
[0.408s] INFO:colcon.colcon_core.shell:Creating package script '/home/spaget/manipal/warehouse/src/ros2slam/install/my_robot_controller/share/my_robot_controller/package.zsh'
[0.409s] Level 1:colcon.colcon_core.environment:create_file_with_runtime_dependencies(/home/spaget/manipal/warehouse/src/ros2slam/install/my_robot_controller/share/colcon-core/packages/my_robot_controller)
[0.409s] Level 1:colcon.colcon_core.environment:create_environment_scripts_only(my_robot_description)
[0.410s] Level 1:colcon.colcon_core.environment:checking '/home/spaget/manipal/warehouse/src/ros2slam/install/my_robot_description' for CMake module files
[0.410s] DEBUG:colcon.colcon_core.event_handler.log_command:Invoked command in '/home/spaget/manipal/warehouse/src/ros2slam/build/my_robot_description' returned '0': CMAKE_PREFIX_PATH=${CMAKE_PREFIX_PATH}:/home/spaget/manipal/warehouse/src/ros2slam/install/minibotslam:/opt/ros/humble /usr/bin/cmake --install /home/spaget/manipal/warehouse/src/ros2slam/build/my_robot_description
[0.410s] Level 1:colcon.colcon_core.environment:checking '/home/spaget/manipal/warehouse/src/ros2slam/install/my_robot_description' for CMake config files
[0.410s] Level 1:colcon.colcon_core.shell:create_environment_hook('my_robot_description', 'cmake_prefix_path')
[0.411s] INFO:colcon.colcon_core.shell:Creating environment hook '/home/spaget/manipal/warehouse/src/ros2slam/install/my_robot_description/share/my_robot_description/hook/cmake_prefix_path.ps1'
[0.411s] INFO:colcon.colcon_core.shell:Creating environment descriptor '/home/spaget/manipal/warehouse/src/ros2slam/install/my_robot_description/share/my_robot_description/hook/cmake_prefix_path.dsv'
[0.411s] INFO:colcon.colcon_core.shell:Creating environment hook '/home/spaget/manipal/warehouse/src/ros2slam/install/my_robot_description/share/my_robot_description/hook/cmake_prefix_path.sh'
[0.412s] Level 1:colcon.colcon_core.environment:checking '/home/spaget/manipal/warehouse/src/ros2slam/install/my_robot_description/bin'
[0.412s] Level 1:colcon.colcon_core.environment:checking '/home/spaget/manipal/warehouse/src/ros2slam/install/my_robot_description/lib/pkgconfig/my_robot_description.pc'
[0.412s] Level 1:colcon.colcon_core.environment:checking '/home/spaget/manipal/warehouse/src/ros2slam/install/my_robot_description/lib/python3.10/site-packages'
[0.412s] Level 1:colcon.colcon_core.environment:checking '/home/spaget/manipal/warehouse/src/ros2slam/install/my_robot_description/bin'
[0.412s] INFO:colcon.colcon_core.shell:Creating package script '/home/spaget/manipal/warehouse/src/ros2slam/install/my_robot_description/share/my_robot_description/package.ps1'
[0.413s] INFO:colcon.colcon_core.shell:Creating package descriptor '/home/spaget/manipal/warehouse/src/ros2slam/install/my_robot_description/share/my_robot_description/package.dsv'
[0.413s] INFO:colcon.colcon_core.shell:Creating package script '/home/spaget/manipal/warehouse/src/ros2slam/install/my_robot_description/share/my_robot_description/package.sh'
[0.413s] INFO:colcon.colcon_core.shell:Creating package script '/home/spaget/manipal/warehouse/src/ros2slam/install/my_robot_description/share/my_robot_description/package.bash'
[0.413s] INFO:colcon.colcon_core.shell:Creating package script '/home/spaget/manipal/warehouse/src/ros2slam/install/my_robot_description/share/my_robot_description/package.zsh'
[0.414s] Level 1:colcon.colcon_core.environment:create_file_with_runtime_dependencies(/home/spaget/manipal/warehouse/src/ros2slam/install/my_robot_description/share/colcon-core/packages/my_robot_description)
[0.414s] Level 1:colcon.colcon_core.environment:create_environment_scripts_only(my_robot_description)
[0.414s] Level 1:colcon.colcon_core.environment:checking '/home/spaget/manipal/warehouse/src/ros2slam/install/my_robot_description' for CMake module files
[0.414s] Level 1:colcon.colcon_core.environment:checking '/home/spaget/manipal/warehouse/src/ros2slam/install/my_robot_description' for CMake config files
[0.415s] Level 1:colcon.colcon_core.shell:create_environment_hook('my_robot_description', 'cmake_prefix_path')
[0.415s] INFO:colcon.colcon_core.shell:Creating environment hook '/home/spaget/manipal/warehouse/src/ros2slam/install/my_robot_description/share/my_robot_description/hook/cmake_prefix_path.ps1'
[0.415s] INFO:colcon.colcon_core.shell:Creating environment descriptor '/home/spaget/manipal/warehouse/src/ros2slam/install/my_robot_description/share/my_robot_description/hook/cmake_prefix_path.dsv'
[0.415s] INFO:colcon.colcon_core.shell:Creating environment hook '/home/spaget/manipal/warehouse/src/ros2slam/install/my_robot_description/share/my_robot_description/hook/cmake_prefix_path.sh'
[0.416s] Level 1:colcon.colcon_core.environment:checking '/home/spaget/manipal/warehouse/src/ros2slam/install/my_robot_description/bin'
[0.416s] Level 1:colcon.colcon_core.environment:checking '/home/spaget/manipal/warehouse/src/ros2slam/install/my_robot_description/lib/pkgconfig/my_robot_description.pc'
[0.416s] Level 1:colcon.colcon_core.environment:checking '/home/spaget/manipal/warehouse/src/ros2slam/install/my_robot_description/lib/python3.10/site-packages'
[0.416s] Level 1:colcon.colcon_core.environment:checking '/home/spaget/manipal/warehouse/src/ros2slam/install/my_robot_description/bin'
[0.416s] INFO:colcon.colcon_core.shell:Creating package script '/home/spaget/manipal/warehouse/src/ros2slam/install/my_robot_description/share/my_robot_description/package.ps1'
[0.417s] INFO:colcon.colcon_core.shell:Creating package descriptor '/home/spaget/manipal/warehouse/src/ros2slam/install/my_robot_description/share/my_robot_description/package.dsv'
[0.417s] INFO:colcon.colcon_core.shell:Creating package script '/home/spaget/manipal/warehouse/src/ros2slam/install/my_robot_description/share/my_robot_description/package.sh'
[0.417s] INFO:colcon.colcon_core.shell:Creating package script '/home/spaget/manipal/warehouse/src/ros2slam/install/my_robot_description/share/my_robot_description/package.bash'
[0.418s] INFO:colcon.colcon_core.shell:Creating package script '/home/spaget/manipal/warehouse/src/ros2slam/install/my_robot_description/share/my_robot_description/package.zsh'
[0.418s] Level 1:colcon.colcon_core.environment:create_file_with_runtime_dependencies(/home/spaget/manipal/warehouse/src/ros2slam/install/my_robot_description/share/colcon-core/packages/my_robot_description)
[0.419s] DEBUG:colcon.colcon_core.event_handler.log_command:Invoked command in '/home/spaget/manipal/warehouse/src/ros2slam/build/rplidar_ros' returned '0': CMAKE_PREFIX_PATH=${CMAKE_PREFIX_PATH}:/home/spaget/manipal/warehouse/src/ros2slam/install/minibotslam:/opt/ros/humble /usr/bin/cmake --build /home/spaget/manipal/warehouse/src/ros2slam/build/rplidar_ros -- -j12 -l12
[0.420s] DEBUG:colcon.colcon_core.event_handler.log_command:Invoking command in '/home/spaget/manipal/warehouse/src/ros2slam/build/rplidar_ros': CMAKE_PREFIX_PATH=${CMAKE_PREFIX_PATH}:/home/spaget/manipal/warehouse/src/ros2slam/install/minibotslam:/opt/ros/humble /usr/bin/cmake --install /home/spaget/manipal/warehouse/src/ros2slam/build/rplidar_ros
[0.429s] Level 1:colcon.colcon_core.environment:create_environment_scripts_only(rplidar_ros)
[0.429s] Level 1:colcon.colcon_core.environment:checking '/home/spaget/manipal/warehouse/src/ros2slam/install/rplidar_ros' for CMake module files
[0.429s] DEBUG:colcon.colcon_core.event_handler.log_command:Invoked command in '/home/spaget/manipal/warehouse/src/ros2slam/build/rplidar_ros' returned '0': CMAKE_PREFIX_PATH=${CMAKE_PREFIX_PATH}:/home/spaget/manipal/warehouse/src/ros2slam/install/minibotslam:/opt/ros/humble /usr/bin/cmake --install /home/spaget/manipal/warehouse/src/ros2slam/build/rplidar_ros
[0.430s] Level 1:colcon.colcon_core.environment:checking '/home/spaget/manipal/warehouse/src/ros2slam/install/rplidar_ros' for CMake config files
[0.430s] Level 1:colcon.colcon_core.shell:create_environment_hook('rplidar_ros', 'cmake_prefix_path')
[0.430s] INFO:colcon.colcon_core.shell:Creating environment hook '/home/spaget/manipal/warehouse/src/ros2slam/install/rplidar_ros/share/rplidar_ros/hook/cmake_prefix_path.ps1'
[0.430s] INFO:colcon.colcon_core.shell:Creating environment descriptor '/home/spaget/manipal/warehouse/src/ros2slam/install/rplidar_ros/share/rplidar_ros/hook/cmake_prefix_path.dsv'
[0.431s] INFO:colcon.colcon_core.shell:Creating environment hook '/home/spaget/manipal/warehouse/src/ros2slam/install/rplidar_ros/share/rplidar_ros/hook/cmake_prefix_path.sh'
[0.431s] Level 1:colcon.colcon_core.environment:checking '/home/spaget/manipal/warehouse/src/ros2slam/install/rplidar_ros/lib'
[0.431s] Level 1:colcon.colcon_core.environment:checking '/home/spaget/manipal/warehouse/src/ros2slam/install/rplidar_ros/bin'
[0.431s] Level 1:colcon.colcon_core.environment:checking '/home/spaget/manipal/warehouse/src/ros2slam/install/rplidar_ros/lib/pkgconfig/rplidar_ros.pc'
[0.431s] Level 1:colcon.colcon_core.environment:checking '/home/spaget/manipal/warehouse/src/ros2slam/install/rplidar_ros/lib/python3.10/site-packages'
[0.432s] Level 1:colcon.colcon_core.environment:checking '/home/spaget/manipal/warehouse/src/ros2slam/install/rplidar_ros/bin'
[0.432s] INFO:colcon.colcon_core.shell:Creating package script '/home/spaget/manipal/warehouse/src/ros2slam/install/rplidar_ros/share/rplidar_ros/package.ps1'
[0.432s] INFO:colcon.colcon_core.shell:Creating package descriptor '/home/spaget/manipal/warehouse/src/ros2slam/install/rplidar_ros/share/rplidar_ros/package.dsv'
[0.433s] INFO:colcon.colcon_core.shell:Creating package script '/home/spaget/manipal/warehouse/src/ros2slam/install/rplidar_ros/share/rplidar_ros/package.sh'
[0.433s] INFO:colcon.colcon_core.shell:Creating package script '/home/spaget/manipal/warehouse/src/ros2slam/install/rplidar_ros/share/rplidar_ros/package.bash'
[0.433s] INFO:colcon.colcon_core.shell:Creating package script '/home/spaget/manipal/warehouse/src/ros2slam/install/rplidar_ros/share/rplidar_ros/package.zsh'
[0.433s] Level 1:colcon.colcon_core.environment:create_file_with_runtime_dependencies(/home/spaget/manipal/warehouse/src/ros2slam/install/rplidar_ros/share/colcon-core/packages/rplidar_ros)
[0.434s] Level 1:colcon.colcon_core.environment:create_environment_scripts_only(rplidar_ros)
[0.434s] Level 1:colcon.colcon_core.environment:checking '/home/spaget/manipal/warehouse/src/ros2slam/install/rplidar_ros' for CMake module files
[0.435s] Level 1:colcon.colcon_core.environment:checking '/home/spaget/manipal/warehouse/src/ros2slam/install/rplidar_ros' for CMake config files
[0.435s] Level 1:colcon.colcon_core.shell:create_environment_hook('rplidar_ros', 'cmake_prefix_path')
[0.435s] INFO:colcon.colcon_core.shell:Creating environment hook '/home/spaget/manipal/warehouse/src/ros2slam/install/rplidar_ros/share/rplidar_ros/hook/cmake_prefix_path.ps1'
[0.436s] INFO:colcon.colcon_core.shell:Creating environment descriptor '/home/spaget/manipal/warehouse/src/ros2slam/install/rplidar_ros/share/rplidar_ros/hook/cmake_prefix_path.dsv'
[0.436s] INFO:colcon.colcon_core.shell:Creating environment hook '/home/spaget/manipal/warehouse/src/ros2slam/install/rplidar_ros/share/rplidar_ros/hook/cmake_prefix_path.sh'
[0.437s] Level 1:colcon.colcon_core.environment:checking '/home/spaget/manipal/warehouse/src/ros2slam/install/rplidar_ros/lib'
[0.437s] Level 1:colcon.colcon_core.environment:checking '/home/spaget/manipal/warehouse/src/ros2slam/install/rplidar_ros/bin'
[0.437s] Level 1:colcon.colcon_core.environment:checking '/home/spaget/manipal/warehouse/src/ros2slam/install/rplidar_ros/lib/pkgconfig/rplidar_ros.pc'
[0.437s] Level 1:colcon.colcon_core.environment:checking '/home/spaget/manipal/warehouse/src/ros2slam/install/rplidar_ros/lib/python3.10/site-packages'
[0.437s] Level 1:colcon.colcon_core.environment:checking '/home/spaget/manipal/warehouse/src/ros2slam/install/rplidar_ros/bin'
[0.438s] INFO:colcon.colcon_core.shell:Creating package script '/home/spaget/manipal/warehouse/src/ros2slam/install/rplidar_ros/share/rplidar_ros/package.ps1'
[0.438s] INFO:colcon.colcon_core.shell:Creating package descriptor '/home/spaget/manipal/warehouse/src/ros2slam/install/rplidar_ros/share/rplidar_ros/package.dsv'
[0.438s] INFO:colcon.colcon_core.shell:Creating package script '/home/spaget/manipal/warehouse/src/ros2slam/install/rplidar_ros/share/rplidar_ros/package.sh'
[0.439s] INFO:colcon.colcon_core.shell:Creating package script '/home/spaget/manipal/warehouse/src/ros2slam/install/rplidar_ros/share/rplidar_ros/package.bash'
[0.439s] INFO:colcon.colcon_core.shell:Creating package script '/home/spaget/manipal/warehouse/src/ros2slam/install/rplidar_ros/share/rplidar_ros/package.zsh'
[0.439s] Level 1:colcon.colcon_core.environment:create_file_with_runtime_dependencies(/home/spaget/manipal/warehouse/src/ros2slam/install/rplidar_ros/share/colcon-core/packages/rplidar_ros)
[0.755s] DEBUG:colcon.colcon_core.event_handler.log_command:Invoking command in '/home/spaget/manipal/warehouse/src/ros2slam/src/minibotslam': PYTHONPATH=/home/spaget/manipal/warehouse/src/ros2slam/build/minibotslam/prefix_override:/usr/lib/python3/dist-packages/colcon_core/task/python/colcon_distutils_commands:/home/spaget/manipal/warehouse/src/ros2slam/install/minibotslam/lib/python3.10/site-packages:${PYTHONPATH} /usr/bin/python3 -W ignore:setup.py install is deprecated -W ignore:easy_install command is deprecated setup.py egg_info --egg-base ../../build/minibotslam build --build-base /home/spaget/manipal/warehouse/src/ros2slam/build/minibotslam/build install --record /home/spaget/manipal/warehouse/src/ros2slam/build/minibotslam/install.log --single-version-externally-managed install_data
[1.135s] Level 1:colcon.colcon_core.environment:checking '/home/spaget/manipal/warehouse/src/ros2slam/install/minibotslam' for CMake module files
[1.135s] DEBUG:colcon.colcon_core.event_handler.log_command:Invoked command in '/home/spaget/manipal/warehouse/src/ros2slam/src/minibotslam' returned '0': PYTHONPATH=/home/spaget/manipal/warehouse/src/ros2slam/build/minibotslam/prefix_override:/usr/lib/python3/dist-packages/colcon_core/task/python/colcon_distutils_commands:/home/spaget/manipal/warehouse/src/ros2slam/install/minibotslam/lib/python3.10/site-packages:${PYTHONPATH} /usr/bin/python3 -W ignore:setup.py install is deprecated -W ignore:easy_install command is deprecated setup.py egg_info --egg-base ../../build/minibotslam build --build-base /home/spaget/manipal/warehouse/src/ros2slam/build/minibotslam/build install --record /home/spaget/manipal/warehouse/src/ros2slam/build/minibotslam/install.log --single-version-externally-managed install_data
[1.136s] Level 1:colcon.colcon_core.environment:checking '/home/spaget/manipal/warehouse/src/ros2slam/install/minibotslam' for CMake config files
[1.136s] Level 1:colcon.colcon_core.environment:checking '/home/spaget/manipal/warehouse/src/ros2slam/install/minibotslam/lib'
[1.136s] Level 1:colcon.colcon_core.environment:checking '/home/spaget/manipal/warehouse/src/ros2slam/install/minibotslam/bin'
[1.136s] Level 1:colcon.colcon_core.environment:checking '/home/spaget/manipal/warehouse/src/ros2slam/install/minibotslam/lib/pkgconfig/minibotslam.pc'
[1.136s] Level 1:colcon.colcon_core.environment:checking '/home/spaget/manipal/warehouse/src/ros2slam/install/minibotslam/lib/python3.10/site-packages'
[1.136s] Level 1:colcon.colcon_core.shell:create_environment_hook('minibotslam', 'pythonpath')
[1.136s] INFO:colcon.colcon_core.shell:Creating environment hook '/home/spaget/manipal/warehouse/src/ros2slam/install/minibotslam/share/minibotslam/hook/pythonpath.ps1'
[1.137s] INFO:colcon.colcon_core.shell:Creating environment descriptor '/home/spaget/manipal/warehouse/src/ros2slam/install/minibotslam/share/minibotslam/hook/pythonpath.dsv'
[1.137s] INFO:colcon.colcon_core.shell:Creating environment hook '/home/spaget/manipal/warehouse/src/ros2slam/install/minibotslam/share/minibotslam/hook/pythonpath.sh'
[1.137s] Level 1:colcon.colcon_core.environment:checking '/home/spaget/manipal/warehouse/src/ros2slam/install/minibotslam/bin'
[1.137s] Level 1:colcon.colcon_core.environment:create_environment_scripts_only(minibotslam)
[1.138s] INFO:colcon.colcon_core.shell:Creating package script '/home/spaget/manipal/warehouse/src/ros2slam/install/minibotslam/share/minibotslam/package.ps1'
[1.138s] INFO:colcon.colcon_core.shell:Creating package descriptor '/home/spaget/manipal/warehouse/src/ros2slam/install/minibotslam/share/minibotslam/package.dsv'
[1.138s] INFO:colcon.colcon_core.shell:Creating package script '/home/spaget/manipal/warehouse/src/ros2slam/install/minibotslam/share/minibotslam/package.sh'
[1.138s] INFO:colcon.colcon_core.shell:Creating package script '/home/spaget/manipal/warehouse/src/ros2slam/install/minibotslam/share/minibotslam/package.bash'
[1.139s] INFO:colcon.colcon_core.shell:Creating package script '/home/spaget/manipal/warehouse/src/ros2slam/install/minibotslam/share/minibotslam/package.zsh'
[1.139s] Level 1:colcon.colcon_core.environment:create_file_with_runtime_dependencies(/home/spaget/manipal/warehouse/src/ros2slam/install/minibotslam/share/colcon-core/packages/minibotslam)
[1.139s] DEBUG:colcon.colcon_parallel_executor.executor.parallel:closing loop
[1.139s] DEBUG:colcon.colcon_parallel_executor.executor.parallel:loop closed
[1.139s] DEBUG:colcon.colcon_parallel_executor.executor.parallel:run_until_complete finished with '0'
[1.139s] DEBUG:colcon.colcon_core.event_reactor:joining thread
[1.143s] INFO:colcon.colcon_core.plugin_system:Skipping extension 'colcon_notification.desktop_notification.terminal_notifier': Not used on non-Darwin systems
[1.143s] INFO:colcon.colcon_core.plugin_system:Skipping extension 'colcon_notification.desktop_notification.win32': Not used on non-Windows systems
[1.143s] INFO:colcon.colcon_notification.desktop_notification:Sending desktop notification using 'notify2'
[1.151s] DEBUG:colcon.colcon_core.event_reactor:joined thread
[1.152s] INFO:colcon.colcon_core.shell:Creating prefix script '/home/spaget/manipal/warehouse/src/ros2slam/install/local_setup.ps1'
[1.153s] INFO:colcon.colcon_core.shell:Creating prefix util module '/home/spaget/manipal/warehouse/src/ros2slam/install/_local_setup_util_ps1.py'
[1.154s] INFO:colcon.colcon_core.shell:Creating prefix chain script '/home/spaget/manipal/warehouse/src/ros2slam/install/setup.ps1'
[1.154s] INFO:colcon.colcon_core.shell:Creating prefix script '/home/spaget/manipal/warehouse/src/ros2slam/install/local_setup.sh'
[1.155s] INFO:colcon.colcon_core.shell:Creating prefix util module '/home/spaget/manipal/warehouse/src/ros2slam/install/_local_setup_util_sh.py'
[1.155s] INFO:colcon.colcon_core.shell:Creating prefix chain script '/home/spaget/manipal/warehouse/src/ros2slam/install/setup.sh'
[1.156s] INFO:colcon.colcon_core.shell:Creating prefix script '/home/spaget/manipal/warehouse/src/ros2slam/install/local_setup.bash'
[1.156s] INFO:colcon.colcon_core.shell:Creating prefix chain script '/home/spaget/manipal/warehouse/src/ros2slam/install/setup.bash'
[1.157s] INFO:colcon.colcon_core.shell:Creating prefix script '/home/spaget/manipal/warehouse/src/ros2slam/install/local_setup.zsh'
[1.157s] INFO:colcon.colcon_core.shell:Creating prefix chain script '/home/spaget/manipal/warehouse/src/ros2slam/install/setup.zsh'
