[0.255s] DEBUG:colcon:Command line arguments: ['/usr/bin/colcon', 'list', '-p', '--base-paths', '/home/spaget/manipal/warehouse/src/ros2slam']
[0.255s] DEBUG:colcon:Parsed command line arguments: Namespace(log_base=None, log_level=None, verb_name='list', build_base='build', ignore_user_meta=False, metas=['./colcon.meta'], base_paths=['/home/spaget/manipal/warehouse/src/ros2slam'], packages_ignore=None, packages_ignore_regex=None, paths=None, packages_up_to=None, packages_up_to_regex=None, packages_above=None, packages_above_and_dependencies=None, packages_above_depth=None, packages_select_by_dep=None, packages_skip_by_dep=None, packages_skip_up_to=None, packages_select_build_failed=False, packages_skip_build_finished=False, packages_select_test_failures=False, packages_skip_test_passed=False, packages_select=None, packages_skip=None, packages_select_regex=None, packages_skip_regex=None, packages_start=None, packages_end=None, allow_overriding=[], topological_order=False, names_only=False, paths_only=True, topological_graph=False, topological_graph_dot=False, topological_graph_density=False, topological_graph_legend=False, topological_graph_dot_cluster=False, topological_graph_dot_include_skipped=False, mixin_files=None, mixin=None, verb_parser=<colcon_mixin.mixin.mixin_argument.MixinArgumentDecorator object at 0x71af7b69eb00>, verb_extension=<colcon_package_information.verb.list.ListVerb object at 0x71af7b69dc00>, main=<bound method ListVerb.main of <colcon_package_information.verb.list.ListVerb object at 0x71af7b69dc00>>, mixin_verb=('list',))
[0.346s] Level 1:colcon.colcon_core.package_discovery:discover_packages(colcon_meta) check parameters
[0.346s] Level 1:colcon.colcon_core.package_discovery:discover_packages(recursive) check parameters
[0.346s] Level 1:colcon.colcon_core.package_discovery:discover_packages(ignore) check parameters
[0.346s] Level 1:colcon.colcon_core.package_discovery:discover_packages(path) check parameters
[0.346s] Level 1:colcon.colcon_core.package_discovery:discover_packages(recursive) discover
[0.347s] INFO:colcon.colcon_core.package_discovery:Crawling recursively for packages in '/home/spaget/manipal/warehouse/src/ros2slam'
[0.347s] Level 1:colcon.colcon_core.package_identification:_identify(/home/spaget/manipal/warehouse/src/ros2slam) by extensions ['ignore', 'ignore_ament_install']
[0.347s] Level 1:colcon.colcon_core.package_identification:_identify(/home/spaget/manipal/warehouse/src/ros2slam) by extension 'ignore'
[0.347s] Level 1:colcon.colcon_core.package_identification:_identify(/home/spaget/manipal/warehouse/src/ros2slam) by extension 'ignore_ament_install'
[0.347s] Level 1:colcon.colcon_core.package_identification:_identify(/home/spaget/manipal/warehouse/src/ros2slam) by extensions ['colcon_pkg']
[0.347s] Level 1:colcon.colcon_core.package_identification:_identify(/home/spaget/manipal/warehouse/src/ros2slam) by extension 'colcon_pkg'
[0.348s] Level 1:colcon.colcon_core.package_identification:_identify(/home/spaget/manipal/warehouse/src/ros2slam) by extensions ['colcon_meta']
[0.348s] Level 1:colcon.colcon_core.package_identification:_identify(/home/spaget/manipal/warehouse/src/ros2slam) by extension 'colcon_meta'
[0.348s] Level 1:colcon.colcon_core.package_identification:_identify(/home/spaget/manipal/warehouse/src/ros2slam) by extensions ['ament_gradle']
[0.348s] Level 1:colcon.colcon_core.package_identification:_identify(/home/spaget/manipal/warehouse/src/ros2slam) by extension 'ament_gradle'
[0.348s] Level 1:colcon.colcon_core.package_identification:_identify(/home/spaget/manipal/warehouse/src/ros2slam) by extensions ['ros']
[0.348s] Level 1:colcon.colcon_core.package_identification:_identify(/home/spaget/manipal/warehouse/src/ros2slam) by extension 'ros'
[0.377s] Level 1:colcon.colcon_core.package_identification:_identify(/home/spaget/manipal/warehouse/src/ros2slam) by extensions ['cmake', 'gradle', 'python']
[0.377s] Level 1:colcon.colcon_core.package_identification:_identify(/home/spaget/manipal/warehouse/src/ros2slam) by extension 'cmake'
[0.377s] Level 1:colcon.colcon_core.package_identification:_identify(/home/spaget/manipal/warehouse/src/ros2slam) by extension 'gradle'
[0.377s] Level 1:colcon.colcon_core.package_identification:_identify(/home/spaget/manipal/warehouse/src/ros2slam) by extension 'python'
[0.377s] Level 1:colcon.colcon_core.package_identification:_identify(/home/spaget/manipal/warehouse/src/ros2slam) by extensions ['python_setup_py']
[0.378s] Level 1:colcon.colcon_core.package_identification:_identify(/home/spaget/manipal/warehouse/src/ros2slam) by extension 'python_setup_py'
[0.378s] Level 1:colcon.colcon_core.package_identification:_identify(/home/spaget/manipal/warehouse/src/ros2slam/build) by extensions ['ignore', 'ignore_ament_install']
[0.378s] Level 1:colcon.colcon_core.package_identification:_identify(/home/spaget/manipal/warehouse/src/ros2slam/build) by extension 'ignore'
[0.378s] Level 1:colcon.colcon_core.package_identification:_identify(/home/spaget/manipal/warehouse/src/ros2slam/build) ignored
[0.378s] Level 1:colcon.colcon_core.package_identification:_identify(/home/spaget/manipal/warehouse/src/ros2slam/install) by extensions ['ignore', 'ignore_ament_install']
[0.379s] Level 1:colcon.colcon_core.package_identification:_identify(/home/spaget/manipal/warehouse/src/ros2slam/install) by extension 'ignore'
[0.379s] Level 1:colcon.colcon_core.package_identification:_identify(/home/spaget/manipal/warehouse/src/ros2slam/install) ignored
[0.379s] Level 1:colcon.colcon_core.package_identification:_identify(/home/spaget/manipal/warehouse/src/ros2slam/log) by extensions ['ignore', 'ignore_ament_install']
[0.379s] Level 1:colcon.colcon_core.package_identification:_identify(/home/spaget/manipal/warehouse/src/ros2slam/log) by extension 'ignore'
[0.379s] Level 1:colcon.colcon_core.package_identification:_identify(/home/spaget/manipal/warehouse/src/ros2slam/log) ignored
[0.379s] Level 1:colcon.colcon_core.package_identification:_identify(/home/spaget/manipal/warehouse/src/ros2slam/src) by extensions ['ignore', 'ignore_ament_install']
[0.380s] Level 1:colcon.colcon_core.package_identification:_identify(/home/spaget/manipal/warehouse/src/ros2slam/src) by extension 'ignore'
[0.380s] Level 1:colcon.colcon_core.package_identification:_identify(/home/spaget/manipal/warehouse/src/ros2slam/src) by extension 'ignore_ament_install'
[0.380s] Level 1:colcon.colcon_core.package_identification:_identify(/home/spaget/manipal/warehouse/src/ros2slam/src) by extensions ['colcon_pkg']
[0.380s] Level 1:colcon.colcon_core.package_identification:_identify(/home/spaget/manipal/warehouse/src/ros2slam/src) by extension 'colcon_pkg'
[0.380s] Level 1:colcon.colcon_core.package_identification:_identify(/home/spaget/manipal/warehouse/src/ros2slam/src) by extensions ['colcon_meta']
[0.380s] Level 1:colcon.colcon_core.package_identification:_identify(/home/spaget/manipal/warehouse/src/ros2slam/src) by extension 'colcon_meta'
[0.380s] Level 1:colcon.colcon_core.package_identification:_identify(/home/spaget/manipal/warehouse/src/ros2slam/src) by extensions ['ament_gradle']
[0.380s] Level 1:colcon.colcon_core.package_identification:_identify(/home/spaget/manipal/warehouse/src/ros2slam/src) by extension 'ament_gradle'
[0.380s] Level 1:colcon.colcon_core.package_identification:_identify(/home/spaget/manipal/warehouse/src/ros2slam/src) by extensions ['ros']
[0.380s] Level 1:colcon.colcon_core.package_identification:_identify(/home/spaget/manipal/warehouse/src/ros2slam/src) by extension 'ros'
[0.380s] Level 1:colcon.colcon_core.package_identification:_identify(/home/spaget/manipal/warehouse/src/ros2slam/src) by extensions ['cmake', 'gradle', 'python']
[0.380s] Level 1:colcon.colcon_core.package_identification:_identify(/home/spaget/manipal/warehouse/src/ros2slam/src) by extension 'cmake'
[0.380s] Level 1:colcon.colcon_core.package_identification:_identify(/home/spaget/manipal/warehouse/src/ros2slam/src) by extension 'gradle'
[0.380s] Level 1:colcon.colcon_core.package_identification:_identify(/home/spaget/manipal/warehouse/src/ros2slam/src) by extension 'python'
[0.380s] Level 1:colcon.colcon_core.package_identification:_identify(/home/spaget/manipal/warehouse/src/ros2slam/src) by extensions ['python_setup_py']
[0.380s] Level 1:colcon.colcon_core.package_identification:_identify(/home/spaget/manipal/warehouse/src/ros2slam/src) by extension 'python_setup_py'
[0.381s] Level 1:colcon.colcon_core.package_identification:_identify(/home/spaget/manipal/warehouse/src/ros2slam/src/minibotslam) by extensions ['ignore', 'ignore_ament_install']
[0.381s] Level 1:colcon.colcon_core.package_identification:_identify(/home/spaget/manipal/warehouse/src/ros2slam/src/minibotslam) by extension 'ignore'
[0.381s] Level 1:colcon.colcon_core.package_identification:_identify(/home/spaget/manipal/warehouse/src/ros2slam/src/minibotslam) by extension 'ignore_ament_install'
[0.381s] Level 1:colcon.colcon_core.package_identification:_identify(/home/spaget/manipal/warehouse/src/ros2slam/src/minibotslam) by extensions ['colcon_pkg']
[0.381s] Level 1:colcon.colcon_core.package_identification:_identify(/home/spaget/manipal/warehouse/src/ros2slam/src/minibotslam) by extension 'colcon_pkg'
[0.381s] Level 1:colcon.colcon_core.package_identification:_identify(/home/spaget/manipal/warehouse/src/ros2slam/src/minibotslam) by extensions ['colcon_meta']
[0.381s] Level 1:colcon.colcon_core.package_identification:_identify(/home/spaget/manipal/warehouse/src/ros2slam/src/minibotslam) by extension 'colcon_meta'
[0.381s] Level 1:colcon.colcon_core.package_identification:_identify(/home/spaget/manipal/warehouse/src/ros2slam/src/minibotslam) by extensions ['ament_gradle']
[0.381s] Level 1:colcon.colcon_core.package_identification:_identify(/home/spaget/manipal/warehouse/src/ros2slam/src/minibotslam) by extension 'ament_gradle'
[0.381s] Level 1:colcon.colcon_core.package_identification:_identify(/home/spaget/manipal/warehouse/src/ros2slam/src/minibotslam) by extensions ['ros']
[0.381s] Level 1:colcon.colcon_core.package_identification:_identify(/home/spaget/manipal/warehouse/src/ros2slam/src/minibotslam) by extension 'ros'
[0.387s] DEBUG:colcon.colcon_core.package_identification:Package '/home/spaget/manipal/warehouse/src/ros2slam/src/minibotslam' with type 'ros.ament_python' and name 'minibotslam'
[0.387s] Level 1:colcon.colcon_core.package_identification:_identify(/home/spaget/manipal/warehouse/src/ros2slam/src/my_robot_controller) by extensions ['ignore', 'ignore_ament_install']
[0.387s] Level 1:colcon.colcon_core.package_identification:_identify(/home/spaget/manipal/warehouse/src/ros2slam/src/my_robot_controller) by extension 'ignore'
[0.387s] Level 1:colcon.colcon_core.package_identification:_identify(/home/spaget/manipal/warehouse/src/ros2slam/src/my_robot_controller) by extension 'ignore_ament_install'
[0.387s] Level 1:colcon.colcon_core.package_identification:_identify(/home/spaget/manipal/warehouse/src/ros2slam/src/my_robot_controller) by extensions ['colcon_pkg']
[0.387s] Level 1:colcon.colcon_core.package_identification:_identify(/home/spaget/manipal/warehouse/src/ros2slam/src/my_robot_controller) by extension 'colcon_pkg'
[0.387s] Level 1:colcon.colcon_core.package_identification:_identify(/home/spaget/manipal/warehouse/src/ros2slam/src/my_robot_controller) by extensions ['colcon_meta']
[0.387s] Level 1:colcon.colcon_core.package_identification:_identify(/home/spaget/manipal/warehouse/src/ros2slam/src/my_robot_controller) by extension 'colcon_meta'
[0.388s] Level 1:colcon.colcon_core.package_identification:_identify(/home/spaget/manipal/warehouse/src/ros2slam/src/my_robot_controller) by extensions ['ament_gradle']
[0.388s] Level 1:colcon.colcon_core.package_identification:_identify(/home/spaget/manipal/warehouse/src/ros2slam/src/my_robot_controller) by extension 'ament_gradle'
[0.388s] Level 1:colcon.colcon_core.package_identification:_identify(/home/spaget/manipal/warehouse/src/ros2slam/src/my_robot_controller) by extensions ['ros']
[0.388s] Level 1:colcon.colcon_core.package_identification:_identify(/home/spaget/manipal/warehouse/src/ros2slam/src/my_robot_controller) by extension 'ros'
[0.389s] DEBUG:colcon.colcon_core.package_identification:Package '/home/spaget/manipal/warehouse/src/ros2slam/src/my_robot_controller' with type 'ros.ament_cmake' and name 'my_robot_controller'
[0.389s] Level 1:colcon.colcon_core.package_identification:_identify(/home/spaget/manipal/warehouse/src/ros2slam/src/my_robot_description) by extensions ['ignore', 'ignore_ament_install']
[0.390s] Level 1:colcon.colcon_core.package_identification:_identify(/home/spaget/manipal/warehouse/src/ros2slam/src/my_robot_description) by extension 'ignore'
[0.390s] Level 1:colcon.colcon_core.package_identification:_identify(/home/spaget/manipal/warehouse/src/ros2slam/src/my_robot_description) by extension 'ignore_ament_install'
[0.390s] Level 1:colcon.colcon_core.package_identification:_identify(/home/spaget/manipal/warehouse/src/ros2slam/src/my_robot_description) by extensions ['colcon_pkg']
[0.390s] Level 1:colcon.colcon_core.package_identification:_identify(/home/spaget/manipal/warehouse/src/ros2slam/src/my_robot_description) by extension 'colcon_pkg'
[0.390s] Level 1:colcon.colcon_core.package_identification:_identify(/home/spaget/manipal/warehouse/src/ros2slam/src/my_robot_description) by extensions ['colcon_meta']
[0.390s] Level 1:colcon.colcon_core.package_identification:_identify(/home/spaget/manipal/warehouse/src/ros2slam/src/my_robot_description) by extension 'colcon_meta'
[0.390s] Level 1:colcon.colcon_core.package_identification:_identify(/home/spaget/manipal/warehouse/src/ros2slam/src/my_robot_description) by extensions ['ament_gradle']
[0.390s] Level 1:colcon.colcon_core.package_identification:_identify(/home/spaget/manipal/warehouse/src/ros2slam/src/my_robot_description) by extension 'ament_gradle'
[0.390s] Level 1:colcon.colcon_core.package_identification:_identify(/home/spaget/manipal/warehouse/src/ros2slam/src/my_robot_description) by extensions ['ros']
[0.390s] Level 1:colcon.colcon_core.package_identification:_identify(/home/spaget/manipal/warehouse/src/ros2slam/src/my_robot_description) by extension 'ros'
[0.391s] DEBUG:colcon.colcon_core.package_identification:Package '/home/spaget/manipal/warehouse/src/ros2slam/src/my_robot_description' with type 'ros.ament_cmake' and name 'my_robot_description'
[0.392s] Level 1:colcon.colcon_core.package_identification:_identify(/home/spaget/manipal/warehouse/src/ros2slam/src/rplidar_ros) by extensions ['ignore', 'ignore_ament_install']
[0.392s] Level 1:colcon.colcon_core.package_identification:_identify(/home/spaget/manipal/warehouse/src/ros2slam/src/rplidar_ros) by extension 'ignore'
[0.392s] Level 1:colcon.colcon_core.package_identification:_identify(/home/spaget/manipal/warehouse/src/ros2slam/src/rplidar_ros) by extension 'ignore_ament_install'
[0.392s] Level 1:colcon.colcon_core.package_identification:_identify(/home/spaget/manipal/warehouse/src/ros2slam/src/rplidar_ros) by extensions ['colcon_pkg']
[0.392s] Level 1:colcon.colcon_core.package_identification:_identify(/home/spaget/manipal/warehouse/src/ros2slam/src/rplidar_ros) by extension 'colcon_pkg'
[0.392s] Level 1:colcon.colcon_core.package_identification:_identify(/home/spaget/manipal/warehouse/src/ros2slam/src/rplidar_ros) by extensions ['colcon_meta']
[0.392s] Level 1:colcon.colcon_core.package_identification:_identify(/home/spaget/manipal/warehouse/src/ros2slam/src/rplidar_ros) by extension 'colcon_meta'
[0.392s] Level 1:colcon.colcon_core.package_identification:_identify(/home/spaget/manipal/warehouse/src/ros2slam/src/rplidar_ros) by extensions ['ament_gradle']
[0.392s] Level 1:colcon.colcon_core.package_identification:_identify(/home/spaget/manipal/warehouse/src/ros2slam/src/rplidar_ros) by extension 'ament_gradle'
[0.392s] Level 1:colcon.colcon_core.package_identification:_identify(/home/spaget/manipal/warehouse/src/ros2slam/src/rplidar_ros) by extensions ['ros']
[0.392s] Level 1:colcon.colcon_core.package_identification:_identify(/home/spaget/manipal/warehouse/src/ros2slam/src/rplidar_ros) by extension 'ros'
[0.394s] DEBUG:colcon.colcon_core.package_identification:Package '/home/spaget/manipal/warehouse/src/ros2slam/src/rplidar_ros' with type 'ros.ament_cmake' and name 'rplidar_ros'
[0.394s] Level 1:colcon.colcon_core.package_discovery:discover_packages(recursive) using defaults
