[0.174s] DEBUG:colcon:Command line arguments: ['/usr/bin/colcon', 'build']
[0.174s] DEBUG:colcon:Parsed command line arguments: Namespace(log_base=None, log_level=None, verb_name='build', build_base='build', install_base='install', merge_install=False, symlink_install=False, test_result_base=None, continue_on_error=False, executor='parallel', parallel_workers=12, event_handlers=None, ignore_user_meta=False, metas=['./colcon.meta'], base_paths=['.'], packages_ignore=None, packages_ignore_regex=None, paths=None, packages_up_to=None, packages_up_to_regex=None, packages_above=None, packages_above_and_dependencies=None, packages_above_depth=None, packages_select_by_dep=None, packages_skip_by_dep=None, packages_skip_up_to=None, packages_select_build_failed=False, packages_skip_build_finished=False, packages_select_test_failures=False, packages_skip_test_passed=False, packages_select=None, packages_skip=None, packages_select_regex=None, packages_skip_regex=None, packages_start=None, packages_end=None, allow_overriding=[], ament_gradle_args=None, ament_gradle_task=None, cmake_args=None, cmake_target=None, cmake_target_skip_unavailable=False, cmake_clean_cache=False, cmake_clean_first=False, cmake_force_configure=False, gradle_args=None, gradle_task=None, ament_cmake_args=None, catkin_cmake_args=None, catkin_skip_building_tests=False, mixin_files=None, mixin=None, verb_parser=<colcon_mixin.mixin.mixin_argument.MixinArgumentDecorator object at 0x736ccb8419c0>, verb_extension=<colcon_core.verb.build.BuildVerb object at 0x736ccb841510>, main=<bound method BuildVerb.main of <colcon_core.verb.build.BuildVerb object at 0x736ccb841510>>, mixin_verb=('build',))
[0.178s] Level 1:colcon.colcon_core.package_discovery:discover_packages(colcon_meta) check parameters
[0.178s] Level 1:colcon.colcon_core.package_discovery:discover_packages(recursive) check parameters
[0.178s] Level 1:colcon.colcon_core.package_discovery:discover_packages(ignore) check parameters
[0.178s] Level 1:colcon.colcon_core.package_discovery:discover_packages(path) check parameters
[0.178s] Level 1:colcon.colcon_core.package_discovery:discover_packages(colcon_meta) discover
[0.178s] Level 1:colcon.colcon_core.package_discovery:discover_packages(recursive) discover
[0.178s] INFO:colcon.colcon_core.package_discovery:Crawling recursively for packages in '/home/spaget/manipal/warehouse/src/ros2slam'
[0.178s] Level 1:colcon.colcon_core.package_identification:_identify(.) by extensions ['ignore', 'ignore_ament_install']
[0.178s] Level 1:colcon.colcon_core.package_identification:_identify(.) by extension 'ignore'
[0.179s] Level 1:colcon.colcon_core.package_identification:_identify(.) by extension 'ignore_ament_install'
[0.179s] Level 1:colcon.colcon_core.package_identification:_identify(.) by extensions ['colcon_pkg']
[0.179s] Level 1:colcon.colcon_core.package_identification:_identify(.) by extension 'colcon_pkg'
[0.179s] Level 1:colcon.colcon_core.package_identification:_identify(.) by extensions ['colcon_meta']
[0.179s] Level 1:colcon.colcon_core.package_identification:_identify(.) by extension 'colcon_meta'
[0.179s] Level 1:colcon.colcon_core.package_identification:_identify(.) by extensions ['ament_gradle']
[0.179s] Level 1:colcon.colcon_core.package_identification:_identify(.) by extension 'ament_gradle'
[0.179s] Level 1:colcon.colcon_core.package_identification:_identify(.) by extensions ['ros']
[0.179s] Level 1:colcon.colcon_core.package_identification:_identify(.) by extension 'ros'
[0.194s] Level 1:colcon.colcon_core.package_identification:_identify(.) by extensions ['cmake', 'gradle', 'python']
[0.194s] Level 1:colcon.colcon_core.package_identification:_identify(.) by extension 'cmake'
[0.194s] Level 1:colcon.colcon_core.package_identification:_identify(.) by extension 'gradle'
[0.194s] Level 1:colcon.colcon_core.package_identification:_identify(.) by extension 'python'
[0.194s] Level 1:colcon.colcon_core.package_identification:_identify(.) by extensions ['python_setup_py']
[0.194s] Level 1:colcon.colcon_core.package_identification:_identify(.) by extension 'python_setup_py'
[0.194s] Level 1:colcon.colcon_core.package_identification:_identify(build) by extensions ['ignore', 'ignore_ament_install']
[0.195s] Level 1:colcon.colcon_core.package_identification:_identify(build) by extension 'ignore'
[0.195s] Level 1:colcon.colcon_core.package_identification:_identify(build) ignored
[0.195s] Level 1:colcon.colcon_core.package_identification:_identify(install) by extensions ['ignore', 'ignore_ament_install']
[0.195s] Level 1:colcon.colcon_core.package_identification:_identify(install) by extension 'ignore'
[0.195s] Level 1:colcon.colcon_core.package_identification:_identify(install) ignored
[0.195s] Level 1:colcon.colcon_core.package_identification:_identify(log) by extensions ['ignore', 'ignore_ament_install']
[0.195s] Level 1:colcon.colcon_core.package_identification:_identify(log) by extension 'ignore'
[0.195s] Level 1:colcon.colcon_core.package_identification:_identify(log) ignored
[0.195s] Level 1:colcon.colcon_core.package_identification:_identify(src) by extensions ['ignore', 'ignore_ament_install']
[0.195s] Level 1:colcon.colcon_core.package_identification:_identify(src) by extension 'ignore'
[0.195s] Level 1:colcon.colcon_core.package_identification:_identify(src) by extension 'ignore_ament_install'
[0.195s] Level 1:colcon.colcon_core.package_identification:_identify(src) by extensions ['colcon_pkg']
[0.195s] Level 1:colcon.colcon_core.package_identification:_identify(src) by extension 'colcon_pkg'
[0.195s] Level 1:colcon.colcon_core.package_identification:_identify(src) by extensions ['colcon_meta']
[0.195s] Level 1:colcon.colcon_core.package_identification:_identify(src) by extension 'colcon_meta'
[0.196s] Level 1:colcon.colcon_core.package_identification:_identify(src) by extensions ['ament_gradle']
[0.196s] Level 1:colcon.colcon_core.package_identification:_identify(src) by extension 'ament_gradle'
[0.196s] Level 1:colcon.colcon_core.package_identification:_identify(src) by extensions ['ros']
[0.196s] Level 1:colcon.colcon_core.package_identification:_identify(src) by extension 'ros'
[0.196s] Level 1:colcon.colcon_core.package_identification:_identify(src) by extensions ['cmake', 'gradle', 'python']
[0.196s] Level 1:colcon.colcon_core.package_identification:_identify(src) by extension 'cmake'
[0.196s] Level 1:colcon.colcon_core.package_identification:_identify(src) by extension 'gradle'
[0.196s] Level 1:colcon.colcon_core.package_identification:_identify(src) by extension 'python'
[0.196s] Level 1:colcon.colcon_core.package_identification:_identify(src) by extensions ['python_setup_py']
[0.196s] Level 1:colcon.colcon_core.package_identification:_identify(src) by extension 'python_setup_py'
[0.196s] Level 1:colcon.colcon_core.package_identification:_identify(src/minibotslam) by extensions ['ignore', 'ignore_ament_install']
[0.196s] Level 1:colcon.colcon_core.package_identification:_identify(src/minibotslam) by extension 'ignore'
[0.196s] Level 1:colcon.colcon_core.package_identification:_identify(src/minibotslam) by extension 'ignore_ament_install'
[0.196s] Level 1:colcon.colcon_core.package_identification:_identify(src/minibotslam) by extensions ['colcon_pkg']
[0.196s] Level 1:colcon.colcon_core.package_identification:_identify(src/minibotslam) by extension 'colcon_pkg'
[0.196s] Level 1:colcon.colcon_core.package_identification:_identify(src/minibotslam) by extensions ['colcon_meta']
[0.196s] Level 1:colcon.colcon_core.package_identification:_identify(src/minibotslam) by extension 'colcon_meta'
[0.196s] Level 1:colcon.colcon_core.package_identification:_identify(src/minibotslam) by extensions ['ament_gradle']
[0.196s] Level 1:colcon.colcon_core.package_identification:_identify(src/minibotslam) by extension 'ament_gradle'
[0.196s] Level 1:colcon.colcon_core.package_identification:_identify(src/minibotslam) by extensions ['ros']
[0.196s] Level 1:colcon.colcon_core.package_identification:_identify(src/minibotslam) by extension 'ros'
[0.199s] DEBUG:colcon.colcon_core.package_identification:Package 'src/minibotslam' with type 'ros.ament_python' and name 'minibotslam'
[0.199s] Level 1:colcon.colcon_core.package_identification:_identify(src/my_robot_controller) by extensions ['ignore', 'ignore_ament_install']
[0.199s] Level 1:colcon.colcon_core.package_identification:_identify(src/my_robot_controller) by extension 'ignore'
[0.199s] Level 1:colcon.colcon_core.package_identification:_identify(src/my_robot_controller) by extension 'ignore_ament_install'
[0.199s] Level 1:colcon.colcon_core.package_identification:_identify(src/my_robot_controller) by extensions ['colcon_pkg']
[0.199s] Level 1:colcon.colcon_core.package_identification:_identify(src/my_robot_controller) by extension 'colcon_pkg'
[0.199s] Level 1:colcon.colcon_core.package_identification:_identify(src/my_robot_controller) by extensions ['colcon_meta']
[0.199s] Level 1:colcon.colcon_core.package_identification:_identify(src/my_robot_controller) by extension 'colcon_meta'
[0.200s] Level 1:colcon.colcon_core.package_identification:_identify(src/my_robot_controller) by extensions ['ament_gradle']
[0.200s] Level 1:colcon.colcon_core.package_identification:_identify(src/my_robot_controller) by extension 'ament_gradle'
[0.200s] Level 1:colcon.colcon_core.package_identification:_identify(src/my_robot_controller) by extensions ['ros']
[0.200s] Level 1:colcon.colcon_core.package_identification:_identify(src/my_robot_controller) by extension 'ros'
[0.200s] DEBUG:colcon.colcon_core.package_identification:Package 'src/my_robot_controller' with type 'ros.ament_cmake' and name 'my_robot_controller'
[0.200s] Level 1:colcon.colcon_core.package_identification:_identify(src/my_robot_description) by extensions ['ignore', 'ignore_ament_install']
[0.201s] Level 1:colcon.colcon_core.package_identification:_identify(src/my_robot_description) by extension 'ignore'
[0.201s] Level 1:colcon.colcon_core.package_identification:_identify(src/my_robot_description) by extension 'ignore_ament_install'
[0.201s] Level 1:colcon.colcon_core.package_identification:_identify(src/my_robot_description) by extensions ['colcon_pkg']
[0.201s] Level 1:colcon.colcon_core.package_identification:_identify(src/my_robot_description) by extension 'colcon_pkg'
[0.201s] Level 1:colcon.colcon_core.package_identification:_identify(src/my_robot_description) by extensions ['colcon_meta']
[0.201s] Level 1:colcon.colcon_core.package_identification:_identify(src/my_robot_description) by extension 'colcon_meta'
[0.201s] Level 1:colcon.colcon_core.package_identification:_identify(src/my_robot_description) by extensions ['ament_gradle']
[0.201s] Level 1:colcon.colcon_core.package_identification:_identify(src/my_robot_description) by extension 'ament_gradle'
[0.201s] Level 1:colcon.colcon_core.package_identification:_identify(src/my_robot_description) by extensions ['ros']
[0.201s] Level 1:colcon.colcon_core.package_identification:_identify(src/my_robot_description) by extension 'ros'
[0.201s] DEBUG:colcon.colcon_core.package_identification:Package 'src/my_robot_description' with type 'ros.ament_cmake' and name 'my_robot_description'
[0.202s] Level 1:colcon.colcon_core.package_identification:_identify(src/rplidar_ros) by extensions ['ignore', 'ignore_ament_install']
[0.202s] Level 1:colcon.colcon_core.package_identification:_identify(src/rplidar_ros) by extension 'ignore'
[0.202s] Level 1:colcon.colcon_core.package_identification:_identify(src/rplidar_ros) by extension 'ignore_ament_install'
[0.202s] Level 1:colcon.colcon_core.package_identification:_identify(src/rplidar_ros) by extensions ['colcon_pkg']
[0.202s] Level 1:colcon.colcon_core.package_identification:_identify(src/rplidar_ros) by extension 'colcon_pkg'
[0.202s] Level 1:colcon.colcon_core.package_identification:_identify(src/rplidar_ros) by extensions ['colcon_meta']
[0.202s] Level 1:colcon.colcon_core.package_identification:_identify(src/rplidar_ros) by extension 'colcon_meta'
[0.202s] Level 1:colcon.colcon_core.package_identification:_identify(src/rplidar_ros) by extensions ['ament_gradle']
[0.202s] Level 1:colcon.colcon_core.package_identification:_identify(src/rplidar_ros) by extension 'ament_gradle'
[0.202s] Level 1:colcon.colcon_core.package_identification:_identify(src/rplidar_ros) by extensions ['ros']
[0.202s] Level 1:colcon.colcon_core.package_identification:_identify(src/rplidar_ros) by extension 'ros'
[0.203s] DEBUG:colcon.colcon_core.package_identification:Package 'src/rplidar_ros' with type 'ros.ament_cmake' and name 'rplidar_ros'
[0.203s] Level 1:colcon.colcon_core.package_discovery:discover_packages(recursive) using defaults
[0.203s] Level 1:colcon.colcon_core.package_discovery:discover_packages(ignore) discover
[0.203s] Level 1:colcon.colcon_core.package_discovery:discover_packages(ignore) using defaults
[0.203s] Level 1:colcon.colcon_core.package_discovery:discover_packages(path) discover
[0.203s] Level 1:colcon.colcon_core.package_discovery:discover_packages(path) using defaults
[0.225s] Level 1:colcon.colcon_core.package_discovery:discover_packages(prefix_path) check parameters
[0.225s] Level 1:colcon.colcon_core.package_discovery:discover_packages(prefix_path) discover
[0.228s] DEBUG:colcon.colcon_installed_package_information.package_discovery:Found 4 installed packages in /home/spaget/manipal/warehouse/src/ros2slam/install
[0.230s] DEBUG:colcon.colcon_installed_package_information.package_discovery:Found 417 installed packages in /opt/ros/humble
[0.232s] Level 1:colcon.colcon_core.package_discovery:discover_packages(prefix_path) using defaults
[0.280s] Level 5:colcon.colcon_core.verb:set package 'minibotslam' build argument 'ament_gradle_args' from command line to 'None'
[0.280s] Level 5:colcon.colcon_core.verb:set package 'minibotslam' build argument 'ament_gradle_task' from command line to 'None'
[0.280s] Level 5:colcon.colcon_core.verb:set package 'minibotslam' build argument 'cmake_args' from command line to 'None'
[0.280s] Level 5:colcon.colcon_core.verb:set package 'minibotslam' build argument 'cmake_target' from command line to 'None'
[0.280s] Level 5:colcon.colcon_core.verb:set package 'minibotslam' build argument 'cmake_target_skip_unavailable' from command line to 'False'
[0.280s] Level 5:colcon.colcon_core.verb:set package 'minibotslam' build argument 'cmake_clean_cache' from command line to 'False'
[0.280s] Level 5:colcon.colcon_core.verb:set package 'minibotslam' build argument 'cmake_clean_first' from command line to 'False'
[0.280s] Level 5:colcon.colcon_core.verb:set package 'minibotslam' build argument 'cmake_force_configure' from command line to 'False'
[0.280s] Level 5:colcon.colcon_core.verb:set package 'minibotslam' build argument 'gradle_args' from command line to 'None'
[0.280s] Level 5:colcon.colcon_core.verb:set package 'minibotslam' build argument 'gradle_task' from command line to 'None'
[0.280s] Level 5:colcon.colcon_core.verb:set package 'minibotslam' build argument 'ament_cmake_args' from command line to 'None'
[0.280s] Level 5:colcon.colcon_core.verb:set package 'minibotslam' build argument 'catkin_cmake_args' from command line to 'None'
[0.280s] Level 5:colcon.colcon_core.verb:set package 'minibotslam' build argument 'catkin_skip_building_tests' from command line to 'False'
[0.280s] DEBUG:colcon.colcon_core.verb:Building package 'minibotslam' with the following arguments: {'ament_cmake_args': None, 'ament_gradle_args': None, 'ament_gradle_task': None, 'build_base': '/home/spaget/manipal/warehouse/src/ros2slam/build/minibotslam', 'catkin_cmake_args': None, 'catkin_skip_building_tests': False, 'cmake_args': None, 'cmake_clean_cache': False, 'cmake_clean_first': False, 'cmake_force_configure': False, 'cmake_target': None, 'cmake_target_skip_unavailable': False, 'gradle_args': None, 'gradle_task': None, 'install_base': '/home/spaget/manipal/warehouse/src/ros2slam/install/minibotslam', 'merge_install': False, 'path': '/home/spaget/manipal/warehouse/src/ros2slam/src/minibotslam', 'symlink_install': False, 'test_result_base': None}
[0.280s] Level 5:colcon.colcon_core.verb:set package 'my_robot_controller' build argument 'ament_gradle_args' from command line to 'None'
[0.280s] Level 5:colcon.colcon_core.verb:set package 'my_robot_controller' build argument 'ament_gradle_task' from command line to 'None'
[0.280s] Level 5:colcon.colcon_core.verb:set package 'my_robot_controller' build argument 'cmake_args' from command line to 'None'
[0.280s] Level 5:colcon.colcon_core.verb:set package 'my_robot_controller' build argument 'cmake_target' from command line to 'None'
[0.280s] Level 5:colcon.colcon_core.verb:set package 'my_robot_controller' build argument 'cmake_target_skip_unavailable' from command line to 'False'
[0.281s] Level 5:colcon.colcon_core.verb:set package 'my_robot_controller' build argument 'cmake_clean_cache' from command line to 'False'
[0.281s] Level 5:colcon.colcon_core.verb:set package 'my_robot_controller' build argument 'cmake_clean_first' from command line to 'False'
[0.281s] Level 5:colcon.colcon_core.verb:set package 'my_robot_controller' build argument 'cmake_force_configure' from command line to 'False'
[0.281s] Level 5:colcon.colcon_core.verb:set package 'my_robot_controller' build argument 'gradle_args' from command line to 'None'
[0.281s] Level 5:colcon.colcon_core.verb:set package 'my_robot_controller' build argument 'gradle_task' from command line to 'None'
[0.281s] Level 5:colcon.colcon_core.verb:set package 'my_robot_controller' build argument 'ament_cmake_args' from command line to 'None'
[0.281s] Level 5:colcon.colcon_core.verb:set package 'my_robot_controller' build argument 'catkin_cmake_args' from command line to 'None'
[0.281s] Level 5:colcon.colcon_core.verb:set package 'my_robot_controller' build argument 'catkin_skip_building_tests' from command line to 'False'
[0.281s] DEBUG:colcon.colcon_core.verb:Building package 'my_robot_controller' with the following arguments: {'ament_cmake_args': None, 'ament_gradle_args': None, 'ament_gradle_task': None, 'build_base': '/home/spaget/manipal/warehouse/src/ros2slam/build/my_robot_controller', 'catkin_cmake_args': None, 'catkin_skip_building_tests': False, 'cmake_args': None, 'cmake_clean_cache': False, 'cmake_clean_first': False, 'cmake_force_configure': False, 'cmake_target': None, 'cmake_target_skip_unavailable': False, 'gradle_args': None, 'gradle_task': None, 'install_base': '/home/spaget/manipal/warehouse/src/ros2slam/install/my_robot_controller', 'merge_install': False, 'path': '/home/spaget/manipal/warehouse/src/ros2slam/src/my_robot_controller', 'symlink_install': False, 'test_result_base': None}
[0.281s] Level 5:colcon.colcon_core.verb:set package 'my_robot_description' build argument 'ament_gradle_args' from command line to 'None'
[0.281s] Level 5:colcon.colcon_core.verb:set package 'my_robot_description' build argument 'ament_gradle_task' from command line to 'None'
[0.281s] Level 5:colcon.colcon_core.verb:set package 'my_robot_description' build argument 'cmake_args' from command line to 'None'
[0.281s] Level 5:colcon.colcon_core.verb:set package 'my_robot_description' build argument 'cmake_target' from command line to 'None'
[0.281s] Level 5:colcon.colcon_core.verb:set package 'my_robot_description' build argument 'cmake_target_skip_unavailable' from command line to 'False'
[0.281s] Level 5:colcon.colcon_core.verb:set package 'my_robot_description' build argument 'cmake_clean_cache' from command line to 'False'
[0.281s] Level 5:colcon.colcon_core.verb:set package 'my_robot_description' build argument 'cmake_clean_first' from command line to 'False'
[0.281s] Level 5:colcon.colcon_core.verb:set package 'my_robot_description' build argument 'cmake_force_configure' from command line to 'False'
[0.281s] Level 5:colcon.colcon_core.verb:set package 'my_robot_description' build argument 'gradle_args' from command line to 'None'
[0.281s] Level 5:colcon.colcon_core.verb:set package 'my_robot_description' build argument 'gradle_task' from command line to 'None'
[0.281s] Level 5:colcon.colcon_core.verb:set package 'my_robot_description' build argument 'ament_cmake_args' from command line to 'None'
[0.281s] Level 5:colcon.colcon_core.verb:set package 'my_robot_description' build argument 'catkin_cmake_args' from command line to 'None'
[0.281s] Level 5:colcon.colcon_core.verb:set package 'my_robot_description' build argument 'catkin_skip_building_tests' from command line to 'False'
[0.281s] DEBUG:colcon.colcon_core.verb:Building package 'my_robot_description' with the following arguments: {'ament_cmake_args': None, 'ament_gradle_args': None, 'ament_gradle_task': None, 'build_base': '/home/spaget/manipal/warehouse/src/ros2slam/build/my_robot_description', 'catkin_cmake_args': None, 'catkin_skip_building_tests': False, 'cmake_args': None, 'cmake_clean_cache': False, 'cmake_clean_first': False, 'cmake_force_configure': False, 'cmake_target': None, 'cmake_target_skip_unavailable': False, 'gradle_args': None, 'gradle_task': None, 'install_base': '/home/spaget/manipal/warehouse/src/ros2slam/install/my_robot_description', 'merge_install': False, 'path': '/home/spaget/manipal/warehouse/src/ros2slam/src/my_robot_description', 'symlink_install': False, 'test_result_base': None}
[0.282s] Level 5:colcon.colcon_core.verb:set package 'rplidar_ros' build argument 'ament_gradle_args' from command line to 'None'
[0.282s] Level 5:colcon.colcon_core.verb:set package 'rplidar_ros' build argument 'ament_gradle_task' from command line to 'None'
[0.282s] Level 5:colcon.colcon_core.verb:set package 'rplidar_ros' build argument 'cmake_args' from command line to 'None'
[0.282s] Level 5:colcon.colcon_core.verb:set package 'rplidar_ros' build argument 'cmake_target' from command line to 'None'
[0.282s] Level 5:colcon.colcon_core.verb:set package 'rplidar_ros' build argument 'cmake_target_skip_unavailable' from command line to 'False'
[0.282s] Level 5:colcon.colcon_core.verb:set package 'rplidar_ros' build argument 'cmake_clean_cache' from command line to 'False'
[0.282s] Level 5:colcon.colcon_core.verb:set package 'rplidar_ros' build argument 'cmake_clean_first' from command line to 'False'
[0.282s] Level 5:colcon.colcon_core.verb:set package 'rplidar_ros' build argument 'cmake_force_configure' from command line to 'False'
[0.282s] Level 5:colcon.colcon_core.verb:set package 'rplidar_ros' build argument 'gradle_args' from command line to 'None'
[0.282s] Level 5:colcon.colcon_core.verb:set package 'rplidar_ros' build argument 'gradle_task' from command line to 'None'
[0.282s] Level 5:colcon.colcon_core.verb:set package 'rplidar_ros' build argument 'ament_cmake_args' from command line to 'None'
[0.282s] Level 5:colcon.colcon_core.verb:set package 'rplidar_ros' build argument 'catkin_cmake_args' from command line to 'None'
[0.282s] Level 5:colcon.colcon_core.verb:set package 'rplidar_ros' build argument 'catkin_skip_building_tests' from command line to 'False'
[0.282s] DEBUG:colcon.colcon_core.verb:Building package 'rplidar_ros' with the following arguments: {'ament_cmake_args': None, 'ament_gradle_args': None, 'ament_gradle_task': None, 'build_base': '/home/spaget/manipal/warehouse/src/ros2slam/build/rplidar_ros', 'catkin_cmake_args': None, 'catkin_skip_building_tests': False, 'cmake_args': None, 'cmake_clean_cache': False, 'cmake_clean_first': False, 'cmake_force_configure': False, 'cmake_target': None, 'cmake_target_skip_unavailable': False, 'gradle_args': None, 'gradle_task': None, 'install_base': '/home/spaget/manipal/warehouse/src/ros2slam/install/rplidar_ros', 'merge_install': False, 'path': '/home/spaget/manipal/warehouse/src/ros2slam/src/rplidar_ros', 'symlink_install': False, 'test_result_base': None}
[0.282s] INFO:colcon.colcon_core.executor:Executing jobs using 'parallel' executor
[0.284s] DEBUG:colcon.colcon_parallel_executor.executor.parallel:run_until_complete
[0.284s] INFO:colcon.colcon_ros.task.ament_python.build:Building ROS package in '/home/spaget/manipal/warehouse/src/ros2slam/src/minibotslam' with build type 'ament_python'
[0.284s] Level 1:colcon.colcon_core.shell:create_environment_hook('minibotslam', 'ament_prefix_path')
[0.287s] INFO:colcon.colcon_core.plugin_system:Skipping extension 'colcon_core.shell.bat': Not used on non-Windows systems
[0.287s] INFO:colcon.colcon_core.shell:Creating environment hook '/home/spaget/manipal/warehouse/src/ros2slam/install/minibotslam/share/minibotslam/hook/ament_prefix_path.ps1'
[0.288s] INFO:colcon.colcon_core.shell:Creating environment descriptor '/home/spaget/manipal/warehouse/src/ros2slam/install/minibotslam/share/minibotslam/hook/ament_prefix_path.dsv'
[0.289s] INFO:colcon.colcon_core.shell:Creating environment hook '/home/spaget/manipal/warehouse/src/ros2slam/install/minibotslam/share/minibotslam/hook/ament_prefix_path.sh'
[0.290s] INFO:colcon.colcon_core.shell:Skip shell extension 'powershell' for command environment: Not usable outside of PowerShell
[0.290s] DEBUG:colcon.colcon_core.shell:Skip shell extension 'dsv' for command environment
[0.293s] INFO:colcon.colcon_ros.task.ament_cmake.build:Building ROS package in '/home/spaget/manipal/warehouse/src/ros2slam/src/my_robot_controller' with build type 'ament_cmake'
[0.294s] INFO:colcon.colcon_cmake.task.cmake.build:Building CMake package in '/home/spaget/manipal/warehouse/src/ros2slam/src/my_robot_controller'
[0.294s] INFO:colcon.colcon_core.shell:Skip shell extension 'powershell' for command environment: Not usable outside of PowerShell
[0.294s] DEBUG:colcon.colcon_core.shell:Skip shell extension 'dsv' for command environment
[0.298s] INFO:colcon.colcon_ros.task.ament_cmake.build:Building ROS package in '/home/spaget/manipal/warehouse/src/ros2slam/src/my_robot_description' with build type 'ament_cmake'
[0.298s] INFO:colcon.colcon_cmake.task.cmake.build:Building CMake package in '/home/spaget/manipal/warehouse/src/ros2slam/src/my_robot_description'
[0.299s] INFO:colcon.colcon_core.shell:Skip shell extension 'powershell' for command environment: Not usable outside of PowerShell
[0.299s] DEBUG:colcon.colcon_core.shell:Skip shell extension 'dsv' for command environment
[0.303s] INFO:colcon.colcon_ros.task.ament_cmake.build:Building ROS package in '/home/spaget/manipal/warehouse/src/ros2slam/src/rplidar_ros' with build type 'ament_cmake'
[0.304s] INFO:colcon.colcon_cmake.task.cmake.build:Building CMake package in '/home/spaget/manipal/warehouse/src/ros2slam/src/rplidar_ros'
[0.304s] INFO:colcon.colcon_core.shell:Skip shell extension 'powershell' for command environment: Not usable outside of PowerShell
[0.304s] DEBUG:colcon.colcon_core.shell:Skip shell extension 'dsv' for command environment
[0.530s] INFO:colcon.colcon_core.task.python.build:Building Python package in '/home/spaget/manipal/warehouse/src/ros2slam/src/minibotslam'
[0.530s] INFO:colcon.colcon_core.shell:Skip shell extension 'powershell' for command environment: Not usable outside of PowerShell
[0.530s] DEBUG:colcon.colcon_core.shell:Skip shell extension 'dsv' for command environment
[0.539s] DEBUG:colcon.colcon_core.event_handler.log_command:Invoking command in '/home/spaget/manipal/warehouse/src/ros2slam/build/my_robot_controller': CMAKE_PREFIX_PATH=${CMAKE_PREFIX_PATH}:/home/spaget/manipal/warehouse/src/ros2slam/install/minibotslam:/opt/ros/humble /usr/bin/cmake --build /home/spaget/manipal/warehouse/src/ros2slam/build/my_robot_controller -- -j12 -l12
[0.544s] DEBUG:colcon.colcon_core.event_handler.log_command:Invoking command in '/home/spaget/manipal/warehouse/src/ros2slam/build/my_robot_description': CMAKE_PREFIX_PATH=${CMAKE_PREFIX_PATH}:/home/spaget/manipal/warehouse/src/ros2slam/install/minibotslam:/opt/ros/humble /usr/bin/cmake --build /home/spaget/manipal/warehouse/src/ros2slam/build/my_robot_description -- -j12 -l12
[0.549s] DEBUG:colcon.colcon_core.event_handler.log_command:Invoking command in '/home/spaget/manipal/warehouse/src/ros2slam/build/rplidar_ros': CMAKE_PREFIX_PATH=${CMAKE_PREFIX_PATH}:/home/spaget/manipal/warehouse/src/ros2slam/install/minibotslam:/opt/ros/humble /usr/bin/cmake --build /home/spaget/manipal/warehouse/src/ros2slam/build/rplidar_ros -- -j12 -l12
[0.590s] DEBUG:colcon.colcon_core.event_handler.log_command:Invoked command in '/home/spaget/manipal/warehouse/src/ros2slam/build/my_robot_controller' returned '0': CMAKE_PREFIX_PATH=${CMAKE_PREFIX_PATH}:/home/spaget/manipal/warehouse/src/ros2slam/install/minibotslam:/opt/ros/humble /usr/bin/cmake --build /home/spaget/manipal/warehouse/src/ros2slam/build/my_robot_controller -- -j12 -l12
[0.601s] DEBUG:colcon.colcon_core.event_handler.log_command:Invoking command in '/home/spaget/manipal/warehouse/src/ros2slam/build/my_robot_controller': CMAKE_PREFIX_PATH=${CMAKE_PREFIX_PATH}:/home/spaget/manipal/warehouse/src/ros2slam/install/minibotslam:/opt/ros/humble /usr/bin/cmake --install /home/spaget/manipal/warehouse/src/ros2slam/build/my_robot_controller
[0.602s] DEBUG:colcon.colcon_core.event_handler.log_command:Invoked command in '/home/spaget/manipal/warehouse/src/ros2slam/build/my_robot_description' returned '0': CMAKE_PREFIX_PATH=${CMAKE_PREFIX_PATH}:/home/spaget/manipal/warehouse/src/ros2slam/install/minibotslam:/opt/ros/humble /usr/bin/cmake --build /home/spaget/manipal/warehouse/src/ros2slam/build/my_robot_description -- -j12 -l12
[0.605s] DEBUG:colcon.colcon_core.event_handler.log_command:Invoking command in '/home/spaget/manipal/warehouse/src/ros2slam/build/my_robot_description': CMAKE_PREFIX_PATH=${CMAKE_PREFIX_PATH}:/home/spaget/manipal/warehouse/src/ros2slam/install/minibotslam:/opt/ros/humble /usr/bin/cmake --install /home/spaget/manipal/warehouse/src/ros2slam/build/my_robot_description
[0.618s] Level 1:colcon.colcon_core.environment:create_environment_scripts_only(my_robot_controller)
[0.624s] DEBUG:colcon.colcon_core.event_handler.log_command:Invoked command in '/home/spaget/manipal/warehouse/src/ros2slam/build/my_robot_controller' returned '0': CMAKE_PREFIX_PATH=${CMAKE_PREFIX_PATH}:/home/spaget/manipal/warehouse/src/ros2slam/install/minibotslam:/opt/ros/humble /usr/bin/cmake --install /home/spaget/manipal/warehouse/src/ros2slam/build/my_robot_controller
[0.629s] Level 1:colcon.colcon_core.environment:checking '/home/spaget/manipal/warehouse/src/ros2slam/install/my_robot_controller' for CMake module files
[0.629s] Level 1:colcon.colcon_core.environment:checking '/home/spaget/manipal/warehouse/src/ros2slam/install/my_robot_controller' for CMake config files
[0.630s] Level 1:colcon.colcon_core.shell:create_environment_hook('my_robot_controller', 'cmake_prefix_path')
[0.630s] INFO:colcon.colcon_core.shell:Creating environment hook '/home/spaget/manipal/warehouse/src/ros2slam/install/my_robot_controller/share/my_robot_controller/hook/cmake_prefix_path.ps1'
[0.631s] INFO:colcon.colcon_core.shell:Creating environment descriptor '/home/spaget/manipal/warehouse/src/ros2slam/install/my_robot_controller/share/my_robot_controller/hook/cmake_prefix_path.dsv'
[0.632s] INFO:colcon.colcon_core.shell:Creating environment hook '/home/spaget/manipal/warehouse/src/ros2slam/install/my_robot_controller/share/my_robot_controller/hook/cmake_prefix_path.sh'
[0.633s] Level 1:colcon.colcon_core.environment:checking '/home/spaget/manipal/warehouse/src/ros2slam/install/my_robot_controller/bin'
[0.633s] Level 1:colcon.colcon_core.environment:checking '/home/spaget/manipal/warehouse/src/ros2slam/install/my_robot_controller/lib/pkgconfig/my_robot_controller.pc'
[0.634s] Level 1:colcon.colcon_core.environment:checking '/home/spaget/manipal/warehouse/src/ros2slam/install/my_robot_controller/lib/python3.10/site-packages'
[0.634s] Level 1:colcon.colcon_core.environment:checking '/home/spaget/manipal/warehouse/src/ros2slam/install/my_robot_controller/bin'
[0.635s] INFO:colcon.colcon_core.shell:Creating package script '/home/spaget/manipal/warehouse/src/ros2slam/install/my_robot_controller/share/my_robot_controller/package.ps1'
[0.636s] INFO:colcon.colcon_core.shell:Creating package descriptor '/home/spaget/manipal/warehouse/src/ros2slam/install/my_robot_controller/share/my_robot_controller/package.dsv'
[0.638s] INFO:colcon.colcon_core.shell:Creating package script '/home/spaget/manipal/warehouse/src/ros2slam/install/my_robot_controller/share/my_robot_controller/package.sh'
[0.639s] INFO:colcon.colcon_core.shell:Creating package script '/home/spaget/manipal/warehouse/src/ros2slam/install/my_robot_controller/share/my_robot_controller/package.bash'
[0.640s] INFO:colcon.colcon_core.shell:Creating package script '/home/spaget/manipal/warehouse/src/ros2slam/install/my_robot_controller/share/my_robot_controller/package.zsh'
[0.642s] Level 1:colcon.colcon_core.environment:create_file_with_runtime_dependencies(/home/spaget/manipal/warehouse/src/ros2slam/install/my_robot_controller/share/colcon-core/packages/my_robot_controller)
[0.643s] Level 1:colcon.colcon_core.environment:create_environment_scripts_only(my_robot_controller)
[0.643s] Level 1:colcon.colcon_core.environment:checking '/home/spaget/manipal/warehouse/src/ros2slam/install/my_robot_controller' for CMake module files
[0.644s] Level 1:colcon.colcon_core.environment:checking '/home/spaget/manipal/warehouse/src/ros2slam/install/my_robot_controller' for CMake config files
[0.644s] Level 1:colcon.colcon_core.shell:create_environment_hook('my_robot_controller', 'cmake_prefix_path')
[0.644s] INFO:colcon.colcon_core.shell:Creating environment hook '/home/spaget/manipal/warehouse/src/ros2slam/install/my_robot_controller/share/my_robot_controller/hook/cmake_prefix_path.ps1'
[0.645s] INFO:colcon.colcon_core.shell:Creating environment descriptor '/home/spaget/manipal/warehouse/src/ros2slam/install/my_robot_controller/share/my_robot_controller/hook/cmake_prefix_path.dsv'
[0.645s] INFO:colcon.colcon_core.shell:Creating environment hook '/home/spaget/manipal/warehouse/src/ros2slam/install/my_robot_controller/share/my_robot_controller/hook/cmake_prefix_path.sh'
[0.646s] Level 1:colcon.colcon_core.environment:checking '/home/spaget/manipal/warehouse/src/ros2slam/install/my_robot_controller/bin'
[0.646s] Level 1:colcon.colcon_core.environment:checking '/home/spaget/manipal/warehouse/src/ros2slam/install/my_robot_controller/lib/pkgconfig/my_robot_controller.pc'
[0.647s] Level 1:colcon.colcon_core.environment:checking '/home/spaget/manipal/warehouse/src/ros2slam/install/my_robot_controller/lib/python3.10/site-packages'
[0.647s] Level 1:colcon.colcon_core.environment:checking '/home/spaget/manipal/warehouse/src/ros2slam/install/my_robot_controller/bin'
[0.648s] INFO:colcon.colcon_core.shell:Creating package script '/home/spaget/manipal/warehouse/src/ros2slam/install/my_robot_controller/share/my_robot_controller/package.ps1'
[0.649s] INFO:colcon.colcon_core.shell:Creating package descriptor '/home/spaget/manipal/warehouse/src/ros2slam/install/my_robot_controller/share/my_robot_controller/package.dsv'
[0.650s] INFO:colcon.colcon_core.shell:Creating package script '/home/spaget/manipal/warehouse/src/ros2slam/install/my_robot_controller/share/my_robot_controller/package.sh'
[0.650s] INFO:colcon.colcon_core.shell:Creating package script '/home/spaget/manipal/warehouse/src/ros2slam/install/my_robot_controller/share/my_robot_controller/package.bash'
[0.650s] INFO:colcon.colcon_core.shell:Creating package script '/home/spaget/manipal/warehouse/src/ros2slam/install/my_robot_controller/share/my_robot_controller/package.zsh'
[0.651s] Level 1:colcon.colcon_core.environment:create_file_with_runtime_dependencies(/home/spaget/manipal/warehouse/src/ros2slam/install/my_robot_controller/share/colcon-core/packages/my_robot_controller)
[0.654s] DEBUG:colcon.colcon_core.event_handler.log_command:Invoked command in '/home/spaget/manipal/warehouse/src/ros2slam/build/rplidar_ros' returned '0': CMAKE_PREFIX_PATH=${CMAKE_PREFIX_PATH}:/home/spaget/manipal/warehouse/src/ros2slam/install/minibotslam:/opt/ros/humble /usr/bin/cmake --build /home/spaget/manipal/warehouse/src/ros2slam/build/rplidar_ros -- -j12 -l12
[0.655s] DEBUG:colcon.colcon_core.event_handler.log_command:Invoking command in '/home/spaget/manipal/warehouse/src/ros2slam/build/rplidar_ros': CMAKE_PREFIX_PATH=${CMAKE_PREFIX_PATH}:/home/spaget/manipal/warehouse/src/ros2slam/install/minibotslam:/opt/ros/humble /usr/bin/cmake --install /home/spaget/manipal/warehouse/src/ros2slam/build/rplidar_ros
[0.656s] Level 1:colcon.colcon_core.environment:create_environment_scripts_only(my_robot_description)
[0.656s] DEBUG:colcon.colcon_core.event_handler.log_command:Invoked command in '/home/spaget/manipal/warehouse/src/ros2slam/build/my_robot_description' returned '0': CMAKE_PREFIX_PATH=${CMAKE_PREFIX_PATH}:/home/spaget/manipal/warehouse/src/ros2slam/install/minibotslam:/opt/ros/humble /usr/bin/cmake --install /home/spaget/manipal/warehouse/src/ros2slam/build/my_robot_description
[0.657s] Level 1:colcon.colcon_core.environment:checking '/home/spaget/manipal/warehouse/src/ros2slam/install/my_robot_description' for CMake module files
[0.658s] Level 1:colcon.colcon_core.environment:checking '/home/spaget/manipal/warehouse/src/ros2slam/install/my_robot_description' for CMake config files
[0.658s] Level 1:colcon.colcon_core.shell:create_environment_hook('my_robot_description', 'cmake_prefix_path')
[0.659s] INFO:colcon.colcon_core.shell:Creating environment hook '/home/spaget/manipal/warehouse/src/ros2slam/install/my_robot_description/share/my_robot_description/hook/cmake_prefix_path.ps1'
[0.660s] INFO:colcon.colcon_core.shell:Creating environment descriptor '/home/spaget/manipal/warehouse/src/ros2slam/install/my_robot_description/share/my_robot_description/hook/cmake_prefix_path.dsv'
[0.660s] INFO:colcon.colcon_core.shell:Creating environment hook '/home/spaget/manipal/warehouse/src/ros2slam/install/my_robot_description/share/my_robot_description/hook/cmake_prefix_path.sh'
[0.661s] Level 1:colcon.colcon_core.environment:checking '/home/spaget/manipal/warehouse/src/ros2slam/install/my_robot_description/bin'
[0.661s] Level 1:colcon.colcon_core.environment:checking '/home/spaget/manipal/warehouse/src/ros2slam/install/my_robot_description/lib/pkgconfig/my_robot_description.pc'
[0.661s] Level 1:colcon.colcon_core.environment:checking '/home/spaget/manipal/warehouse/src/ros2slam/install/my_robot_description/lib/python3.10/site-packages'
[0.662s] Level 1:colcon.colcon_core.environment:checking '/home/spaget/manipal/warehouse/src/ros2slam/install/my_robot_description/bin'
[0.662s] INFO:colcon.colcon_core.shell:Creating package script '/home/spaget/manipal/warehouse/src/ros2slam/install/my_robot_description/share/my_robot_description/package.ps1'
[0.663s] INFO:colcon.colcon_core.shell:Creating package descriptor '/home/spaget/manipal/warehouse/src/ros2slam/install/my_robot_description/share/my_robot_description/package.dsv'
[0.664s] INFO:colcon.colcon_core.shell:Creating package script '/home/spaget/manipal/warehouse/src/ros2slam/install/my_robot_description/share/my_robot_description/package.sh'
[0.664s] INFO:colcon.colcon_core.shell:Creating package script '/home/spaget/manipal/warehouse/src/ros2slam/install/my_robot_description/share/my_robot_description/package.bash'
[0.665s] INFO:colcon.colcon_core.shell:Creating package script '/home/spaget/manipal/warehouse/src/ros2slam/install/my_robot_description/share/my_robot_description/package.zsh'
[0.665s] Level 1:colcon.colcon_core.environment:create_file_with_runtime_dependencies(/home/spaget/manipal/warehouse/src/ros2slam/install/my_robot_description/share/colcon-core/packages/my_robot_description)
[0.666s] Level 1:colcon.colcon_core.environment:create_environment_scripts_only(my_robot_description)
[0.667s] Level 1:colcon.colcon_core.environment:checking '/home/spaget/manipal/warehouse/src/ros2slam/install/my_robot_description' for CMake module files
[0.668s] Level 1:colcon.colcon_core.environment:checking '/home/spaget/manipal/warehouse/src/ros2slam/install/my_robot_description' for CMake config files
[0.668s] Level 1:colcon.colcon_core.shell:create_environment_hook('my_robot_description', 'cmake_prefix_path')
[0.669s] INFO:colcon.colcon_core.shell:Creating environment hook '/home/spaget/manipal/warehouse/src/ros2slam/install/my_robot_description/share/my_robot_description/hook/cmake_prefix_path.ps1'
[0.670s] INFO:colcon.colcon_core.shell:Creating environment descriptor '/home/spaget/manipal/warehouse/src/ros2slam/install/my_robot_description/share/my_robot_description/hook/cmake_prefix_path.dsv'
[0.671s] INFO:colcon.colcon_core.shell:Creating environment hook '/home/spaget/manipal/warehouse/src/ros2slam/install/my_robot_description/share/my_robot_description/hook/cmake_prefix_path.sh'
[0.671s] Level 1:colcon.colcon_core.environment:checking '/home/spaget/manipal/warehouse/src/ros2slam/install/my_robot_description/bin'
[0.672s] Level 1:colcon.colcon_core.environment:checking '/home/spaget/manipal/warehouse/src/ros2slam/install/my_robot_description/lib/pkgconfig/my_robot_description.pc'
[0.672s] Level 1:colcon.colcon_core.environment:checking '/home/spaget/manipal/warehouse/src/ros2slam/install/my_robot_description/lib/python3.10/site-packages'
[0.672s] Level 1:colcon.colcon_core.environment:checking '/home/spaget/manipal/warehouse/src/ros2slam/install/my_robot_description/bin'
[0.673s] INFO:colcon.colcon_core.shell:Creating package script '/home/spaget/manipal/warehouse/src/ros2slam/install/my_robot_description/share/my_robot_description/package.ps1'
[0.674s] INFO:colcon.colcon_core.shell:Creating package descriptor '/home/spaget/manipal/warehouse/src/ros2slam/install/my_robot_description/share/my_robot_description/package.dsv'
[0.675s] INFO:colcon.colcon_core.shell:Creating package script '/home/spaget/manipal/warehouse/src/ros2slam/install/my_robot_description/share/my_robot_description/package.sh'
[0.675s] INFO:colcon.colcon_core.shell:Creating package script '/home/spaget/manipal/warehouse/src/ros2slam/install/my_robot_description/share/my_robot_description/package.bash'
[0.676s] INFO:colcon.colcon_core.shell:Creating package script '/home/spaget/manipal/warehouse/src/ros2slam/install/my_robot_description/share/my_robot_description/package.zsh'
[0.676s] Level 1:colcon.colcon_core.environment:create_file_with_runtime_dependencies(/home/spaget/manipal/warehouse/src/ros2slam/install/my_robot_description/share/colcon-core/packages/my_robot_description)
[0.679s] Level 1:colcon.colcon_core.environment:create_environment_scripts_only(rplidar_ros)
[0.680s] Level 1:colcon.colcon_core.environment:checking '/home/spaget/manipal/warehouse/src/ros2slam/install/rplidar_ros' for CMake module files
[0.684s] DEBUG:colcon.colcon_core.event_handler.log_command:Invoked command in '/home/spaget/manipal/warehouse/src/ros2slam/build/rplidar_ros' returned '0': CMAKE_PREFIX_PATH=${CMAKE_PREFIX_PATH}:/home/spaget/manipal/warehouse/src/ros2slam/install/minibotslam:/opt/ros/humble /usr/bin/cmake --install /home/spaget/manipal/warehouse/src/ros2slam/build/rplidar_ros
[0.685s] Level 1:colcon.colcon_core.environment:checking '/home/spaget/manipal/warehouse/src/ros2slam/install/rplidar_ros' for CMake config files
[0.686s] Level 1:colcon.colcon_core.shell:create_environment_hook('rplidar_ros', 'cmake_prefix_path')
[0.686s] INFO:colcon.colcon_core.shell:Creating environment hook '/home/spaget/manipal/warehouse/src/ros2slam/install/rplidar_ros/share/rplidar_ros/hook/cmake_prefix_path.ps1'
[0.687s] INFO:colcon.colcon_core.shell:Creating environment descriptor '/home/spaget/manipal/warehouse/src/ros2slam/install/rplidar_ros/share/rplidar_ros/hook/cmake_prefix_path.dsv'
[0.688s] INFO:colcon.colcon_core.shell:Creating environment hook '/home/spaget/manipal/warehouse/src/ros2slam/install/rplidar_ros/share/rplidar_ros/hook/cmake_prefix_path.sh'
[0.689s] Level 1:colcon.colcon_core.environment:checking '/home/spaget/manipal/warehouse/src/ros2slam/install/rplidar_ros/lib'
[0.689s] Level 1:colcon.colcon_core.environment:checking '/home/spaget/manipal/warehouse/src/ros2slam/install/rplidar_ros/bin'
[0.689s] Level 1:colcon.colcon_core.environment:checking '/home/spaget/manipal/warehouse/src/ros2slam/install/rplidar_ros/lib/pkgconfig/rplidar_ros.pc'
[0.690s] Level 1:colcon.colcon_core.environment:checking '/home/spaget/manipal/warehouse/src/ros2slam/install/rplidar_ros/lib/python3.10/site-packages'
[0.690s] Level 1:colcon.colcon_core.environment:checking '/home/spaget/manipal/warehouse/src/ros2slam/install/rplidar_ros/bin'
[0.691s] INFO:colcon.colcon_core.shell:Creating package script '/home/spaget/manipal/warehouse/src/ros2slam/install/rplidar_ros/share/rplidar_ros/package.ps1'
[0.691s] INFO:colcon.colcon_core.shell:Creating package descriptor '/home/spaget/manipal/warehouse/src/ros2slam/install/rplidar_ros/share/rplidar_ros/package.dsv'
[0.692s] INFO:colcon.colcon_core.shell:Creating package script '/home/spaget/manipal/warehouse/src/ros2slam/install/rplidar_ros/share/rplidar_ros/package.sh'
[0.693s] INFO:colcon.colcon_core.shell:Creating package script '/home/spaget/manipal/warehouse/src/ros2slam/install/rplidar_ros/share/rplidar_ros/package.bash'
[0.693s] INFO:colcon.colcon_core.shell:Creating package script '/home/spaget/manipal/warehouse/src/ros2slam/install/rplidar_ros/share/rplidar_ros/package.zsh'
[0.694s] Level 1:colcon.colcon_core.environment:create_file_with_runtime_dependencies(/home/spaget/manipal/warehouse/src/ros2slam/install/rplidar_ros/share/colcon-core/packages/rplidar_ros)
[0.694s] Level 1:colcon.colcon_core.environment:create_environment_scripts_only(rplidar_ros)
[0.694s] Level 1:colcon.colcon_core.environment:checking '/home/spaget/manipal/warehouse/src/ros2slam/install/rplidar_ros' for CMake module files
[0.695s] Level 1:colcon.colcon_core.environment:checking '/home/spaget/manipal/warehouse/src/ros2slam/install/rplidar_ros' for CMake config files
[0.695s] Level 1:colcon.colcon_core.shell:create_environment_hook('rplidar_ros', 'cmake_prefix_path')
[0.696s] INFO:colcon.colcon_core.shell:Creating environment hook '/home/spaget/manipal/warehouse/src/ros2slam/install/rplidar_ros/share/rplidar_ros/hook/cmake_prefix_path.ps1'
[0.696s] INFO:colcon.colcon_core.shell:Creating environment descriptor '/home/spaget/manipal/warehouse/src/ros2slam/install/rplidar_ros/share/rplidar_ros/hook/cmake_prefix_path.dsv'
[0.697s] INFO:colcon.colcon_core.shell:Creating environment hook '/home/spaget/manipal/warehouse/src/ros2slam/install/rplidar_ros/share/rplidar_ros/hook/cmake_prefix_path.sh'
[0.697s] Level 1:colcon.colcon_core.environment:checking '/home/spaget/manipal/warehouse/src/ros2slam/install/rplidar_ros/lib'
[0.697s] Level 1:colcon.colcon_core.environment:checking '/home/spaget/manipal/warehouse/src/ros2slam/install/rplidar_ros/bin'
[0.697s] Level 1:colcon.colcon_core.environment:checking '/home/spaget/manipal/warehouse/src/ros2slam/install/rplidar_ros/lib/pkgconfig/rplidar_ros.pc'
[0.698s] Level 1:colcon.colcon_core.environment:checking '/home/spaget/manipal/warehouse/src/ros2slam/install/rplidar_ros/lib/python3.10/site-packages'
[0.698s] Level 1:colcon.colcon_core.environment:checking '/home/spaget/manipal/warehouse/src/ros2slam/install/rplidar_ros/bin'
[0.698s] INFO:colcon.colcon_core.shell:Creating package script '/home/spaget/manipal/warehouse/src/ros2slam/install/rplidar_ros/share/rplidar_ros/package.ps1'
[0.699s] INFO:colcon.colcon_core.shell:Creating package descriptor '/home/spaget/manipal/warehouse/src/ros2slam/install/rplidar_ros/share/rplidar_ros/package.dsv'
[0.700s] INFO:colcon.colcon_core.shell:Creating package script '/home/spaget/manipal/warehouse/src/ros2slam/install/rplidar_ros/share/rplidar_ros/package.sh'
[0.700s] INFO:colcon.colcon_core.shell:Creating package script '/home/spaget/manipal/warehouse/src/ros2slam/install/rplidar_ros/share/rplidar_ros/package.bash'
[0.701s] INFO:colcon.colcon_core.shell:Creating package script '/home/spaget/manipal/warehouse/src/ros2slam/install/rplidar_ros/share/rplidar_ros/package.zsh'
[0.701s] Level 1:colcon.colcon_core.environment:create_file_with_runtime_dependencies(/home/spaget/manipal/warehouse/src/ros2slam/install/rplidar_ros/share/colcon-core/packages/rplidar_ros)
[1.294s] DEBUG:colcon.colcon_core.event_handler.log_command:Invoking command in '/home/spaget/manipal/warehouse/src/ros2slam/src/minibotslam': PYTHONPATH=/home/spaget/manipal/warehouse/src/ros2slam/build/minibotslam/prefix_override:/usr/lib/python3/dist-packages/colcon_core/task/python/colcon_distutils_commands:/home/spaget/manipal/warehouse/src/ros2slam/install/minibotslam/lib/python3.10/site-packages:${PYTHONPATH} /usr/bin/python3 -W ignore:setup.py install is deprecated -W ignore:easy_install command is deprecated setup.py egg_info --egg-base ../../build/minibotslam build --build-base /home/spaget/manipal/warehouse/src/ros2slam/build/minibotslam/build install --record /home/spaget/manipal/warehouse/src/ros2slam/build/minibotslam/install.log --single-version-externally-managed install_data
[1.841s] Level 1:colcon.colcon_core.environment:checking '/home/spaget/manipal/warehouse/src/ros2slam/install/minibotslam' for CMake module files
[1.842s] DEBUG:colcon.colcon_core.event_handler.log_command:Invoked command in '/home/spaget/manipal/warehouse/src/ros2slam/src/minibotslam' returned '0': PYTHONPATH=/home/spaget/manipal/warehouse/src/ros2slam/build/minibotslam/prefix_override:/usr/lib/python3/dist-packages/colcon_core/task/python/colcon_distutils_commands:/home/spaget/manipal/warehouse/src/ros2slam/install/minibotslam/lib/python3.10/site-packages:${PYTHONPATH} /usr/bin/python3 -W ignore:setup.py install is deprecated -W ignore:easy_install command is deprecated setup.py egg_info --egg-base ../../build/minibotslam build --build-base /home/spaget/manipal/warehouse/src/ros2slam/build/minibotslam/build install --record /home/spaget/manipal/warehouse/src/ros2slam/build/minibotslam/install.log --single-version-externally-managed install_data
[1.842s] Level 1:colcon.colcon_core.environment:checking '/home/spaget/manipal/warehouse/src/ros2slam/install/minibotslam' for CMake config files
[1.843s] Level 1:colcon.colcon_core.environment:checking '/home/spaget/manipal/warehouse/src/ros2slam/install/minibotslam/lib'
[1.843s] Level 1:colcon.colcon_core.environment:checking '/home/spaget/manipal/warehouse/src/ros2slam/install/minibotslam/bin'
[1.843s] Level 1:colcon.colcon_core.environment:checking '/home/spaget/manipal/warehouse/src/ros2slam/install/minibotslam/lib/pkgconfig/minibotslam.pc'
[1.843s] Level 1:colcon.colcon_core.environment:checking '/home/spaget/manipal/warehouse/src/ros2slam/install/minibotslam/lib/python3.10/site-packages'
[1.843s] Level 1:colcon.colcon_core.shell:create_environment_hook('minibotslam', 'pythonpath')
[1.843s] INFO:colcon.colcon_core.shell:Creating environment hook '/home/spaget/manipal/warehouse/src/ros2slam/install/minibotslam/share/minibotslam/hook/pythonpath.ps1'
[1.844s] INFO:colcon.colcon_core.shell:Creating environment descriptor '/home/spaget/manipal/warehouse/src/ros2slam/install/minibotslam/share/minibotslam/hook/pythonpath.dsv'
[1.844s] INFO:colcon.colcon_core.shell:Creating environment hook '/home/spaget/manipal/warehouse/src/ros2slam/install/minibotslam/share/minibotslam/hook/pythonpath.sh'
[1.845s] Level 1:colcon.colcon_core.environment:checking '/home/spaget/manipal/warehouse/src/ros2slam/install/minibotslam/bin'
[1.845s] Level 1:colcon.colcon_core.environment:create_environment_scripts_only(minibotslam)
[1.845s] INFO:colcon.colcon_core.shell:Creating package script '/home/spaget/manipal/warehouse/src/ros2slam/install/minibotslam/share/minibotslam/package.ps1'
[1.846s] INFO:colcon.colcon_core.shell:Creating package descriptor '/home/spaget/manipal/warehouse/src/ros2slam/install/minibotslam/share/minibotslam/package.dsv'
[1.846s] INFO:colcon.colcon_core.shell:Creating package script '/home/spaget/manipal/warehouse/src/ros2slam/install/minibotslam/share/minibotslam/package.sh'
[1.847s] INFO:colcon.colcon_core.shell:Creating package script '/home/spaget/manipal/warehouse/src/ros2slam/install/minibotslam/share/minibotslam/package.bash'
[1.847s] INFO:colcon.colcon_core.shell:Creating package script '/home/spaget/manipal/warehouse/src/ros2slam/install/minibotslam/share/minibotslam/package.zsh'
[1.847s] Level 1:colcon.colcon_core.environment:create_file_with_runtime_dependencies(/home/spaget/manipal/warehouse/src/ros2slam/install/minibotslam/share/colcon-core/packages/minibotslam)
[1.848s] DEBUG:colcon.colcon_parallel_executor.executor.parallel:closing loop
[1.848s] DEBUG:colcon.colcon_parallel_executor.executor.parallel:loop closed
[1.848s] DEBUG:colcon.colcon_parallel_executor.executor.parallel:run_until_complete finished with '0'
[1.848s] DEBUG:colcon.colcon_core.event_reactor:joining thread
[1.855s] INFO:colcon.colcon_core.plugin_system:Skipping extension 'colcon_notification.desktop_notification.terminal_notifier': Not used on non-Darwin systems
[1.855s] INFO:colcon.colcon_core.plugin_system:Skipping extension 'colcon_notification.desktop_notification.win32': Not used on non-Windows systems
[1.855s] INFO:colcon.colcon_notification.desktop_notification:Sending desktop notification using 'notify2'
[1.870s] DEBUG:colcon.colcon_core.event_reactor:joined thread
[1.871s] INFO:colcon.colcon_core.shell:Creating prefix script '/home/spaget/manipal/warehouse/src/ros2slam/install/local_setup.ps1'
[1.873s] INFO:colcon.colcon_core.shell:Creating prefix util module '/home/spaget/manipal/warehouse/src/ros2slam/install/_local_setup_util_ps1.py'
[1.876s] INFO:colcon.colcon_core.shell:Creating prefix chain script '/home/spaget/manipal/warehouse/src/ros2slam/install/setup.ps1'
[1.878s] INFO:colcon.colcon_core.shell:Creating prefix script '/home/spaget/manipal/warehouse/src/ros2slam/install/local_setup.sh'
[1.879s] INFO:colcon.colcon_core.shell:Creating prefix util module '/home/spaget/manipal/warehouse/src/ros2slam/install/_local_setup_util_sh.py'
[1.880s] INFO:colcon.colcon_core.shell:Creating prefix chain script '/home/spaget/manipal/warehouse/src/ros2slam/install/setup.sh'
[1.882s] INFO:colcon.colcon_core.shell:Creating prefix script '/home/spaget/manipal/warehouse/src/ros2slam/install/local_setup.bash'
[1.882s] INFO:colcon.colcon_core.shell:Creating prefix chain script '/home/spaget/manipal/warehouse/src/ros2slam/install/setup.bash'
[1.885s] INFO:colcon.colcon_core.shell:Creating prefix script '/home/spaget/manipal/warehouse/src/ros2slam/install/local_setup.zsh'
[1.885s] INFO:colcon.colcon_core.shell:Creating prefix chain script '/home/spaget/manipal/warehouse/src/ros2slam/install/setup.zsh'
