[0.201s] DEBUG:colcon:Command line arguments: ['/usr/bin/colcon', 'build']
[0.201s] DEBUG:colcon:Parsed command line arguments: Namespace(log_base=None, log_level=None, verb_name='build', build_base='build', install_base='install', merge_install=False, symlink_install=False, test_result_base=None, continue_on_error=False, executor='parallel', parallel_workers=12, event_handlers=None, ignore_user_meta=False, metas=['./colcon.meta'], base_paths=['.'], packages_ignore=None, packages_ignore_regex=None, paths=None, packages_up_to=None, packages_up_to_regex=None, packages_above=None, packages_above_and_dependencies=None, packages_above_depth=None, packages_select_by_dep=None, packages_skip_by_dep=None, packages_skip_up_to=None, packages_select_build_failed=False, packages_skip_build_finished=False, packages_select_test_failures=False, packages_skip_test_passed=False, packages_select=None, packages_skip=None, packages_select_regex=None, packages_skip_regex=None, packages_start=None, packages_end=None, allow_overriding=[], ament_gradle_args=None, ament_gradle_task=None, cmake_args=None, cmake_target=None, cmake_target_skip_unavailable=False, cmake_clean_cache=False, cmake_clean_first=False, cmake_force_configure=False, gradle_args=None, gradle_task=None, ament_cmake_args=None, catkin_cmake_args=None, catkin_skip_building_tests=False, mixin_files=None, mixin=None, verb_parser=<colcon_mixin.mixin.mixin_argument.MixinArgumentDecorator object at 0x765cb7099990>, verb_extension=<colcon_core.verb.build.BuildVerb object at 0x765cb70994e0>, main=<bound method BuildVerb.main of <colcon_core.verb.build.BuildVerb object at 0x765cb70994e0>>, mixin_verb=('build',))
[0.206s] Level 1:colcon.colcon_core.package_discovery:discover_packages(colcon_meta) check parameters
[0.206s] Level 1:colcon.colcon_core.package_discovery:discover_packages(recursive) check parameters
[0.206s] Level 1:colcon.colcon_core.package_discovery:discover_packages(ignore) check parameters
[0.206s] Level 1:colcon.colcon_core.package_discovery:discover_packages(path) check parameters
[0.206s] Level 1:colcon.colcon_core.package_discovery:discover_packages(colcon_meta) discover
[0.206s] Level 1:colcon.colcon_core.package_discovery:discover_packages(recursive) discover
[0.206s] INFO:colcon.colcon_core.package_discovery:Crawling recursively for packages in '/home/spaget/manipal/warehouse/src/ros2slam'
[0.206s] Level 1:colcon.colcon_core.package_identification:_identify(.) by extensions ['ignore', 'ignore_ament_install']
[0.206s] Level 1:colcon.colcon_core.package_identification:_identify(.) by extension 'ignore'
[0.206s] Level 1:colcon.colcon_core.package_identification:_identify(.) by extension 'ignore_ament_install'
[0.206s] Level 1:colcon.colcon_core.package_identification:_identify(.) by extensions ['colcon_pkg']
[0.206s] Level 1:colcon.colcon_core.package_identification:_identify(.) by extension 'colcon_pkg'
[0.206s] Level 1:colcon.colcon_core.package_identification:_identify(.) by extensions ['colcon_meta']
[0.206s] Level 1:colcon.colcon_core.package_identification:_identify(.) by extension 'colcon_meta'
[0.206s] Level 1:colcon.colcon_core.package_identification:_identify(.) by extensions ['ament_gradle']
[0.206s] Level 1:colcon.colcon_core.package_identification:_identify(.) by extension 'ament_gradle'
[0.206s] Level 1:colcon.colcon_core.package_identification:_identify(.) by extensions ['ros']
[0.206s] Level 1:colcon.colcon_core.package_identification:_identify(.) by extension 'ros'
[0.222s] Level 1:colcon.colcon_core.package_identification:_identify(.) by extensions ['cmake', 'gradle', 'python']
[0.222s] Level 1:colcon.colcon_core.package_identification:_identify(.) by extension 'cmake'
[0.222s] Level 1:colcon.colcon_core.package_identification:_identify(.) by extension 'gradle'
[0.222s] Level 1:colcon.colcon_core.package_identification:_identify(.) by extension 'python'
[0.222s] Level 1:colcon.colcon_core.package_identification:_identify(.) by extensions ['python_setup_py']
[0.222s] Level 1:colcon.colcon_core.package_identification:_identify(.) by extension 'python_setup_py'
[0.222s] Level 1:colcon.colcon_core.package_identification:_identify(build) by extensions ['ignore', 'ignore_ament_install']
[0.222s] Level 1:colcon.colcon_core.package_identification:_identify(build) by extension 'ignore'
[0.222s] Level 1:colcon.colcon_core.package_identification:_identify(build) ignored
[0.223s] Level 1:colcon.colcon_core.package_identification:_identify(install) by extensions ['ignore', 'ignore_ament_install']
[0.223s] Level 1:colcon.colcon_core.package_identification:_identify(install) by extension 'ignore'
[0.223s] Level 1:colcon.colcon_core.package_identification:_identify(install) ignored
[0.223s] Level 1:colcon.colcon_core.package_identification:_identify(log) by extensions ['ignore', 'ignore_ament_install']
[0.223s] Level 1:colcon.colcon_core.package_identification:_identify(log) by extension 'ignore'
[0.223s] Level 1:colcon.colcon_core.package_identification:_identify(log) ignored
[0.223s] Level 1:colcon.colcon_core.package_identification:_identify(src) by extensions ['ignore', 'ignore_ament_install']
[0.223s] Level 1:colcon.colcon_core.package_identification:_identify(src) by extension 'ignore'
[0.223s] Level 1:colcon.colcon_core.package_identification:_identify(src) by extension 'ignore_ament_install'
[0.223s] Level 1:colcon.colcon_core.package_identification:_identify(src) by extensions ['colcon_pkg']
[0.223s] Level 1:colcon.colcon_core.package_identification:_identify(src) by extension 'colcon_pkg'
[0.223s] Level 1:colcon.colcon_core.package_identification:_identify(src) by extensions ['colcon_meta']
[0.223s] Level 1:colcon.colcon_core.package_identification:_identify(src) by extension 'colcon_meta'
[0.223s] Level 1:colcon.colcon_core.package_identification:_identify(src) by extensions ['ament_gradle']
[0.223s] Level 1:colcon.colcon_core.package_identification:_identify(src) by extension 'ament_gradle'
[0.223s] Level 1:colcon.colcon_core.package_identification:_identify(src) by extensions ['ros']
[0.223s] Level 1:colcon.colcon_core.package_identification:_identify(src) by extension 'ros'
[0.224s] Level 1:colcon.colcon_core.package_identification:_identify(src) by extensions ['cmake', 'gradle', 'python']
[0.224s] Level 1:colcon.colcon_core.package_identification:_identify(src) by extension 'cmake'
[0.224s] Level 1:colcon.colcon_core.package_identification:_identify(src) by extension 'gradle'
[0.224s] Level 1:colcon.colcon_core.package_identification:_identify(src) by extension 'python'
[0.224s] Level 1:colcon.colcon_core.package_identification:_identify(src) by extensions ['python_setup_py']
[0.224s] Level 1:colcon.colcon_core.package_identification:_identify(src) by extension 'python_setup_py'
[0.224s] Level 1:colcon.colcon_core.package_identification:_identify(src/minibotslam) by extensions ['ignore', 'ignore_ament_install']
[0.224s] Level 1:colcon.colcon_core.package_identification:_identify(src/minibotslam) by extension 'ignore'
[0.224s] Level 1:colcon.colcon_core.package_identification:_identify(src/minibotslam) by extension 'ignore_ament_install'
[0.224s] Level 1:colcon.colcon_core.package_identification:_identify(src/minibotslam) by extensions ['colcon_pkg']
[0.224s] Level 1:colcon.colcon_core.package_identification:_identify(src/minibotslam) by extension 'colcon_pkg'
[0.224s] Level 1:colcon.colcon_core.package_identification:_identify(src/minibotslam) by extensions ['colcon_meta']
[0.224s] Level 1:colcon.colcon_core.package_identification:_identify(src/minibotslam) by extension 'colcon_meta'
[0.225s] Level 1:colcon.colcon_core.package_identification:_identify(src/minibotslam) by extensions ['ament_gradle']
[0.225s] Level 1:colcon.colcon_core.package_identification:_identify(src/minibotslam) by extension 'ament_gradle'
[0.225s] Level 1:colcon.colcon_core.package_identification:_identify(src/minibotslam) by extensions ['ros']
[0.225s] Level 1:colcon.colcon_core.package_identification:_identify(src/minibotslam) by extension 'ros'
[0.228s] DEBUG:colcon.colcon_core.package_identification:Package 'src/minibotslam' with type 'ros.ament_python' and name 'minibotslam'
[0.228s] Level 1:colcon.colcon_core.package_identification:_identify(src/my_robot_controller) by extensions ['ignore', 'ignore_ament_install']
[0.228s] Level 1:colcon.colcon_core.package_identification:_identify(src/my_robot_controller) by extension 'ignore'
[0.228s] Level 1:colcon.colcon_core.package_identification:_identify(src/my_robot_controller) by extension 'ignore_ament_install'
[0.228s] Level 1:colcon.colcon_core.package_identification:_identify(src/my_robot_controller) by extensions ['colcon_pkg']
[0.228s] Level 1:colcon.colcon_core.package_identification:_identify(src/my_robot_controller) by extension 'colcon_pkg'
[0.228s] Level 1:colcon.colcon_core.package_identification:_identify(src/my_robot_controller) by extensions ['colcon_meta']
[0.228s] Level 1:colcon.colcon_core.package_identification:_identify(src/my_robot_controller) by extension 'colcon_meta'
[0.229s] Level 1:colcon.colcon_core.package_identification:_identify(src/my_robot_controller) by extensions ['ament_gradle']
[0.229s] Level 1:colcon.colcon_core.package_identification:_identify(src/my_robot_controller) by extension 'ament_gradle'
[0.229s] Level 1:colcon.colcon_core.package_identification:_identify(src/my_robot_controller) by extensions ['ros']
[0.229s] Level 1:colcon.colcon_core.package_identification:_identify(src/my_robot_controller) by extension 'ros'
[0.230s] DEBUG:colcon.colcon_core.package_identification:Package 'src/my_robot_controller' with type 'ros.ament_cmake' and name 'my_robot_controller'
[0.230s] Level 1:colcon.colcon_core.package_identification:_identify(src/my_robot_description) by extensions ['ignore', 'ignore_ament_install']
[0.230s] Level 1:colcon.colcon_core.package_identification:_identify(src/my_robot_description) by extension 'ignore'
[0.230s] Level 1:colcon.colcon_core.package_identification:_identify(src/my_robot_description) by extension 'ignore_ament_install'
[0.230s] Level 1:colcon.colcon_core.package_identification:_identify(src/my_robot_description) by extensions ['colcon_pkg']
[0.231s] Level 1:colcon.colcon_core.package_identification:_identify(src/my_robot_description) by extension 'colcon_pkg'
[0.231s] Level 1:colcon.colcon_core.package_identification:_identify(src/my_robot_description) by extensions ['colcon_meta']
[0.231s] Level 1:colcon.colcon_core.package_identification:_identify(src/my_robot_description) by extension 'colcon_meta'
[0.231s] Level 1:colcon.colcon_core.package_identification:_identify(src/my_robot_description) by extensions ['ament_gradle']
[0.231s] Level 1:colcon.colcon_core.package_identification:_identify(src/my_robot_description) by extension 'ament_gradle'
[0.231s] Level 1:colcon.colcon_core.package_identification:_identify(src/my_robot_description) by extensions ['ros']
[0.231s] Level 1:colcon.colcon_core.package_identification:_identify(src/my_robot_description) by extension 'ros'
[0.231s] DEBUG:colcon.colcon_core.package_identification:Package 'src/my_robot_description' with type 'ros.ament_cmake' and name 'my_robot_description'
[0.232s] Level 1:colcon.colcon_core.package_identification:_identify(src/rplidar_ros) by extensions ['ignore', 'ignore_ament_install']
[0.232s] Level 1:colcon.colcon_core.package_identification:_identify(src/rplidar_ros) by extension 'ignore'
[0.232s] Level 1:colcon.colcon_core.package_identification:_identify(src/rplidar_ros) by extension 'ignore_ament_install'
[0.232s] Level 1:colcon.colcon_core.package_identification:_identify(src/rplidar_ros) by extensions ['colcon_pkg']
[0.232s] Level 1:colcon.colcon_core.package_identification:_identify(src/rplidar_ros) by extension 'colcon_pkg'
[0.232s] Level 1:colcon.colcon_core.package_identification:_identify(src/rplidar_ros) by extensions ['colcon_meta']
[0.232s] Level 1:colcon.colcon_core.package_identification:_identify(src/rplidar_ros) by extension 'colcon_meta'
[0.232s] Level 1:colcon.colcon_core.package_identification:_identify(src/rplidar_ros) by extensions ['ament_gradle']
[0.232s] Level 1:colcon.colcon_core.package_identification:_identify(src/rplidar_ros) by extension 'ament_gradle'
[0.232s] Level 1:colcon.colcon_core.package_identification:_identify(src/rplidar_ros) by extensions ['ros']
[0.232s] Level 1:colcon.colcon_core.package_identification:_identify(src/rplidar_ros) by extension 'ros'
[0.233s] DEBUG:colcon.colcon_core.package_identification:Package 'src/rplidar_ros' with type 'ros.ament_cmake' and name 'rplidar_ros'
[0.233s] Level 1:colcon.colcon_core.package_discovery:discover_packages(recursive) using defaults
[0.233s] Level 1:colcon.colcon_core.package_discovery:discover_packages(ignore) discover
[0.233s] Level 1:colcon.colcon_core.package_discovery:discover_packages(ignore) using defaults
[0.233s] Level 1:colcon.colcon_core.package_discovery:discover_packages(path) discover
[0.233s] Level 1:colcon.colcon_core.package_discovery:discover_packages(path) using defaults
[0.254s] Level 1:colcon.colcon_core.package_discovery:discover_packages(prefix_path) check parameters
[0.254s] Level 1:colcon.colcon_core.package_discovery:discover_packages(prefix_path) discover
[0.256s] DEBUG:colcon.colcon_installed_package_information.package_discovery:Found 4 installed packages in /home/spaget/manipal/warehouse/src/ros2slam/install
[0.258s] DEBUG:colcon.colcon_installed_package_information.package_discovery:Found 420 installed packages in /opt/ros/humble
[0.261s] Level 1:colcon.colcon_core.package_discovery:discover_packages(prefix_path) using defaults
[0.314s] Level 5:colcon.colcon_core.verb:set package 'minibotslam' build argument 'ament_gradle_args' from command line to 'None'
[0.314s] Level 5:colcon.colcon_core.verb:set package 'minibotslam' build argument 'ament_gradle_task' from command line to 'None'
[0.314s] Level 5:colcon.colcon_core.verb:set package 'minibotslam' build argument 'cmake_args' from command line to 'None'
[0.314s] Level 5:colcon.colcon_core.verb:set package 'minibotslam' build argument 'cmake_target' from command line to 'None'
[0.314s] Level 5:colcon.colcon_core.verb:set package 'minibotslam' build argument 'cmake_target_skip_unavailable' from command line to 'False'
[0.314s] Level 5:colcon.colcon_core.verb:set package 'minibotslam' build argument 'cmake_clean_cache' from command line to 'False'
[0.314s] Level 5:colcon.colcon_core.verb:set package 'minibotslam' build argument 'cmake_clean_first' from command line to 'False'
[0.314s] Level 5:colcon.colcon_core.verb:set package 'minibotslam' build argument 'cmake_force_configure' from command line to 'False'
[0.314s] Level 5:colcon.colcon_core.verb:set package 'minibotslam' build argument 'gradle_args' from command line to 'None'
[0.314s] Level 5:colcon.colcon_core.verb:set package 'minibotslam' build argument 'gradle_task' from command line to 'None'
[0.314s] Level 5:colcon.colcon_core.verb:set package 'minibotslam' build argument 'ament_cmake_args' from command line to 'None'
[0.314s] Level 5:colcon.colcon_core.verb:set package 'minibotslam' build argument 'catkin_cmake_args' from command line to 'None'
[0.314s] Level 5:colcon.colcon_core.verb:set package 'minibotslam' build argument 'catkin_skip_building_tests' from command line to 'False'
[0.314s] DEBUG:colcon.colcon_core.verb:Building package 'minibotslam' with the following arguments: {'ament_cmake_args': None, 'ament_gradle_args': None, 'ament_gradle_task': None, 'build_base': '/home/spaget/manipal/warehouse/src/ros2slam/build/minibotslam', 'catkin_cmake_args': None, 'catkin_skip_building_tests': False, 'cmake_args': None, 'cmake_clean_cache': False, 'cmake_clean_first': False, 'cmake_force_configure': False, 'cmake_target': None, 'cmake_target_skip_unavailable': False, 'gradle_args': None, 'gradle_task': None, 'install_base': '/home/spaget/manipal/warehouse/src/ros2slam/install/minibotslam', 'merge_install': False, 'path': '/home/spaget/manipal/warehouse/src/ros2slam/src/minibotslam', 'symlink_install': False, 'test_result_base': None}
[0.315s] Level 5:colcon.colcon_core.verb:set package 'my_robot_controller' build argument 'ament_gradle_args' from command line to 'None'
[0.315s] Level 5:colcon.colcon_core.verb:set package 'my_robot_controller' build argument 'ament_gradle_task' from command line to 'None'
[0.315s] Level 5:colcon.colcon_core.verb:set package 'my_robot_controller' build argument 'cmake_args' from command line to 'None'
[0.315s] Level 5:colcon.colcon_core.verb:set package 'my_robot_controller' build argument 'cmake_target' from command line to 'None'
[0.315s] Level 5:colcon.colcon_core.verb:set package 'my_robot_controller' build argument 'cmake_target_skip_unavailable' from command line to 'False'
[0.315s] Level 5:colcon.colcon_core.verb:set package 'my_robot_controller' build argument 'cmake_clean_cache' from command line to 'False'
[0.315s] Level 5:colcon.colcon_core.verb:set package 'my_robot_controller' build argument 'cmake_clean_first' from command line to 'False'
[0.315s] Level 5:colcon.colcon_core.verb:set package 'my_robot_controller' build argument 'cmake_force_configure' from command line to 'False'
[0.315s] Level 5:colcon.colcon_core.verb:set package 'my_robot_controller' build argument 'gradle_args' from command line to 'None'
[0.315s] Level 5:colcon.colcon_core.verb:set package 'my_robot_controller' build argument 'gradle_task' from command line to 'None'
[0.315s] Level 5:colcon.colcon_core.verb:set package 'my_robot_controller' build argument 'ament_cmake_args' from command line to 'None'
[0.315s] Level 5:colcon.colcon_core.verb:set package 'my_robot_controller' build argument 'catkin_cmake_args' from command line to 'None'
[0.315s] Level 5:colcon.colcon_core.verb:set package 'my_robot_controller' build argument 'catkin_skip_building_tests' from command line to 'False'
[0.315s] DEBUG:colcon.colcon_core.verb:Building package 'my_robot_controller' with the following arguments: {'ament_cmake_args': None, 'ament_gradle_args': None, 'ament_gradle_task': None, 'build_base': '/home/spaget/manipal/warehouse/src/ros2slam/build/my_robot_controller', 'catkin_cmake_args': None, 'catkin_skip_building_tests': False, 'cmake_args': None, 'cmake_clean_cache': False, 'cmake_clean_first': False, 'cmake_force_configure': False, 'cmake_target': None, 'cmake_target_skip_unavailable': False, 'gradle_args': None, 'gradle_task': None, 'install_base': '/home/spaget/manipal/warehouse/src/ros2slam/install/my_robot_controller', 'merge_install': False, 'path': '/home/spaget/manipal/warehouse/src/ros2slam/src/my_robot_controller', 'symlink_install': False, 'test_result_base': None}
[0.316s] Level 5:colcon.colcon_core.verb:set package 'my_robot_description' build argument 'ament_gradle_args' from command line to 'None'
[0.316s] Level 5:colcon.colcon_core.verb:set package 'my_robot_description' build argument 'ament_gradle_task' from command line to 'None'
[0.316s] Level 5:colcon.colcon_core.verb:set package 'my_robot_description' build argument 'cmake_args' from command line to 'None'
[0.316s] Level 5:colcon.colcon_core.verb:set package 'my_robot_description' build argument 'cmake_target' from command line to 'None'
[0.316s] Level 5:colcon.colcon_core.verb:set package 'my_robot_description' build argument 'cmake_target_skip_unavailable' from command line to 'False'
[0.316s] Level 5:colcon.colcon_core.verb:set package 'my_robot_description' build argument 'cmake_clean_cache' from command line to 'False'
[0.316s] Level 5:colcon.colcon_core.verb:set package 'my_robot_description' build argument 'cmake_clean_first' from command line to 'False'
[0.316s] Level 5:colcon.colcon_core.verb:set package 'my_robot_description' build argument 'cmake_force_configure' from command line to 'False'
[0.316s] Level 5:colcon.colcon_core.verb:set package 'my_robot_description' build argument 'gradle_args' from command line to 'None'
[0.316s] Level 5:colcon.colcon_core.verb:set package 'my_robot_description' build argument 'gradle_task' from command line to 'None'
[0.316s] Level 5:colcon.colcon_core.verb:set package 'my_robot_description' build argument 'ament_cmake_args' from command line to 'None'
[0.316s] Level 5:colcon.colcon_core.verb:set package 'my_robot_description' build argument 'catkin_cmake_args' from command line to 'None'
[0.316s] Level 5:colcon.colcon_core.verb:set package 'my_robot_description' build argument 'catkin_skip_building_tests' from command line to 'False'
[0.316s] DEBUG:colcon.colcon_core.verb:Building package 'my_robot_description' with the following arguments: {'ament_cmake_args': None, 'ament_gradle_args': None, 'ament_gradle_task': None, 'build_base': '/home/spaget/manipal/warehouse/src/ros2slam/build/my_robot_description', 'catkin_cmake_args': None, 'catkin_skip_building_tests': False, 'cmake_args': None, 'cmake_clean_cache': False, 'cmake_clean_first': False, 'cmake_force_configure': False, 'cmake_target': None, 'cmake_target_skip_unavailable': False, 'gradle_args': None, 'gradle_task': None, 'install_base': '/home/spaget/manipal/warehouse/src/ros2slam/install/my_robot_description', 'merge_install': False, 'path': '/home/spaget/manipal/warehouse/src/ros2slam/src/my_robot_description', 'symlink_install': False, 'test_result_base': None}
[0.317s] Level 5:colcon.colcon_core.verb:set package 'rplidar_ros' build argument 'ament_gradle_args' from command line to 'None'
[0.317s] Level 5:colcon.colcon_core.verb:set package 'rplidar_ros' build argument 'ament_gradle_task' from command line to 'None'
[0.317s] Level 5:colcon.colcon_core.verb:set package 'rplidar_ros' build argument 'cmake_args' from command line to 'None'
[0.317s] Level 5:colcon.colcon_core.verb:set package 'rplidar_ros' build argument 'cmake_target' from command line to 'None'
[0.317s] Level 5:colcon.colcon_core.verb:set package 'rplidar_ros' build argument 'cmake_target_skip_unavailable' from command line to 'False'
[0.317s] Level 5:colcon.colcon_core.verb:set package 'rplidar_ros' build argument 'cmake_clean_cache' from command line to 'False'
[0.317s] Level 5:colcon.colcon_core.verb:set package 'rplidar_ros' build argument 'cmake_clean_first' from command line to 'False'
[0.317s] Level 5:colcon.colcon_core.verb:set package 'rplidar_ros' build argument 'cmake_force_configure' from command line to 'False'
[0.317s] Level 5:colcon.colcon_core.verb:set package 'rplidar_ros' build argument 'gradle_args' from command line to 'None'
[0.317s] Level 5:colcon.colcon_core.verb:set package 'rplidar_ros' build argument 'gradle_task' from command line to 'None'
[0.317s] Level 5:colcon.colcon_core.verb:set package 'rplidar_ros' build argument 'ament_cmake_args' from command line to 'None'
[0.317s] Level 5:colcon.colcon_core.verb:set package 'rplidar_ros' build argument 'catkin_cmake_args' from command line to 'None'
[0.317s] Level 5:colcon.colcon_core.verb:set package 'rplidar_ros' build argument 'catkin_skip_building_tests' from command line to 'False'
[0.317s] DEBUG:colcon.colcon_core.verb:Building package 'rplidar_ros' with the following arguments: {'ament_cmake_args': None, 'ament_gradle_args': None, 'ament_gradle_task': None, 'build_base': '/home/spaget/manipal/warehouse/src/ros2slam/build/rplidar_ros', 'catkin_cmake_args': None, 'catkin_skip_building_tests': False, 'cmake_args': None, 'cmake_clean_cache': False, 'cmake_clean_first': False, 'cmake_force_configure': False, 'cmake_target': None, 'cmake_target_skip_unavailable': False, 'gradle_args': None, 'gradle_task': None, 'install_base': '/home/spaget/manipal/warehouse/src/ros2slam/install/rplidar_ros', 'merge_install': False, 'path': '/home/spaget/manipal/warehouse/src/ros2slam/src/rplidar_ros', 'symlink_install': False, 'test_result_base': None}
[0.317s] INFO:colcon.colcon_core.executor:Executing jobs using 'parallel' executor
[0.319s] DEBUG:colcon.colcon_parallel_executor.executor.parallel:run_until_complete
[0.319s] INFO:colcon.colcon_ros.task.ament_python.build:Building ROS package in '/home/spaget/manipal/warehouse/src/ros2slam/src/minibotslam' with build type 'ament_python'
[0.319s] Level 1:colcon.colcon_core.shell:create_environment_hook('minibotslam', 'ament_prefix_path')
[0.322s] INFO:colcon.colcon_core.plugin_system:Skipping extension 'colcon_core.shell.bat': Not used on non-Windows systems
[0.322s] INFO:colcon.colcon_core.shell:Creating environment hook '/home/spaget/manipal/warehouse/src/ros2slam/install/minibotslam/share/minibotslam/hook/ament_prefix_path.ps1'
[0.323s] INFO:colcon.colcon_core.shell:Creating environment descriptor '/home/spaget/manipal/warehouse/src/ros2slam/install/minibotslam/share/minibotslam/hook/ament_prefix_path.dsv'
[0.324s] INFO:colcon.colcon_core.shell:Creating environment hook '/home/spaget/manipal/warehouse/src/ros2slam/install/minibotslam/share/minibotslam/hook/ament_prefix_path.sh'
[0.325s] INFO:colcon.colcon_core.shell:Skip shell extension 'powershell' for command environment: Not usable outside of PowerShell
[0.325s] DEBUG:colcon.colcon_core.shell:Skip shell extension 'dsv' for command environment
[0.329s] INFO:colcon.colcon_ros.task.ament_cmake.build:Building ROS package in '/home/spaget/manipal/warehouse/src/ros2slam/src/my_robot_controller' with build type 'ament_cmake'
[0.329s] INFO:colcon.colcon_cmake.task.cmake.build:Building CMake package in '/home/spaget/manipal/warehouse/src/ros2slam/src/my_robot_controller'
[0.330s] INFO:colcon.colcon_core.shell:Skip shell extension 'powershell' for command environment: Not usable outside of PowerShell
[0.330s] DEBUG:colcon.colcon_core.shell:Skip shell extension 'dsv' for command environment
[0.335s] INFO:colcon.colcon_ros.task.ament_cmake.build:Building ROS package in '/home/spaget/manipal/warehouse/src/ros2slam/src/my_robot_description' with build type 'ament_cmake'
[0.335s] INFO:colcon.colcon_cmake.task.cmake.build:Building CMake package in '/home/spaget/manipal/warehouse/src/ros2slam/src/my_robot_description'
[0.335s] INFO:colcon.colcon_core.shell:Skip shell extension 'powershell' for command environment: Not usable outside of PowerShell
[0.335s] DEBUG:colcon.colcon_core.shell:Skip shell extension 'dsv' for command environment
[0.340s] INFO:colcon.colcon_ros.task.ament_cmake.build:Building ROS package in '/home/spaget/manipal/warehouse/src/ros2slam/src/rplidar_ros' with build type 'ament_cmake'
[0.340s] INFO:colcon.colcon_cmake.task.cmake.build:Building CMake package in '/home/spaget/manipal/warehouse/src/ros2slam/src/rplidar_ros'
[0.341s] INFO:colcon.colcon_core.shell:Skip shell extension 'powershell' for command environment: Not usable outside of PowerShell
[0.341s] DEBUG:colcon.colcon_core.shell:Skip shell extension 'dsv' for command environment
[0.595s] INFO:colcon.colcon_core.task.python.build:Building Python package in '/home/spaget/manipal/warehouse/src/ros2slam/src/minibotslam'
[0.595s] INFO:colcon.colcon_core.shell:Skip shell extension 'powershell' for command environment: Not usable outside of PowerShell
[0.595s] DEBUG:colcon.colcon_core.shell:Skip shell extension 'dsv' for command environment
[0.604s] DEBUG:colcon.colcon_core.event_handler.log_command:Invoking command in '/home/spaget/manipal/warehouse/src/ros2slam/build/my_robot_controller': CMAKE_PREFIX_PATH=${CMAKE_PREFIX_PATH}:/home/spaget/manipal/warehouse/src/ros2slam/install/minibotslam:/opt/ros/humble /usr/bin/cmake --build /home/spaget/manipal/warehouse/src/ros2slam/build/my_robot_controller -- -j12 -l12
[0.608s] DEBUG:colcon.colcon_core.event_handler.log_command:Invoking command in '/home/spaget/manipal/warehouse/src/ros2slam/build/my_robot_description': CMAKE_PREFIX_PATH=${CMAKE_PREFIX_PATH}:/home/spaget/manipal/warehouse/src/ros2slam/install/minibotslam:/opt/ros/humble /usr/bin/cmake --build /home/spaget/manipal/warehouse/src/ros2slam/build/my_robot_description -- -j12 -l12
[0.615s] DEBUG:colcon.colcon_core.event_handler.log_command:Invoking command in '/home/spaget/manipal/warehouse/src/ros2slam/build/rplidar_ros': CMAKE_PREFIX_PATH=${CMAKE_PREFIX_PATH}:/home/spaget/manipal/warehouse/src/ros2slam/install/minibotslam:/opt/ros/humble /usr/bin/cmake --build /home/spaget/manipal/warehouse/src/ros2slam/build/rplidar_ros -- -j12 -l12
[0.649s] DEBUG:colcon.colcon_core.event_handler.log_command:Invoked command in '/home/spaget/manipal/warehouse/src/ros2slam/build/my_robot_controller' returned '0': CMAKE_PREFIX_PATH=${CMAKE_PREFIX_PATH}:/home/spaget/manipal/warehouse/src/ros2slam/install/minibotslam:/opt/ros/humble /usr/bin/cmake --build /home/spaget/manipal/warehouse/src/ros2slam/build/my_robot_controller -- -j12 -l12
[0.661s] DEBUG:colcon.colcon_core.event_handler.log_command:Invoking command in '/home/spaget/manipal/warehouse/src/ros2slam/build/my_robot_controller': CMAKE_PREFIX_PATH=${CMAKE_PREFIX_PATH}:/home/spaget/manipal/warehouse/src/ros2slam/install/minibotslam:/opt/ros/humble /usr/bin/cmake --install /home/spaget/manipal/warehouse/src/ros2slam/build/my_robot_controller
[0.663s] DEBUG:colcon.colcon_core.event_handler.log_command:Invoked command in '/home/spaget/manipal/warehouse/src/ros2slam/build/my_robot_description' returned '0': CMAKE_PREFIX_PATH=${CMAKE_PREFIX_PATH}:/home/spaget/manipal/warehouse/src/ros2slam/install/minibotslam:/opt/ros/humble /usr/bin/cmake --build /home/spaget/manipal/warehouse/src/ros2slam/build/my_robot_description -- -j12 -l12
[0.665s] DEBUG:colcon.colcon_core.event_handler.log_command:Invoking command in '/home/spaget/manipal/warehouse/src/ros2slam/build/my_robot_description': CMAKE_PREFIX_PATH=${CMAKE_PREFIX_PATH}:/home/spaget/manipal/warehouse/src/ros2slam/install/minibotslam:/opt/ros/humble /usr/bin/cmake --install /home/spaget/manipal/warehouse/src/ros2slam/build/my_robot_description
[0.677s] Level 1:colcon.colcon_core.environment:create_environment_scripts_only(my_robot_controller)
[0.680s] DEBUG:colcon.colcon_core.event_handler.log_command:Invoked command in '/home/spaget/manipal/warehouse/src/ros2slam/build/my_robot_controller' returned '0': CMAKE_PREFIX_PATH=${CMAKE_PREFIX_PATH}:/home/spaget/manipal/warehouse/src/ros2slam/install/minibotslam:/opt/ros/humble /usr/bin/cmake --install /home/spaget/manipal/warehouse/src/ros2slam/build/my_robot_controller
[0.687s] Level 1:colcon.colcon_core.environment:checking '/home/spaget/manipal/warehouse/src/ros2slam/install/my_robot_controller' for CMake module files
[0.688s] Level 1:colcon.colcon_core.environment:checking '/home/spaget/manipal/warehouse/src/ros2slam/install/my_robot_controller' for CMake config files
[0.688s] Level 1:colcon.colcon_core.shell:create_environment_hook('my_robot_controller', 'cmake_prefix_path')
[0.688s] INFO:colcon.colcon_core.shell:Creating environment hook '/home/spaget/manipal/warehouse/src/ros2slam/install/my_robot_controller/share/my_robot_controller/hook/cmake_prefix_path.ps1'
[0.689s] INFO:colcon.colcon_core.shell:Creating environment descriptor '/home/spaget/manipal/warehouse/src/ros2slam/install/my_robot_controller/share/my_robot_controller/hook/cmake_prefix_path.dsv'
[0.689s] INFO:colcon.colcon_core.shell:Creating environment hook '/home/spaget/manipal/warehouse/src/ros2slam/install/my_robot_controller/share/my_robot_controller/hook/cmake_prefix_path.sh'
[0.690s] Level 1:colcon.colcon_core.environment:checking '/home/spaget/manipal/warehouse/src/ros2slam/install/my_robot_controller/bin'
[0.691s] Level 1:colcon.colcon_core.environment:checking '/home/spaget/manipal/warehouse/src/ros2slam/install/my_robot_controller/lib/pkgconfig/my_robot_controller.pc'
[0.691s] Level 1:colcon.colcon_core.environment:checking '/home/spaget/manipal/warehouse/src/ros2slam/install/my_robot_controller/lib/python3.10/site-packages'
[0.691s] Level 1:colcon.colcon_core.environment:checking '/home/spaget/manipal/warehouse/src/ros2slam/install/my_robot_controller/bin'
[0.692s] INFO:colcon.colcon_core.shell:Creating package script '/home/spaget/manipal/warehouse/src/ros2slam/install/my_robot_controller/share/my_robot_controller/package.ps1'
[0.693s] INFO:colcon.colcon_core.shell:Creating package descriptor '/home/spaget/manipal/warehouse/src/ros2slam/install/my_robot_controller/share/my_robot_controller/package.dsv'
[0.693s] INFO:colcon.colcon_core.shell:Creating package script '/home/spaget/manipal/warehouse/src/ros2slam/install/my_robot_controller/share/my_robot_controller/package.sh'
[0.694s] INFO:colcon.colcon_core.shell:Creating package script '/home/spaget/manipal/warehouse/src/ros2slam/install/my_robot_controller/share/my_robot_controller/package.bash'
[0.695s] INFO:colcon.colcon_core.shell:Creating package script '/home/spaget/manipal/warehouse/src/ros2slam/install/my_robot_controller/share/my_robot_controller/package.zsh'
[0.696s] Level 1:colcon.colcon_core.environment:create_file_with_runtime_dependencies(/home/spaget/manipal/warehouse/src/ros2slam/install/my_robot_controller/share/colcon-core/packages/my_robot_controller)
[0.697s] Level 1:colcon.colcon_core.environment:create_environment_scripts_only(my_robot_controller)
[0.697s] Level 1:colcon.colcon_core.environment:checking '/home/spaget/manipal/warehouse/src/ros2slam/install/my_robot_controller' for CMake module files
[0.697s] Level 1:colcon.colcon_core.environment:checking '/home/spaget/manipal/warehouse/src/ros2slam/install/my_robot_controller' for CMake config files
[0.698s] Level 1:colcon.colcon_core.shell:create_environment_hook('my_robot_controller', 'cmake_prefix_path')
[0.698s] INFO:colcon.colcon_core.shell:Creating environment hook '/home/spaget/manipal/warehouse/src/ros2slam/install/my_robot_controller/share/my_robot_controller/hook/cmake_prefix_path.ps1'
[0.698s] INFO:colcon.colcon_core.shell:Creating environment descriptor '/home/spaget/manipal/warehouse/src/ros2slam/install/my_robot_controller/share/my_robot_controller/hook/cmake_prefix_path.dsv'
[0.699s] INFO:colcon.colcon_core.shell:Creating environment hook '/home/spaget/manipal/warehouse/src/ros2slam/install/my_robot_controller/share/my_robot_controller/hook/cmake_prefix_path.sh'
[0.699s] Level 1:colcon.colcon_core.environment:checking '/home/spaget/manipal/warehouse/src/ros2slam/install/my_robot_controller/bin'
[0.699s] Level 1:colcon.colcon_core.environment:checking '/home/spaget/manipal/warehouse/src/ros2slam/install/my_robot_controller/lib/pkgconfig/my_robot_controller.pc'
[0.700s] Level 1:colcon.colcon_core.environment:checking '/home/spaget/manipal/warehouse/src/ros2slam/install/my_robot_controller/lib/python3.10/site-packages'
[0.700s] Level 1:colcon.colcon_core.environment:checking '/home/spaget/manipal/warehouse/src/ros2slam/install/my_robot_controller/bin'
[0.700s] INFO:colcon.colcon_core.shell:Creating package script '/home/spaget/manipal/warehouse/src/ros2slam/install/my_robot_controller/share/my_robot_controller/package.ps1'
[0.701s] INFO:colcon.colcon_core.shell:Creating package descriptor '/home/spaget/manipal/warehouse/src/ros2slam/install/my_robot_controller/share/my_robot_controller/package.dsv'
[0.701s] INFO:colcon.colcon_core.shell:Creating package script '/home/spaget/manipal/warehouse/src/ros2slam/install/my_robot_controller/share/my_robot_controller/package.sh'
[0.702s] INFO:colcon.colcon_core.shell:Creating package script '/home/spaget/manipal/warehouse/src/ros2slam/install/my_robot_controller/share/my_robot_controller/package.bash'
[0.702s] INFO:colcon.colcon_core.shell:Creating package script '/home/spaget/manipal/warehouse/src/ros2slam/install/my_robot_controller/share/my_robot_controller/package.zsh'
[0.703s] Level 1:colcon.colcon_core.environment:create_file_with_runtime_dependencies(/home/spaget/manipal/warehouse/src/ros2slam/install/my_robot_controller/share/colcon-core/packages/my_robot_controller)
[0.704s] Level 1:colcon.colcon_core.environment:create_environment_scripts_only(my_robot_description)
[0.704s] Level 1:colcon.colcon_core.environment:checking '/home/spaget/manipal/warehouse/src/ros2slam/install/my_robot_description' for CMake module files
[0.705s] DEBUG:colcon.colcon_core.event_handler.log_command:Invoked command in '/home/spaget/manipal/warehouse/src/ros2slam/build/my_robot_description' returned '0': CMAKE_PREFIX_PATH=${CMAKE_PREFIX_PATH}:/home/spaget/manipal/warehouse/src/ros2slam/install/minibotslam:/opt/ros/humble /usr/bin/cmake --install /home/spaget/manipal/warehouse/src/ros2slam/build/my_robot_description
[0.706s] Level 1:colcon.colcon_core.environment:checking '/home/spaget/manipal/warehouse/src/ros2slam/install/my_robot_description' for CMake config files
[0.706s] Level 1:colcon.colcon_core.shell:create_environment_hook('my_robot_description', 'cmake_prefix_path')
[0.707s] INFO:colcon.colcon_core.shell:Creating environment hook '/home/spaget/manipal/warehouse/src/ros2slam/install/my_robot_description/share/my_robot_description/hook/cmake_prefix_path.ps1'
[0.707s] INFO:colcon.colcon_core.shell:Creating environment descriptor '/home/spaget/manipal/warehouse/src/ros2slam/install/my_robot_description/share/my_robot_description/hook/cmake_prefix_path.dsv'
[0.708s] INFO:colcon.colcon_core.shell:Creating environment hook '/home/spaget/manipal/warehouse/src/ros2slam/install/my_robot_description/share/my_robot_description/hook/cmake_prefix_path.sh'
[0.708s] Level 1:colcon.colcon_core.environment:checking '/home/spaget/manipal/warehouse/src/ros2slam/install/my_robot_description/bin'
[0.708s] Level 1:colcon.colcon_core.environment:checking '/home/spaget/manipal/warehouse/src/ros2slam/install/my_robot_description/lib/pkgconfig/my_robot_description.pc'
[0.709s] Level 1:colcon.colcon_core.environment:checking '/home/spaget/manipal/warehouse/src/ros2slam/install/my_robot_description/lib/python3.10/site-packages'
[0.709s] Level 1:colcon.colcon_core.environment:checking '/home/spaget/manipal/warehouse/src/ros2slam/install/my_robot_description/bin'
[0.709s] INFO:colcon.colcon_core.shell:Creating package script '/home/spaget/manipal/warehouse/src/ros2slam/install/my_robot_description/share/my_robot_description/package.ps1'
[0.710s] INFO:colcon.colcon_core.shell:Creating package descriptor '/home/spaget/manipal/warehouse/src/ros2slam/install/my_robot_description/share/my_robot_description/package.dsv'
[0.710s] INFO:colcon.colcon_core.shell:Creating package script '/home/spaget/manipal/warehouse/src/ros2slam/install/my_robot_description/share/my_robot_description/package.sh'
[0.711s] INFO:colcon.colcon_core.shell:Creating package script '/home/spaget/manipal/warehouse/src/ros2slam/install/my_robot_description/share/my_robot_description/package.bash'
[0.711s] INFO:colcon.colcon_core.shell:Creating package script '/home/spaget/manipal/warehouse/src/ros2slam/install/my_robot_description/share/my_robot_description/package.zsh'
[0.712s] Level 1:colcon.colcon_core.environment:create_file_with_runtime_dependencies(/home/spaget/manipal/warehouse/src/ros2slam/install/my_robot_description/share/colcon-core/packages/my_robot_description)
[0.712s] Level 1:colcon.colcon_core.environment:create_environment_scripts_only(my_robot_description)
[0.713s] Level 1:colcon.colcon_core.environment:checking '/home/spaget/manipal/warehouse/src/ros2slam/install/my_robot_description' for CMake module files
[0.713s] Level 1:colcon.colcon_core.environment:checking '/home/spaget/manipal/warehouse/src/ros2slam/install/my_robot_description' for CMake config files
[0.714s] Level 1:colcon.colcon_core.shell:create_environment_hook('my_robot_description', 'cmake_prefix_path')
[0.714s] INFO:colcon.colcon_core.shell:Creating environment hook '/home/spaget/manipal/warehouse/src/ros2slam/install/my_robot_description/share/my_robot_description/hook/cmake_prefix_path.ps1'
[0.715s] INFO:colcon.colcon_core.shell:Creating environment descriptor '/home/spaget/manipal/warehouse/src/ros2slam/install/my_robot_description/share/my_robot_description/hook/cmake_prefix_path.dsv'
[0.715s] INFO:colcon.colcon_core.shell:Creating environment hook '/home/spaget/manipal/warehouse/src/ros2slam/install/my_robot_description/share/my_robot_description/hook/cmake_prefix_path.sh'
[0.716s] Level 1:colcon.colcon_core.environment:checking '/home/spaget/manipal/warehouse/src/ros2slam/install/my_robot_description/bin'
[0.716s] Level 1:colcon.colcon_core.environment:checking '/home/spaget/manipal/warehouse/src/ros2slam/install/my_robot_description/lib/pkgconfig/my_robot_description.pc'
[0.717s] Level 1:colcon.colcon_core.environment:checking '/home/spaget/manipal/warehouse/src/ros2slam/install/my_robot_description/lib/python3.10/site-packages'
[0.717s] Level 1:colcon.colcon_core.environment:checking '/home/spaget/manipal/warehouse/src/ros2slam/install/my_robot_description/bin'
[0.718s] INFO:colcon.colcon_core.shell:Creating package script '/home/spaget/manipal/warehouse/src/ros2slam/install/my_robot_description/share/my_robot_description/package.ps1'
[0.718s] INFO:colcon.colcon_core.shell:Creating package descriptor '/home/spaget/manipal/warehouse/src/ros2slam/install/my_robot_description/share/my_robot_description/package.dsv'
[0.719s] INFO:colcon.colcon_core.shell:Creating package script '/home/spaget/manipal/warehouse/src/ros2slam/install/my_robot_description/share/my_robot_description/package.sh'
[0.719s] INFO:colcon.colcon_core.shell:Creating package script '/home/spaget/manipal/warehouse/src/ros2slam/install/my_robot_description/share/my_robot_description/package.bash'
[0.720s] INFO:colcon.colcon_core.shell:Creating package script '/home/spaget/manipal/warehouse/src/ros2slam/install/my_robot_description/share/my_robot_description/package.zsh'
[0.720s] Level 1:colcon.colcon_core.environment:create_file_with_runtime_dependencies(/home/spaget/manipal/warehouse/src/ros2slam/install/my_robot_description/share/colcon-core/packages/my_robot_description)
[0.723s] DEBUG:colcon.colcon_core.event_handler.log_command:Invoked command in '/home/spaget/manipal/warehouse/src/ros2slam/build/rplidar_ros' returned '0': CMAKE_PREFIX_PATH=${CMAKE_PREFIX_PATH}:/home/spaget/manipal/warehouse/src/ros2slam/install/minibotslam:/opt/ros/humble /usr/bin/cmake --build /home/spaget/manipal/warehouse/src/ros2slam/build/rplidar_ros -- -j12 -l12
[0.724s] DEBUG:colcon.colcon_core.event_handler.log_command:Invoking command in '/home/spaget/manipal/warehouse/src/ros2slam/build/rplidar_ros': CMAKE_PREFIX_PATH=${CMAKE_PREFIX_PATH}:/home/spaget/manipal/warehouse/src/ros2slam/install/minibotslam:/opt/ros/humble /usr/bin/cmake --install /home/spaget/manipal/warehouse/src/ros2slam/build/rplidar_ros
[0.738s] Level 1:colcon.colcon_core.environment:create_environment_scripts_only(rplidar_ros)
[0.739s] Level 1:colcon.colcon_core.environment:checking '/home/spaget/manipal/warehouse/src/ros2slam/install/rplidar_ros' for CMake module files
[0.740s] DEBUG:colcon.colcon_core.event_handler.log_command:Invoked command in '/home/spaget/manipal/warehouse/src/ros2slam/build/rplidar_ros' returned '0': CMAKE_PREFIX_PATH=${CMAKE_PREFIX_PATH}:/home/spaget/manipal/warehouse/src/ros2slam/install/minibotslam:/opt/ros/humble /usr/bin/cmake --install /home/spaget/manipal/warehouse/src/ros2slam/build/rplidar_ros
[0.740s] Level 1:colcon.colcon_core.environment:checking '/home/spaget/manipal/warehouse/src/ros2slam/install/rplidar_ros' for CMake config files
[0.741s] Level 1:colcon.colcon_core.shell:create_environment_hook('rplidar_ros', 'cmake_prefix_path')
[0.742s] INFO:colcon.colcon_core.shell:Creating environment hook '/home/spaget/manipal/warehouse/src/ros2slam/install/rplidar_ros/share/rplidar_ros/hook/cmake_prefix_path.ps1'
[0.742s] INFO:colcon.colcon_core.shell:Creating environment descriptor '/home/spaget/manipal/warehouse/src/ros2slam/install/rplidar_ros/share/rplidar_ros/hook/cmake_prefix_path.dsv'
[0.743s] INFO:colcon.colcon_core.shell:Creating environment hook '/home/spaget/manipal/warehouse/src/ros2slam/install/rplidar_ros/share/rplidar_ros/hook/cmake_prefix_path.sh'
[0.744s] Level 1:colcon.colcon_core.environment:checking '/home/spaget/manipal/warehouse/src/ros2slam/install/rplidar_ros/lib'
[0.744s] Level 1:colcon.colcon_core.environment:checking '/home/spaget/manipal/warehouse/src/ros2slam/install/rplidar_ros/bin'
[0.744s] Level 1:colcon.colcon_core.environment:checking '/home/spaget/manipal/warehouse/src/ros2slam/install/rplidar_ros/lib/pkgconfig/rplidar_ros.pc'
[0.744s] Level 1:colcon.colcon_core.environment:checking '/home/spaget/manipal/warehouse/src/ros2slam/install/rplidar_ros/lib/python3.10/site-packages'
[0.745s] Level 1:colcon.colcon_core.environment:checking '/home/spaget/manipal/warehouse/src/ros2slam/install/rplidar_ros/bin'
[0.745s] INFO:colcon.colcon_core.shell:Creating package script '/home/spaget/manipal/warehouse/src/ros2slam/install/rplidar_ros/share/rplidar_ros/package.ps1'
[0.746s] INFO:colcon.colcon_core.shell:Creating package descriptor '/home/spaget/manipal/warehouse/src/ros2slam/install/rplidar_ros/share/rplidar_ros/package.dsv'
[0.746s] INFO:colcon.colcon_core.shell:Creating package script '/home/spaget/manipal/warehouse/src/ros2slam/install/rplidar_ros/share/rplidar_ros/package.sh'
[0.747s] INFO:colcon.colcon_core.shell:Creating package script '/home/spaget/manipal/warehouse/src/ros2slam/install/rplidar_ros/share/rplidar_ros/package.bash'
[0.747s] INFO:colcon.colcon_core.shell:Creating package script '/home/spaget/manipal/warehouse/src/ros2slam/install/rplidar_ros/share/rplidar_ros/package.zsh'
[0.747s] Level 1:colcon.colcon_core.environment:create_file_with_runtime_dependencies(/home/spaget/manipal/warehouse/src/ros2slam/install/rplidar_ros/share/colcon-core/packages/rplidar_ros)
[0.748s] Level 1:colcon.colcon_core.environment:create_environment_scripts_only(rplidar_ros)
[0.748s] Level 1:colcon.colcon_core.environment:checking '/home/spaget/manipal/warehouse/src/ros2slam/install/rplidar_ros' for CMake module files
[0.749s] Level 1:colcon.colcon_core.environment:checking '/home/spaget/manipal/warehouse/src/ros2slam/install/rplidar_ros' for CMake config files
[0.749s] Level 1:colcon.colcon_core.shell:create_environment_hook('rplidar_ros', 'cmake_prefix_path')
[0.749s] INFO:colcon.colcon_core.shell:Creating environment hook '/home/spaget/manipal/warehouse/src/ros2slam/install/rplidar_ros/share/rplidar_ros/hook/cmake_prefix_path.ps1'
[0.750s] INFO:colcon.colcon_core.shell:Creating environment descriptor '/home/spaget/manipal/warehouse/src/ros2slam/install/rplidar_ros/share/rplidar_ros/hook/cmake_prefix_path.dsv'
[0.750s] INFO:colcon.colcon_core.shell:Creating environment hook '/home/spaget/manipal/warehouse/src/ros2slam/install/rplidar_ros/share/rplidar_ros/hook/cmake_prefix_path.sh'
[0.751s] Level 1:colcon.colcon_core.environment:checking '/home/spaget/manipal/warehouse/src/ros2slam/install/rplidar_ros/lib'
[0.751s] Level 1:colcon.colcon_core.environment:checking '/home/spaget/manipal/warehouse/src/ros2slam/install/rplidar_ros/bin'
[0.751s] Level 1:colcon.colcon_core.environment:checking '/home/spaget/manipal/warehouse/src/ros2slam/install/rplidar_ros/lib/pkgconfig/rplidar_ros.pc'
[0.751s] Level 1:colcon.colcon_core.environment:checking '/home/spaget/manipal/warehouse/src/ros2slam/install/rplidar_ros/lib/python3.10/site-packages'
[0.751s] Level 1:colcon.colcon_core.environment:checking '/home/spaget/manipal/warehouse/src/ros2slam/install/rplidar_ros/bin'
[0.751s] INFO:colcon.colcon_core.shell:Creating package script '/home/spaget/manipal/warehouse/src/ros2slam/install/rplidar_ros/share/rplidar_ros/package.ps1'
[0.752s] INFO:colcon.colcon_core.shell:Creating package descriptor '/home/spaget/manipal/warehouse/src/ros2slam/install/rplidar_ros/share/rplidar_ros/package.dsv'
[0.753s] INFO:colcon.colcon_core.shell:Creating package script '/home/spaget/manipal/warehouse/src/ros2slam/install/rplidar_ros/share/rplidar_ros/package.sh'
[0.753s] INFO:colcon.colcon_core.shell:Creating package script '/home/spaget/manipal/warehouse/src/ros2slam/install/rplidar_ros/share/rplidar_ros/package.bash'
[0.753s] INFO:colcon.colcon_core.shell:Creating package script '/home/spaget/manipal/warehouse/src/ros2slam/install/rplidar_ros/share/rplidar_ros/package.zsh'
[0.754s] Level 1:colcon.colcon_core.environment:create_file_with_runtime_dependencies(/home/spaget/manipal/warehouse/src/ros2slam/install/rplidar_ros/share/colcon-core/packages/rplidar_ros)
[1.257s] DEBUG:colcon.colcon_core.event_handler.log_command:Invoking command in '/home/spaget/manipal/warehouse/src/ros2slam/src/minibotslam': PYTHONPATH=/home/spaget/manipal/warehouse/src/ros2slam/build/minibotslam/prefix_override:/usr/lib/python3/dist-packages/colcon_core/task/python/colcon_distutils_commands:/home/spaget/manipal/warehouse/src/ros2slam/install/minibotslam/lib/python3.10/site-packages:${PYTHONPATH} /usr/bin/python3 -W ignore:setup.py install is deprecated -W ignore:easy_install command is deprecated setup.py egg_info --egg-base ../../build/minibotslam build --build-base /home/spaget/manipal/warehouse/src/ros2slam/build/minibotslam/build install --record /home/spaget/manipal/warehouse/src/ros2slam/build/minibotslam/install.log --single-version-externally-managed install_data
[1.784s] Level 1:colcon.colcon_core.environment:checking '/home/spaget/manipal/warehouse/src/ros2slam/install/minibotslam' for CMake module files
[1.785s] DEBUG:colcon.colcon_core.event_handler.log_command:Invoked command in '/home/spaget/manipal/warehouse/src/ros2slam/src/minibotslam' returned '0': PYTHONPATH=/home/spaget/manipal/warehouse/src/ros2slam/build/minibotslam/prefix_override:/usr/lib/python3/dist-packages/colcon_core/task/python/colcon_distutils_commands:/home/spaget/manipal/warehouse/src/ros2slam/install/minibotslam/lib/python3.10/site-packages:${PYTHONPATH} /usr/bin/python3 -W ignore:setup.py install is deprecated -W ignore:easy_install command is deprecated setup.py egg_info --egg-base ../../build/minibotslam build --build-base /home/spaget/manipal/warehouse/src/ros2slam/build/minibotslam/build install --record /home/spaget/manipal/warehouse/src/ros2slam/build/minibotslam/install.log --single-version-externally-managed install_data
[1.786s] Level 1:colcon.colcon_core.environment:checking '/home/spaget/manipal/warehouse/src/ros2slam/install/minibotslam' for CMake config files
[1.786s] Level 1:colcon.colcon_core.environment:checking '/home/spaget/manipal/warehouse/src/ros2slam/install/minibotslam/lib'
[1.786s] Level 1:colcon.colcon_core.environment:checking '/home/spaget/manipal/warehouse/src/ros2slam/install/minibotslam/bin'
[1.786s] Level 1:colcon.colcon_core.environment:checking '/home/spaget/manipal/warehouse/src/ros2slam/install/minibotslam/lib/pkgconfig/minibotslam.pc'
[1.787s] Level 1:colcon.colcon_core.environment:checking '/home/spaget/manipal/warehouse/src/ros2slam/install/minibotslam/lib/python3.10/site-packages'
[1.787s] Level 1:colcon.colcon_core.shell:create_environment_hook('minibotslam', 'pythonpath')
[1.787s] INFO:colcon.colcon_core.shell:Creating environment hook '/home/spaget/manipal/warehouse/src/ros2slam/install/minibotslam/share/minibotslam/hook/pythonpath.ps1'
[1.788s] INFO:colcon.colcon_core.shell:Creating environment descriptor '/home/spaget/manipal/warehouse/src/ros2slam/install/minibotslam/share/minibotslam/hook/pythonpath.dsv'
[1.788s] INFO:colcon.colcon_core.shell:Creating environment hook '/home/spaget/manipal/warehouse/src/ros2slam/install/minibotslam/share/minibotslam/hook/pythonpath.sh'
[1.789s] Level 1:colcon.colcon_core.environment:checking '/home/spaget/manipal/warehouse/src/ros2slam/install/minibotslam/bin'
[1.789s] Level 1:colcon.colcon_core.environment:create_environment_scripts_only(minibotslam)
[1.790s] INFO:colcon.colcon_core.shell:Creating package script '/home/spaget/manipal/warehouse/src/ros2slam/install/minibotslam/share/minibotslam/package.ps1'
[1.790s] INFO:colcon.colcon_core.shell:Creating package descriptor '/home/spaget/manipal/warehouse/src/ros2slam/install/minibotslam/share/minibotslam/package.dsv'
[1.791s] INFO:colcon.colcon_core.shell:Creating package script '/home/spaget/manipal/warehouse/src/ros2slam/install/minibotslam/share/minibotslam/package.sh'
[1.792s] INFO:colcon.colcon_core.shell:Creating package script '/home/spaget/manipal/warehouse/src/ros2slam/install/minibotslam/share/minibotslam/package.bash'
[1.792s] INFO:colcon.colcon_core.shell:Creating package script '/home/spaget/manipal/warehouse/src/ros2slam/install/minibotslam/share/minibotslam/package.zsh'
[1.793s] Level 1:colcon.colcon_core.environment:create_file_with_runtime_dependencies(/home/spaget/manipal/warehouse/src/ros2slam/install/minibotslam/share/colcon-core/packages/minibotslam)
[1.793s] DEBUG:colcon.colcon_parallel_executor.executor.parallel:closing loop
[1.794s] DEBUG:colcon.colcon_parallel_executor.executor.parallel:loop closed
[1.794s] DEBUG:colcon.colcon_parallel_executor.executor.parallel:run_until_complete finished with '0'
[1.794s] DEBUG:colcon.colcon_core.event_reactor:joining thread
[1.800s] INFO:colcon.colcon_core.plugin_system:Skipping extension 'colcon_notification.desktop_notification.terminal_notifier': Not used on non-Darwin systems
[1.800s] INFO:colcon.colcon_core.plugin_system:Skipping extension 'colcon_notification.desktop_notification.win32': Not used on non-Windows systems
[1.801s] INFO:colcon.colcon_notification.desktop_notification:Sending desktop notification using 'notify2'
[1.812s] DEBUG:colcon.colcon_core.event_reactor:joined thread
[1.813s] INFO:colcon.colcon_core.shell:Creating prefix script '/home/spaget/manipal/warehouse/src/ros2slam/install/local_setup.ps1'
[1.814s] INFO:colcon.colcon_core.shell:Creating prefix util module '/home/spaget/manipal/warehouse/src/ros2slam/install/_local_setup_util_ps1.py'
[1.816s] INFO:colcon.colcon_core.shell:Creating prefix chain script '/home/spaget/manipal/warehouse/src/ros2slam/install/setup.ps1'
[1.817s] INFO:colcon.colcon_core.shell:Creating prefix script '/home/spaget/manipal/warehouse/src/ros2slam/install/local_setup.sh'
[1.818s] INFO:colcon.colcon_core.shell:Creating prefix util module '/home/spaget/manipal/warehouse/src/ros2slam/install/_local_setup_util_sh.py'
[1.818s] INFO:colcon.colcon_core.shell:Creating prefix chain script '/home/spaget/manipal/warehouse/src/ros2slam/install/setup.sh'
[1.820s] INFO:colcon.colcon_core.shell:Creating prefix script '/home/spaget/manipal/warehouse/src/ros2slam/install/local_setup.bash'
[1.820s] INFO:colcon.colcon_core.shell:Creating prefix chain script '/home/spaget/manipal/warehouse/src/ros2slam/install/setup.bash'
[1.822s] INFO:colcon.colcon_core.shell:Creating prefix script '/home/spaget/manipal/warehouse/src/ros2slam/install/local_setup.zsh'
[1.823s] INFO:colcon.colcon_core.shell:Creating prefix chain script '/home/spaget/manipal/warehouse/src/ros2slam/install/setup.zsh'
