[0.264s] Invoking command in '/home/spaget/manipal/warehouse/src/ros2slam/build/rplidar_ros': CMAKE_PREFIX_PATH=${CMAKE_PREFIX_PATH}:/home/spaget/manipal/warehouse/src/ros2slam/install/minibotslam:/opt/ros/humble /usr/bin/cmake --build /home/spaget/manipal/warehouse/src/ros2slam/build/rplidar_ros -- -j12 -l12
[0.333s] [  5%] Built target rplidar_client
[0.337s] [ 52%] Built target rplidar_node
[0.341s] [100%] Built target rplidar_composition
[0.375s] Invoked command in '/home/spaget/manipal/warehouse/src/ros2slam/build/rplidar_ros' returned '0': CMAKE_PREFIX_PATH=${CMAKE_PREFIX_PATH}:/home/spaget/manipal/warehouse/src/ros2slam/install/minibotslam:/opt/ros/humble /usr/bin/cmake --build /home/spaget/manipal/warehouse/src/ros2slam/build/rplidar_ros -- -j12 -l12
[0.376s] Invoking command in '/home/spaget/manipal/warehouse/src/ros2slam/build/rplidar_ros': CMAKE_PREFIX_PATH=${CMAKE_PREFIX_PATH}:/home/spaget/manipal/warehouse/src/ros2slam/install/minibotslam:/opt/ros/humble /usr/bin/cmake --install /home/spaget/manipal/warehouse/src/ros2slam/build/rplidar_ros
[0.383s] -- Install configuration: ""
[0.383s] -- Up-to-date: /home/spaget/manipal/warehouse/src/ros2slam/install/rplidar_ros/share/rplidar_ros/launch
[0.383s] -- Up-to-date: /home/spaget/manipal/warehouse/src/ros2slam/install/rplidar_ros/share/rplidar_ros/launch/view_rplidar_t1_launch.py
[0.383s] -- Up-to-date: /home/spaget/manipal/warehouse/src/ros2slam/install/rplidar_ros/share/rplidar_ros/launch/view_rplidar_a2m7_launch.py
[0.384s] -- Up-to-date: /home/spaget/manipal/warehouse/src/ros2slam/install/rplidar_ros/share/rplidar_ros/launch/rplidar_a3_launch.py
[0.384s] -- Up-to-date: /home/spaget/manipal/warehouse/src/ros2slam/install/rplidar_ros/share/rplidar_ros/launch/view_rplidar_s1_tcp_launch.py
[0.384s] -- Up-to-date: /home/spaget/manipal/warehouse/src/ros2slam/install/rplidar_ros/share/rplidar_ros/launch/rplidar_t1_launch.py
[0.384s] -- Up-to-date: /home/spaget/manipal/warehouse/src/ros2slam/install/rplidar_ros/share/rplidar_ros/launch/view_rplidar_a1_launch.py
[0.384s] -- Up-to-date: /home/spaget/manipal/warehouse/src/ros2slam/install/rplidar_ros/share/rplidar_ros/launch/rplidar_a2m8_launch.py
[0.384s] -- Up-to-date: /home/spaget/manipal/warehouse/src/ros2slam/install/rplidar_ros/share/rplidar_ros/launch/view_rplidar_s2e_launch.py
[0.385s] -- Up-to-date: /home/spaget/manipal/warehouse/src/ros2slam/install/rplidar_ros/share/rplidar_ros/launch/view_rplidar_a2m8_launch.py
[0.385s] -- Up-to-date: /home/spaget/manipal/warehouse/src/ros2slam/install/rplidar_ros/share/rplidar_ros/launch/rplidar_a2m7_launch.py
[0.385s] -- Up-to-date: /home/spaget/manipal/warehouse/src/ros2slam/install/rplidar_ros/share/rplidar_ros/launch/rplidar_s3_launch.py
[0.385s] -- Up-to-date: /home/spaget/manipal/warehouse/src/ros2slam/install/rplidar_ros/share/rplidar_ros/launch/rplidar_s1_tcp_launch.py
[0.385s] -- Up-to-date: /home/spaget/manipal/warehouse/src/ros2slam/install/rplidar_ros/share/rplidar_ros/launch/view_rplidar_s1_launch.py
[0.385s] -- Up-to-date: /home/spaget/manipal/warehouse/src/ros2slam/install/rplidar_ros/share/rplidar_ros/launch/view_rplidar_s2_launch.py
[0.385s] -- Up-to-date: /home/spaget/manipal/warehouse/src/ros2slam/install/rplidar_ros/share/rplidar_ros/launch/rplidar_a2m12_launch.py
[0.385s] -- Up-to-date: /home/spaget/manipal/warehouse/src/ros2slam/install/rplidar_ros/share/rplidar_ros/launch/rplidar_s1_launch.py
[0.386s] -- Up-to-date: /home/spaget/manipal/warehouse/src/ros2slam/install/rplidar_ros/share/rplidar_ros/launch/rplidar_c1_launch.py
[0.386s] -- Up-to-date: /home/spaget/manipal/warehouse/src/ros2slam/install/rplidar_ros/share/rplidar_ros/launch/view_rplidar_a2m12_launch.py
[0.386s] -- Up-to-date: /home/spaget/manipal/warehouse/src/ros2slam/install/rplidar_ros/share/rplidar_ros/launch/view_rplidar_s3_launch.py
[0.386s] -- Up-to-date: /home/spaget/manipal/warehouse/src/ros2slam/install/rplidar_ros/share/rplidar_ros/launch/rplidar_a1_launch.py
[0.387s] -- Up-to-date: /home/spaget/manipal/warehouse/src/ros2slam/install/rplidar_ros/share/rplidar_ros/launch/view_rplidar_c1_launch.py
[0.387s] -- Up-to-date: /home/spaget/manipal/warehouse/src/ros2slam/install/rplidar_ros/share/rplidar_ros/launch/view_rplidar_a3_launch.py
[0.387s] -- Up-to-date: /home/spaget/manipal/warehouse/src/ros2slam/install/rplidar_ros/share/rplidar_ros/launch/rplidar_s2_launch.py
[0.387s] -- Up-to-date: /home/spaget/manipal/warehouse/src/ros2slam/install/rplidar_ros/share/rplidar_ros/launch/rplidar_s2e_launch.py
[0.387s] -- Up-to-date: /home/spaget/manipal/warehouse/src/ros2slam/install/rplidar_ros/share/rplidar_ros/rviz
[0.388s] -- Up-to-date: /home/spaget/manipal/warehouse/src/ros2slam/install/rplidar_ros/share/rplidar_ros/rviz/rplidar_ros.rviz
[0.388s] -- Up-to-date: /home/spaget/manipal/warehouse/src/ros2slam/install/rplidar_ros/lib/rplidar_ros/rplidar_node
[0.388s] -- Up-to-date: /home/spaget/manipal/warehouse/src/ros2slam/install/rplidar_ros/lib/rplidar_ros/rplidar_composition
[0.389s] -- Up-to-date: /home/spaget/manipal/warehouse/src/ros2slam/install/rplidar_ros/lib/rplidar_ros/rplidar_client
[0.389s] -- Up-to-date: /home/spaget/manipal/warehouse/src/ros2slam/install/rplidar_ros/share/ament_index/resource_index/package_run_dependencies/rplidar_ros
[0.390s] -- Up-to-date: /home/spaget/manipal/warehouse/src/ros2slam/install/rplidar_ros/share/ament_index/resource_index/parent_prefix_path/rplidar_ros
[0.390s] -- Up-to-date: /home/spaget/manipal/warehouse/src/ros2slam/install/rplidar_ros/share/rplidar_ros/environment/ament_prefix_path.sh
[0.390s] -- Up-to-date: /home/spaget/manipal/warehouse/src/ros2slam/install/rplidar_ros/share/rplidar_ros/environment/ament_prefix_path.dsv
[0.390s] -- Up-to-date: /home/spaget/manipal/warehouse/src/ros2slam/install/rplidar_ros/share/rplidar_ros/environment/path.sh
[0.390s] -- Up-to-date: /home/spaget/manipal/warehouse/src/ros2slam/install/rplidar_ros/share/rplidar_ros/environment/path.dsv
[0.390s] -- Up-to-date: /home/spaget/manipal/warehouse/src/ros2slam/install/rplidar_ros/share/rplidar_ros/local_setup.bash
[0.391s] -- Up-to-date: /home/spaget/manipal/warehouse/src/ros2slam/install/rplidar_ros/share/rplidar_ros/local_setup.sh
[0.391s] -- Up-to-date: /home/spaget/manipal/warehouse/src/ros2slam/install/rplidar_ros/share/rplidar_ros/local_setup.zsh
[0.391s] -- Up-to-date: /home/spaget/manipal/warehouse/src/ros2slam/install/rplidar_ros/share/rplidar_ros/local_setup.dsv
[0.391s] -- Installing: /home/spaget/manipal/warehouse/src/ros2slam/install/rplidar_ros/share/rplidar_ros/package.dsv
[0.391s] -- Up-to-date: /home/spaget/manipal/warehouse/src/ros2slam/install/rplidar_ros/share/ament_index/resource_index/packages/rplidar_ros
[0.391s] -- Up-to-date: /home/spaget/manipal/warehouse/src/ros2slam/install/rplidar_ros/share/rplidar_ros/cmake/ament_cmake_export_dependencies-extras.cmake
[0.391s] -- Up-to-date: /home/spaget/manipal/warehouse/src/ros2slam/install/rplidar_ros/share/rplidar_ros/cmake/ament_cmake_export_include_directories-extras.cmake
[0.392s] -- Up-to-date: /home/spaget/manipal/warehouse/src/ros2slam/install/rplidar_ros/share/rplidar_ros/cmake/rplidar_rosConfig.cmake
[0.392s] -- Up-to-date: /home/spaget/manipal/warehouse/src/ros2slam/install/rplidar_ros/share/rplidar_ros/cmake/rplidar_rosConfig-version.cmake
[0.393s] -- Up-to-date: /home/spaget/manipal/warehouse/src/ros2slam/install/rplidar_ros/share/rplidar_ros/package.xml
[0.393s] Invoked command in '/home/spaget/manipal/warehouse/src/ros2slam/build/rplidar_ros' returned '0': CMAKE_PREFIX_PATH=${CMAKE_PREFIX_PATH}:/home/spaget/manipal/warehouse/src/ros2slam/install/minibotslam:/opt/ros/humble /usr/bin/cmake --install /home/spaget/manipal/warehouse/src/ros2slam/build/rplidar_ros
