[0.230s] Invoking command in '/home/spaget/manipal/warehouse/src/ros2slam/build/my_robot_description': CMAKE_PREFIX_PATH=/opt/ros/humble /usr/bin/cmake /home/spaget/manipal/warehouse/src/ros2slam/src/my_robot_description -DCMAKE_INSTALL_PREFIX=/home/spaget/manipal/warehouse/src/ros2slam/install/my_robot_description
[0.331s] -- The C compiler identification is GNU 11.4.0
[0.417s] -- The CXX compiler identification is GNU 11.4.0
[0.430s] -- Detecting C compiler ABI info
[0.508s] -- Detecting C compiler ABI info - done
[0.517s] -- Check for working C compiler: /usr/bin/cc - skipped
[0.518s] -- Detecting C compile features
[0.518s] -- Detecting C compile features - done
[0.522s] -- Detecting CXX compiler ABI info
[0.612s] -- Detecting CXX compiler ABI info - done
[0.622s] -- Check for working CXX compiler: /usr/bin/c++ - skipped
[0.622s] -- Detecting CXX compile features
[0.623s] -- Detecting CXX compile features - done
[0.630s] -- Found ament_cmake: 1.3.11 (/opt/ros/humble/share/ament_cmake/cmake)
[1.068s] -- Found Python3: /usr/bin/python3 (found version "3.10.12") found components: Interpreter 
[1.275s] -- Configuring done
[1.277s] -- Generating done
[1.279s] -- Build files have been written to: /home/spaget/manipal/warehouse/src/ros2slam/build/my_robot_description
[1.284s] Invoked command in '/home/spaget/manipal/warehouse/src/ros2slam/build/my_robot_description' returned '0': CMAKE_PREFIX_PATH=/opt/ros/humble /usr/bin/cmake /home/spaget/manipal/warehouse/src/ros2slam/src/my_robot_description -DCMAKE_INSTALL_PREFIX=/home/spaget/manipal/warehouse/src/ros2slam/install/my_robot_description
[1.287s] Invoking command in '/home/spaget/manipal/warehouse/src/ros2slam/build/my_robot_description': CMAKE_PREFIX_PATH=/opt/ros/humble /usr/bin/cmake --build /home/spaget/manipal/warehouse/src/ros2slam/build/my_robot_description -- -j12 -l12
[1.329s] Invoked command in '/home/spaget/manipal/warehouse/src/ros2slam/build/my_robot_description' returned '0': CMAKE_PREFIX_PATH=/opt/ros/humble /usr/bin/cmake --build /home/spaget/manipal/warehouse/src/ros2slam/build/my_robot_description -- -j12 -l12
[1.341s] Invoking command in '/home/spaget/manipal/warehouse/src/ros2slam/build/my_robot_description': CMAKE_PREFIX_PATH=/opt/ros/humble /usr/bin/cmake --install /home/spaget/manipal/warehouse/src/ros2slam/build/my_robot_description
[1.348s] -- Install configuration: ""
[1.348s] -- Installing: /home/spaget/manipal/warehouse/src/ros2slam/install/my_robot_description/share/my_robot_description//urdf
[1.349s] -- Installing: /home/spaget/manipal/warehouse/src/ros2slam/install/my_robot_description/share/my_robot_description//urdf/mobile_base_gazebo.xacro
[1.349s] -- Installing: /home/spaget/manipal/warehouse/src/ros2slam/install/my_robot_description/share/my_robot_description//urdf/mobile_base.xacro
[1.349s] -- Installing: /home/spaget/manipal/warehouse/src/ros2slam/install/my_robot_description/share/my_robot_description//urdf/robot_controller.yaml
[1.349s] -- Installing: /home/spaget/manipal/warehouse/src/ros2slam/install/my_robot_description/share/my_robot_description//urdf/my_robot.urdf.xacro
[1.349s] -- Installing: /home/spaget/manipal/warehouse/src/ros2slam/install/my_robot_description/share/my_robot_description//urdf/my_wheeled_robot.urdf.xacro
[1.349s] -- Installing: /home/spaget/manipal/warehouse/src/ros2slam/install/my_robot_description/share/my_robot_description//urdf/common_properties.urdf.xacro
[1.349s] -- Installing: /home/spaget/manipal/warehouse/src/ros2slam/install/my_robot_description/share/my_robot_description//urdf/mobile_base_gazebo copy.xacro
[1.350s] -- Installing: /home/spaget/manipal/warehouse/src/ros2slam/install/my_robot_description/share/my_robot_description//urdf/my_robot_ros_control.xacro
[1.350s] -- Installing: /home/spaget/manipal/warehouse/src/ros2slam/install/my_robot_description/share/my_robot_description//launch
[1.350s] -- Installing: /home/spaget/manipal/warehouse/src/ros2slam/install/my_robot_description/share/my_robot_description//launch/display.launch.xml
[1.350s] -- Installing: /home/spaget/manipal/warehouse/src/ros2slam/install/my_robot_description/share/my_robot_description//launch/display.launch.py
[1.350s] -- Installing: /home/spaget/manipal/warehouse/src/ros2slam/install/my_robot_description/share/my_robot_description//launch/gazebo.launch.py
[1.350s] -- Installing: /home/spaget/manipal/warehouse/src/ros2slam/install/my_robot_description/share/my_robot_description//models
[1.351s] -- Installing: /home/spaget/manipal/warehouse/src/ros2slam/install/my_robot_description/share/my_robot_description//models/ground_plane
[1.351s] -- Installing: /home/spaget/manipal/warehouse/src/ros2slam/install/my_robot_description/share/my_robot_description//models/ground_plane/model-1_2.sdf
[1.351s] -- Installing: /home/spaget/manipal/warehouse/src/ros2slam/install/my_robot_description/share/my_robot_description//models/ground_plane/model.sdf
[1.351s] -- Installing: /home/spaget/manipal/warehouse/src/ros2slam/install/my_robot_description/share/my_robot_description//models/ground_plane/model.config
[1.351s] -- Installing: /home/spaget/manipal/warehouse/src/ros2slam/install/my_robot_description/share/my_robot_description//models/ground_plane/model-1_3.sdf
[1.351s] -- Installing: /home/spaget/manipal/warehouse/src/ros2slam/install/my_robot_description/share/my_robot_description//models/ground_plane/model-1_4.sdf
[1.351s] -- Installing: /home/spaget/manipal/warehouse/src/ros2slam/install/my_robot_description/share/my_robot_description//models/sun
[1.351s] -- Installing: /home/spaget/manipal/warehouse/src/ros2slam/install/my_robot_description/share/my_robot_description//models/sun/model-1_2.sdf
[1.352s] -- Installing: /home/spaget/manipal/warehouse/src/ros2slam/install/my_robot_description/share/my_robot_description//models/sun/model.sdf
[1.352s] -- Installing: /home/spaget/manipal/warehouse/src/ros2slam/install/my_robot_description/share/my_robot_description//models/sun/model.config
[1.352s] -- Installing: /home/spaget/manipal/warehouse/src/ros2slam/install/my_robot_description/share/my_robot_description//models/sun/model-1_3.sdf
[1.352s] -- Installing: /home/spaget/manipal/warehouse/src/ros2slam/install/my_robot_description/share/my_robot_description//models/sun/model-1_4.sdf
[1.352s] -- Installing: /home/spaget/manipal/warehouse/src/ros2slam/install/my_robot_description/share/my_robot_description//config
[1.352s] -- Installing: /home/spaget/manipal/warehouse/src/ros2slam/install/my_robot_description/share/my_robot_description//config/diff_drive_controller.yaml
[1.352s] -- Installing: /home/spaget/manipal/warehouse/src/ros2slam/install/my_robot_description/share/my_robot_description//config/robot_controller.yaml
[1.353s] -- Installing: /home/spaget/manipal/warehouse/src/ros2slam/install/my_robot_description/share/ament_index/resource_index/package_run_dependencies/my_robot_description
[1.353s] -- Installing: /home/spaget/manipal/warehouse/src/ros2slam/install/my_robot_description/share/ament_index/resource_index/parent_prefix_path/my_robot_description
[1.353s] -- Installing: /home/spaget/manipal/warehouse/src/ros2slam/install/my_robot_description/share/my_robot_description/environment/ament_prefix_path.sh
[1.353s] -- Installing: /home/spaget/manipal/warehouse/src/ros2slam/install/my_robot_description/share/my_robot_description/environment/ament_prefix_path.dsv
[1.353s] -- Installing: /home/spaget/manipal/warehouse/src/ros2slam/install/my_robot_description/share/my_robot_description/environment/path.sh
[1.353s] -- Installing: /home/spaget/manipal/warehouse/src/ros2slam/install/my_robot_description/share/my_robot_description/environment/path.dsv
[1.353s] -- Installing: /home/spaget/manipal/warehouse/src/ros2slam/install/my_robot_description/share/my_robot_description/local_setup.bash
[1.353s] -- Installing: /home/spaget/manipal/warehouse/src/ros2slam/install/my_robot_description/share/my_robot_description/local_setup.sh
[1.353s] -- Installing: /home/spaget/manipal/warehouse/src/ros2slam/install/my_robot_description/share/my_robot_description/local_setup.zsh
[1.354s] -- Installing: /home/spaget/manipal/warehouse/src/ros2slam/install/my_robot_description/share/my_robot_description/local_setup.dsv
[1.354s] -- Installing: /home/spaget/manipal/warehouse/src/ros2slam/install/my_robot_description/share/my_robot_description/package.dsv
[1.354s] -- Installing: /home/spaget/manipal/warehouse/src/ros2slam/install/my_robot_description/share/ament_index/resource_index/packages/my_robot_description
[1.354s] -- Installing: /home/spaget/manipal/warehouse/src/ros2slam/install/my_robot_description/share/my_robot_description/cmake/my_robot_descriptionConfig.cmake
[1.354s] -- Installing: /home/spaget/manipal/warehouse/src/ros2slam/install/my_robot_description/share/my_robot_description/cmake/my_robot_descriptionConfig-version.cmake
[1.354s] -- Installing: /home/spaget/manipal/warehouse/src/ros2slam/install/my_robot_description/share/my_robot_description/package.xml
[1.357s] Invoked command in '/home/spaget/manipal/warehouse/src/ros2slam/build/my_robot_description' returned '0': CMAKE_PREFIX_PATH=/opt/ros/humble /usr/bin/cmake --install /home/spaget/manipal/warehouse/src/ros2slam/build/my_robot_description
