[0.589s] Invoking command in '/home/spaget/manipal/warehouse/src/ros2slam/src/minibotslam': PYTHONPATH=/home/spaget/manipal/warehouse/src/ros2slam/build/minibotslam/prefix_override:/usr/lib/python3/dist-packages/colcon_core/task/python/colcon_distutils_commands:/home/spaget/manipal/warehouse/src/ros2slam/install/minibotslam/lib/python3.10/site-packages:${PYTHONPATH} /usr/bin/python3 -W ignore:setup.py install is deprecated -W ignore:easy_install command is deprecated setup.py egg_info --egg-base ../../build/minibotslam build --build-base /home/spaget/manipal/warehouse/src/ros2slam/build/minibotslam/build install --record /home/spaget/manipal/warehouse/src/ros2slam/build/minibotslam/install.log --single-version-externally-managed install_data
[0.702s] /home/spaget/.local/lib/python3.10/site-packages/setuptools/_distutils/dist.py:270: UserWarning: Unknown distribution option: 'tests_require'
[0.702s]   warnings.warn(msg)
[0.783s] running egg_info
[0.795s] writing ../../build/minibotslam/minibotslam.egg-info/PKG-INFO
[0.796s] writing dependency_links to ../../build/minibotslam/minibotslam.egg-info/dependency_links.txt
[0.796s] writing entry points to ../../build/minibotslam/minibotslam.egg-info/entry_points.txt
[0.796s] writing requirements to ../../build/minibotslam/minibotslam.egg-info/requires.txt
[0.796s] writing top-level names to ../../build/minibotslam/minibotslam.egg-info/top_level.txt
[0.823s] reading manifest file '../../build/minibotslam/minibotslam.egg-info/SOURCES.txt'
[0.824s] writing manifest file '../../build/minibotslam/minibotslam.egg-info/SOURCES.txt'
[0.824s] running build
[0.824s] running build_py
[0.824s] copying minibotslam/tf_updater.py -> /home/spaget/manipal/warehouse/src/ros2slam/build/minibotslam/build/lib/minibotslam
[0.825s] copying minibotslam/robotcontroller.py -> /home/spaget/manipal/warehouse/src/ros2slam/build/minibotslam/build/lib/minibotslam
[0.825s] copying minibotslam/__init__.py -> /home/spaget/manipal/warehouse/src/ros2slam/build/minibotslam/build/lib/minibotslam
[0.825s] running install
[0.829s] running install_lib
[0.843s] running install_data
[0.843s] copying resource/minibotslam -> /home/spaget/manipal/warehouse/src/ros2slam/install/minibotslam/share/ament_index/resource_index/packages
[0.843s] copying package.xml -> /home/spaget/manipal/warehouse/src/ros2slam/install/minibotslam/share/minibotslam
[0.843s] running install_egg_info
[0.857s] removing '/home/spaget/manipal/warehouse/src/ros2slam/install/minibotslam/lib/python3.10/site-packages/minibotslam-0.0.0-py3.10.egg-info' (and everything under it)
[0.857s] Copying ../../build/minibotslam/minibotslam.egg-info to /home/spaget/manipal/warehouse/src/ros2slam/install/minibotslam/lib/python3.10/site-packages/minibotslam-0.0.0-py3.10.egg-info
[0.858s] running install_scripts
[0.963s] Installing tf_updater script to /home/spaget/manipal/warehouse/src/ros2slam/install/minibotslam/lib/minibotslam
[0.963s] writing list of installed files to '/home/spaget/manipal/warehouse/src/ros2slam/build/minibotslam/install.log'
[0.983s] Invoked command in '/home/spaget/manipal/warehouse/src/ros2slam/src/minibotslam' returned '0': PYTHONPATH=/home/spaget/manipal/warehouse/src/ros2slam/build/minibotslam/prefix_override:/usr/lib/python3/dist-packages/colcon_core/task/python/colcon_distutils_commands:/home/spaget/manipal/warehouse/src/ros2slam/install/minibotslam/lib/python3.10/site-packages:${PYTHONPATH} /usr/bin/python3 -W ignore:setup.py install is deprecated -W ignore:easy_install command is deprecated setup.py egg_info --egg-base ../../build/minibotslam build --build-base /home/spaget/manipal/warehouse/src/ros2slam/build/minibotslam/build install --record /home/spaget/manipal/warehouse/src/ros2slam/build/minibotslam/install.log --single-version-externally-managed install_data
