running egg_info
writing ../../build/minibotslam/minibotslam.egg-info/PKG-INFO
writing dependency_links to ../../build/minibotslam/minibotslam.egg-info/dependency_links.txt
writing entry points to ../../build/minibotslam/minibotslam.egg-info/entry_points.txt
writing requirements to ../../build/minibotslam/minibotslam.egg-info/requires.txt
writing top-level names to ../../build/minibotslam/minibotslam.egg-info/top_level.txt
reading manifest file '../../build/minibotslam/minibotslam.egg-info/SOURCES.txt'
writing manifest file '../../build/minibotslam/minibotslam.egg-info/SOURCES.txt'
running build
running build_py
copying minibotslam/tf_updater.py -> /home/spaget/manipal/warehouse/src/ros2slam/build/minibotslam/build/lib/minibotslam
copying minibotslam/robotcontroller.py -> /home/spaget/manipal/warehouse/src/ros2slam/build/minibotslam/build/lib/minibotslam
copying minibotslam/__init__.py -> /home/spaget/manipal/warehouse/src/ros2slam/build/minibotslam/build/lib/minibotslam
running install
running install_lib
running install_data
copying resource/minibotslam -> /home/spaget/manipal/warehouse/src/ros2slam/install/minibotslam/share/ament_index/resource_index/packages
copying package.xml -> /home/spaget/manipal/warehouse/src/ros2slam/install/minibotslam/share/minibotslam
running install_egg_info
removing '/home/spaget/manipal/warehouse/src/ros2slam/install/minibotslam/lib/python3.10/site-packages/minibotslam-0.0.0-py3.10.egg-info' (and everything under it)
Copying ../../build/minibotslam/minibotslam.egg-info to /home/spaget/manipal/warehouse/src/ros2slam/install/minibotslam/lib/python3.10/site-packages/minibotslam-0.0.0-py3.10.egg-info
running install_scripts
Installing tf_updater script to /home/spaget/manipal/warehouse/src/ros2slam/install/minibotslam/lib/minibotslam
writing list of installed files to '/home/spaget/manipal/warehouse/src/ros2slam/build/minibotslam/install.log'
